<Начало обработки> - 2018-02-28 15:54:59
ЛОГИЧЕСКИЙ КОНТРОЛЬ ТЕКСТОВЫХ ДАННЫХ: F2-201802-1114.sdf
Файл инструкций логического контроля: F2-201802-1114-2018022814212146714356.lus
Файл формата базы: F2-201802-1114-2018022814212146714356.fmt
Файл паспорта: F2-201802-1114-2018022814212146714356.psp
Включена проверка нормативно-справочной информации (НСИ) файл справочников: SPR-201802-2018022814212146714356.spr
Последовательный файл: F2-201802-1114.sdf
Файл для вывода среза: F2-201802-1114-2018022814212146714356.bd

!!!ОШИБКИ!!! В ЗАПИСИ #1:
КЛЮЧЕВЫЕ РЕКВИЗИТЫ ЗАПИСИ:
  Р[2-3.3-1] (Вид уголовного дела или материала проверки): 1
  Р[2-3.3-2] (Последние две цифры года..): 17
  Р[2-3.3-3] (Уникальный восьмиразрядный код подразделения): 01140004
  Р[2-3.3-4] (Присвоенный при регистрации порядковый номер уголовного дела..): 004000217
  Р[2-4-1] (Номер лица, совершившего преступление): 02
<<<ЛОГИЧЕСКИЕ ОШИБКИ>>>
При заполнении данного 48 Р[2-48] формы 2 должно быть заполнено данное 45 Р[2-45]!
  Поле Р[2-48] =   4 
  Поле Р[2-45] =   

!!!ОШИБКИ!!! В ЗАПИСИ #5:
КЛЮЧЕВЫЕ РЕКВИЗИТЫ ЗАПИСИ:
  Р[2-3.3-1] (Вид уголовного дела или материала проверки): 1
  Р[2-3.3-2] (Последние две цифры года..): 17
  Р[2-3.3-3] (Уникальный восьмиразрядный код подразделения): 01140004
  Р[2-3.3-4] (Присвоенный при регистрации порядковый номер уголовного дела..): 004000337
  Р[2-4-1] (Номер лица, совершившего преступление): 01
<<<ЛОГИЧЕСКИЕ ОШИБКИ>>>
При заполнении данного 47 Р[2-47] формы 2 должно быть заполнено данное 45 Р[2-45] (при условии, что судимость не погашена)!
  Поле Р[2-47] = 2 
  Поле Р[2-45] =   

!!!ОШИБКИ!!! В ЗАПИСИ #7:
КЛЮЧЕВЫЕ РЕКВИЗИТЫ ЗАПИСИ:
  Р[2-3.3-1] (Вид уголовного дела или материала проверки): 1
  Р[2-3.3-2] (Последние две цифры года..): 17
  Р[2-3.3-3] (Уникальный восьмиразрядный код подразделения): 01140004
  Р[2-3.3-4] (Присвоенный при регистрации порядковый номер уголовного дела..): 004000348
  Р[2-4-1] (Номер лица, совершившего преступление): 01
===ОШИБКИ НСИ===
Поле: Р[2-21.1-1] Реализация: 1 Значение: 158030 - Нет в справочнике 113 - Состав УК РФ

!!!ОШИБКИ!!! В ЗАПИСИ #8:
КЛЮЧЕВЫЕ РЕКВИЗИТЫ ЗАПИСИ:
  Р[2-3.3-1] (Вид уголовного дела или материала проверки): 1
  Р[2-3.3-2] (Последние две цифры года..): 17
  Р[2-3.3-3] (Уникальный восьмиразрядный код подразделения): 01140004
  Р[2-3.3-4] (Присвоенный при регистрации порядковый номер уголовного дела..): 004000353
  Р[2-4-1] (Номер лица, совершившего преступление): 01
<<<ЛОГИЧЕСКИЕ ОШИБКИ>>>
Заполните цель приезда Р[2-16] у иностранца Р[2-13]!
  Поле Р[2-13] =  737 
  Поле Р[2-16] =  

!!!ОШИБКИ!!! В ЗАПИСИ #12:
КЛЮЧЕВЫЕ РЕКВИЗИТЫ ЗАПИСИ:
  Р[2-3.3-1] (Вид уголовного дела или материала проверки): 3
  Р[2-3.3-2] (Последние две цифры года..): 18
  Р[2-3.3-3] (Уникальный восьмиразрядный код подразделения): 01140004
  Р[2-3.3-4] (Присвоенный при регистрации порядковый номер уголовного дела..): 004000002
  Р[2-4-1] (Номер лица, совершившего преступление): 01
===ОШИБКИ НСИ===
Поле: Р[2-3-1] Реализация: 1 Значение: 3 - Нет в справочнике 103 - Вид учета

!!!ОШИБКИ!!! В ЗАПИСИ #22:
КЛЮЧЕВЫЕ РЕКВИЗИТЫ ЗАПИСИ:
  Р[2-3.3-1] (Вид уголовного дела или материала проверки): 1
  Р[2-3.3-2] (Последние две цифры года..): 17
  Р[2-3.3-3] (Уникальный восьмиразрядный код подразделения): 01140004
  Р[2-3.3-4] (Присвоенный при регистрации порядковый номер уголовного дела..): 004000329
  Р[2-4-1] (Номер лица, совершившего преступление): 01
<<<ЛОГИЧЕСКИЕ ОШИБКИ>>>
При заполнении данного 47 Р[2-47] формы 2 должно быть заполнено данное 45 Р[2-45] (при условии, что судимость не погашена)!
  Поле Р[2-47] = 2 
  Поле Р[2-45] =   

!!!ОШИБКИ!!! В ЗАПИСИ #30:
КЛЮЧЕВЫЕ РЕКВИЗИТЫ ЗАПИСИ:
  Р[2-3.3-1] (Вид уголовного дела или материала проверки): 1
  Р[2-3.3-2] (Последние две цифры года..): 18
  Р[2-3.3-3] (Уникальный восьмиразрядный код подразделения): 01140004
  Р[2-3.3-4] (Присвоенный при регистрации порядковый номер уголовного дела..): 004000013
  Р[2-4-1] (Номер лица, совершившего преступление): 01
<<<ЛОГИЧЕСКИЕ ОШИБКИ>>>
При заполнении данного 47 Р[2-47] формы 2 должно быть заполнено данное 45 Р[2-45] (при условии, что судимость не погашена)!
  Поле Р[2-47] = 2 
  Поле Р[2-45] =   

!!!ОШИБКИ!!! В ЗАПИСИ #38:
КЛЮЧЕВЫЕ РЕКВИЗИТЫ ЗАПИСИ:
  Р[2-3.3-1] (Вид уголовного дела или материала проверки): 1
  Р[2-3.3-2] (Последние две цифры года..): 14
  Р[2-3.3-3] (Уникальный восьмиразрядный код подразделения): 0014000К
  Р[2-3.3-4] (Присвоенный при регистрации порядковый номер уголовного дела..): 003900000
  Р[2-4-1] (Номер лица, совершившего преступление): 01
***ФОРМАТНЫЕ ОШИБКИ***
Встречен не цифровой символ в значении поля Р[2-3-3].1 (= 14000К040)
Встречен не цифровой символ в значении поля Р[2-3.3-3].1 (= 0014000К)
<<<ЛОГИЧЕСКИЕ ОШИБКИ>>>
При заполнении данного 47 Р[2-47] формы 2 должно быть заполнено данное 45 Р[2-45] (при условии, что судимость не погашена)!
  Поле Р[2-47] = 2 
  Поле Р[2-45] =   

!!!ОШИБКИ!!! В ЗАПИСИ #39:
КЛЮЧЕВЫЕ РЕКВИЗИТЫ ЗАПИСИ:
  Р[2-3.3-1] (Вид уголовного дела или материала проверки): 1
  Р[2-3.3-2] (Последние две цифры года..): 15
  Р[2-3.3-3] (Уникальный восьмиразрядный код подразделения): 0014000К
  Р[2-3.3-4] (Присвоенный при регистрации порядковый номер уголовного дела..): 000300000
  Р[2-4-1] (Номер лица, совершившего преступление): 01
***ФОРМАТНЫЕ ОШИБКИ***
Встречен не цифровой символ в значении поля Р[2-3-3].1 (= 14000К040)
Встречен не цифровой символ в значении поля Р[2-3.3-3].1 (= 0014000К)

!!!ОШИБКИ!!! В ЗАПИСИ #40:
КЛЮЧЕВЫЕ РЕКВИЗИТЫ ЗАПИСИ:
  Р[2-3.3-1] (Вид уголовного дела или материала проверки): 3
  Р[2-3.3-2] (Последние две цифры года..): 18
  Р[2-3.3-3] (Уникальный восьмиразрядный код подразделения): 01140004
  Р[2-3.3-4] (Присвоенный при регистрации порядковый номер уголовного дела..): 004000001
  Р[2-4-1] (Номер лица, совершившего преступление): 01
***ФОРМАТНЫЕ ОШИБКИ***
Обнаружено 'пустое'(NULL) значение ОБЯЗАТЕЛЬНОГО к заполнению поля Р[2-4-2] !
Обнаружено 'пустое'(NULL) значение ОБЯЗАТЕЛЬНОГО к заполнению поля Р[2-4-3] !
<<<ЛОГИЧЕСКИЕ ОШИБКИ>>>
Количество преступлений, совершённых лицом, Р[2-4-2] должно быть указан обязательно!!!
  Поле Р[2-4-2] =  
Номер преступления в уголовном деле Р[2-4-3] должен быть указан обязательно!!!
  Поле Р[2-4-3] =    
===ОШИБКИ НСИ===
Поле: Р[2-3-1] Реализация: 1 Значение: 3 - Нет в справочнике 103 - Вид учета

!!!ОШИБКИ!!! В ЗАПИСИ #78:
КЛЮЧЕВЫЕ РЕКВИЗИТЫ ЗАПИСИ:
  Р[2-3.3-1] (Вид уголовного дела или материала проверки): 1
  Р[2-3.3-2] (Последние две цифры года..): 17
  Р[2-3.3-3] (Уникальный восьмиразрядный код подразделения): 01140007
  Р[2-3.3-4] (Присвоенный при регистрации порядковый номер уголовного дела..): 007001237
  Р[2-4-1] (Номер лица, совершившего преступление): 01
<<<ЛОГИЧЕСКИЕ ОШИБКИ>>>
Заполните цель приезда Р[2-16] у иностранца Р[2-13]!
  Поле Р[2-13] =  737 
  Поле Р[2-16] =  

!!!ОШИБКИ!!! В ЗАПИСИ #91:
КЛЮЧЕВЫЕ РЕКВИЗИТЫ ЗАПИСИ:
  Р[2-3.3-1] (Вид уголовного дела или материала проверки): 1
  Р[2-3.3-2] (Последние две цифры года..): 18
  Р[2-3.3-3] (Уникальный восьмиразрядный код подразделения): 01140007
  Р[2-3.3-4] (Присвоенный при регистрации порядковый номер уголовного дела..): 007000042
  Р[2-4-1] (Номер лица, совершившего преступление): 01
<<<ЛОГИЧЕСКИЕ ОШИБКИ>>>
При заполнении данного 47 Р[2-47] формы 2 должно быть заполнено данное 45 Р[2-45] (при условии, что судимость не погашена)!
  Поле Р[2-47] = 2 
  Поле Р[2-45] =   

!!!ОШИБКИ!!! В ЗАПИСИ #93:
КЛЮЧЕВЫЕ РЕКВИЗИТЫ ЗАПИСИ:
  Р[2-3.3-1] (Вид уголовного дела или материала проверки): 1
  Р[2-3.3-2] (Последние две цифры года..): 18
  Р[2-3.3-3] (Уникальный восьмиразрядный код подразделения): 01140007
  Р[2-3.3-4] (Присвоенный при регистрации порядковый номер уголовного дела..): 007000059
  Р[2-4-1] (Номер лица, совершившего преступление): 01
<<<ЛОГИЧЕСКИЕ ОШИБКИ>>>
Заполните цель приезда Р[2-16] у иностранца Р[2-13]!
  Поле Р[2-13] =  737 
  Поле Р[2-16] =  

!!!ОШИБКИ!!! В ЗАПИСИ #126:
КЛЮЧЕВЫЕ РЕКВИЗИТЫ ЗАПИСИ:
  Р[2-3.3-1] (Вид уголовного дела или материала проверки): 1
  Р[2-3.3-2] (Последние две цифры года..): 18
  Р[2-3.3-3] (Уникальный восьмиразрядный код подразделения): 01140008
  Р[2-3.3-4] (Присвоенный при регистрации порядковый номер уголовного дела..): 008000011
  Р[2-4-1] (Номер лица, совершившего преступление): 01
<<<ЛОГИЧЕСКИЕ ОШИБКИ>>>
При заполнении данного 47 Р[2-47] формы 2 должно быть заполнено данное 45 Р[2-45] (при условии, что судимость не погашена)!
  Поле Р[2-47] = 2 
  Поле Р[2-45] =   

!!!ОШИБКИ!!! В ЗАПИСИ #128:
КЛЮЧЕВЫЕ РЕКВИЗИТЫ ЗАПИСИ:
  Р[2-3.3-1] (Вид уголовного дела или материала проверки): 1
  Р[2-3.3-2] (Последние две цифры года..): 18
  Р[2-3.3-3] (Уникальный восьмиразрядный код подразделения): 01140008
  Р[2-3.3-4] (Присвоенный при регистрации порядковый номер уголовного дела..): 008000016
  Р[2-4-1] (Номер лица, совершившего преступление): 01
<<<ЛОГИЧЕСКИЕ ОШИБКИ>>>
При заполнении данного 47 Р[2-47] формы 2 должно быть заполнено данное 45 Р[2-45] (при условии, что судимость не погашена)!
  Поле Р[2-47] = 1 
  Поле Р[2-45] =   

!!!ОШИБКИ!!! В ЗАПИСИ #129:
КЛЮЧЕВЫЕ РЕКВИЗИТЫ ЗАПИСИ:
  Р[2-3.3-1] (Вид уголовного дела или материала проверки): 1
  Р[2-3.3-2] (Последние две цифры года..): 17
  Р[2-3.3-3] (Уникальный восьмиразрядный код подразделения): 01140005
  Р[2-3.3-4] (Присвоенный при регистрации порядковый номер уголовного дела..): 005000265
  Р[2-4-1] (Номер лица, совершившего преступление): 01
<<<ЛОГИЧЕСКИЕ ОШИБКИ>>>
При заполнении данного 47 Р[2-47] формы 2 должно быть заполнено данное 45 Р[2-45] (при условии, что судимость не погашена)!
  Поле Р[2-47] = 2 
  Поле Р[2-45] =   

!!!ОШИБКИ!!! В ЗАПИСИ #131:
КЛЮЧЕВЫЕ РЕКВИЗИТЫ ЗАПИСИ:
  Р[2-3.3-1] (Вид уголовного дела или материала проверки): 1
  Р[2-3.3-2] (Последние две цифры года..): 17
  Р[2-3.3-3] (Уникальный восьмиразрядный код подразделения): 01140005
  Р[2-3.3-4] (Присвоенный при регистрации порядковый номер уголовного дела..): 005000381
  Р[2-4-1] (Номер лица, совершившего преступление): 01
<<<ЛОГИЧЕСКИЕ ОШИБКИ>>>
При заполнении данного 47 Р[2-47] формы 2 должно быть заполнено данное 45 Р[2-45] (при условии, что судимость не погашена)!
  Поле Р[2-47] = 2 
  Поле Р[2-45] =   

!!!ОШИБКИ!!! В ЗАПИСИ #138:
КЛЮЧЕВЫЕ РЕКВИЗИТЫ ЗАПИСИ:
  Р[2-3.3-1] (Вид уголовного дела или материала проверки): 1
  Р[2-3.3-2] (Последние две цифры года..): 18
  Р[2-3.3-3] (Уникальный восьмиразрядный код подразделения): 07140001
  Р[2-3.3-4] (Присвоенный при регистрации порядковый номер уголовного дела..): 001000001
  Р[2-4-1] (Номер лица, совершившего преступление): 01
<<<ЛОГИЧЕСКИЕ ОШИБКИ>>>
Для данной квалификации не может быть покушения Р[2-25]
  Поле Р[2-21.1-1] = 322003 
  Поле Р[2-25] = 2 

!!!ОШИБКИ!!! В ЗАПИСИ #139:
КЛЮЧЕВЫЕ РЕКВИЗИТЫ ЗАПИСИ:
  Р[2-3.3-1] (Вид уголовного дела или материала проверки): 1
  Р[2-3.3-2] (Последние две цифры года..): 18
  Р[2-3.3-3] (Уникальный восьмиразрядный код подразделения): 07140001
  Р[2-3.3-4] (Присвоенный при регистрации порядковый номер уголовного дела..): 001000001
  Р[2-4-1] (Номер лица, совершившего преступление): 02
<<<ЛОГИЧЕСКИЕ ОШИБКИ>>>
Для данной квалификации не может быть покушения Р[2-25]
  Поле Р[2-21.1-1] = 322003 
  Поле Р[2-25] = 2 

!!!ОШИБКИ!!! В ЗАПИСИ #145:
КЛЮЧЕВЫЕ РЕКВИЗИТЫ ЗАПИСИ:
  Р[2-3.3-1] (Вид уголовного дела или материала проверки): 1
  Р[2-3.3-2] (Последние две цифры года..): 17
  Р[2-3.3-3] (Уникальный восьмиразрядный код подразделения): 01140005
  Р[2-3.3-4] (Присвоенный при регистрации порядковый номер уголовного дела..): 005000396
  Р[2-4-1] (Номер лица, совершившего преступление): 01
<<<ЛОГИЧЕСКИЕ ОШИБКИ>>>
Заполните цель приезда Р[2-16] у иностранца Р[2-13]!
  Поле Р[2-13] =  485 
  Поле Р[2-16] =  

!!!ОШИБКИ!!! В ЗАПИСИ #146:
КЛЮЧЕВЫЕ РЕКВИЗИТЫ ЗАПИСИ:
  Р[2-3.3-1] (Вид уголовного дела или материала проверки): 1
  Р[2-3.3-2] (Последние две цифры года..): 17
  Р[2-3.3-3] (Уникальный восьмиразрядный код подразделения): 01140005
  Р[2-3.3-4] (Присвоенный при регистрации порядковый номер уголовного дела..): 005000403
  Р[2-4-1] (Номер лица, совершившего преступление): 01
<<<ЛОГИЧЕСКИЕ ОШИБКИ>>>
При заполнении данного 47 Р[2-47] формы 2 должно быть заполнено данное 45 Р[2-45] (при условии, что судимость не погашена)!
  Поле Р[2-47] = 1 
  Поле Р[2-45] =   

!!!ОШИБКИ!!! В ЗАПИСИ #162:
КЛЮЧЕВЫЕ РЕКВИЗИТЫ ЗАПИСИ:
  Р[2-3.3-1] (Вид уголовного дела или материала проверки): 4
  Р[2-3.3-2] (Последние две цифры года..): 18
  Р[2-3.3-3] (Уникальный восьмиразрядный код подразделения): 01140005
  Р[2-3.3-4] (Присвоенный при регистрации порядковый номер уголовного дела..): 005000008
  Р[2-4-1] (Номер лица, совершившего преступление): 01
===ОШИБКИ НСИ===
Поле: Р[2-3-1] Реализация: 1 Значение: 4 - Нет в справочнике 103 - Вид учета

!!!ОШИБКИ!!! В ЗАПИСИ #171:
КЛЮЧЕВЫЕ РЕКВИЗИТЫ ЗАПИСИ:
  Р[2-3.3-1] (Вид уголовного дела или материала проверки): 1
  Р[2-3.3-2] (Последние две цифры года..): 17
  Р[2-3.3-3] (Уникальный восьмиразрядный код подразделения): 01140009
  Р[2-3.3-4] (Присвоенный при регистрации порядковый номер уголовного дела..): 009000103
  Р[2-4-1] (Номер лица, совершившего преступление): 01
<<<ЛОГИЧЕСКИЕ ОШИБКИ>>>
При заполнении данного 47 Р[2-47] формы 2 должно быть заполнено данное 45 Р[2-45] (при условии, что судимость не погашена)!
  Поле Р[2-47] = 2 
  Поле Р[2-45] =   

!!!ОШИБКИ!!! В ЗАПИСИ #181:
КЛЮЧЕВЫЕ РЕКВИЗИТЫ ЗАПИСИ:
  Р[2-3.3-1] (Вид уголовного дела или материала проверки): 1
  Р[2-3.3-2] (Последние две цифры года..): 17
  Р[2-3.3-3] (Уникальный восьмиразрядный код подразделения): 01140010
  Р[2-3.3-4] (Присвоенный при регистрации порядковый номер уголовного дела..): 010000155
  Р[2-4-1] (Номер лица, совершившего преступление): 01
<<<ЛОГИЧЕСКИЕ ОШИБКИ>>>
Цифры в пункте Р[2-21.1-2] НЕ допускаются, кроме ИСКЛЮЧЕНИЯ Е1! ПРОВЕРЬ!!!
  Поле Р[2-21.1-2] = 3     

!!!ОШИБКИ!!! В ЗАПИСИ #182:
КЛЮЧЕВЫЕ РЕКВИЗИТЫ ЗАПИСИ:
  Р[2-3.3-1] (Вид уголовного дела или материала проверки): 1
  Р[2-3.3-2] (Последние две цифры года..): 17
  Р[2-3.3-3] (Уникальный восьмиразрядный код подразделения): 01140010
  Р[2-3.3-4] (Присвоенный при регистрации порядковый номер уголовного дела..): 010000165
  Р[2-4-1] (Номер лица, совершившего преступление): 01
<<<ЛОГИЧЕСКИЕ ОШИБКИ>>>
При заполнении данного 47 Р[2-47] формы 2 должно быть заполнено данное 45 Р[2-45] (при условии, что судимость не погашена)!
  Поле Р[2-47] = 1 
  Поле Р[2-45] =   

!!!ОШИБКИ!!! В ЗАПИСИ #187:
КЛЮЧЕВЫЕ РЕКВИЗИТЫ ЗАПИСИ:
  Р[2-3.3-1] (Вид уголовного дела или материала проверки): 1
  Р[2-3.3-2] (Последние две цифры года..): 18
  Р[2-3.3-3] (Уникальный восьмиразрядный код подразделения): 01140010
  Р[2-3.3-4] (Присвоенный при регистрации порядковый номер уголовного дела..): 010000007
  Р[2-4-1] (Номер лица, совершившего преступление): 01
<<<ЛОГИЧЕСКИЕ ОШИБКИ>>>
Дата поступления ф.2 Р[2-6] < Дата возбуждения дела  Р[2-3.1]
  Поле Р[2-3.1] = 20180215 
  Поле Р[2-6] = 20180214 
Дата направления ф.2 Р[2-5] < Дата возбуждения дела  Р[2-3.1]
  Поле Р[2-3.1] = 20180215 
  Поле Р[2-5] = 20180214 

!!!ОШИБКИ!!! В ЗАПИСИ #208:
КЛЮЧЕВЫЕ РЕКВИЗИТЫ ЗАПИСИ:
  Р[2-3.3-1] (Вид уголовного дела или материала проверки): 1
  Р[2-3.3-2] (Последние две цифры года..): 17
  Р[2-3.3-3] (Уникальный восьмиразрядный код подразделения): 01140003
  Р[2-3.3-4] (Присвоенный при регистрации порядковый номер уголовного дела..): 003000531
  Р[2-4-1] (Номер лица, совершившего преступление): 01
<<<ЛОГИЧЕСКИЕ ОШИБКИ>>>
При заполнении данного 48 Р[2-48] формы 2 должно быть заполнено данное 45 Р[2-45]!
  Поле Р[2-48] =   4 
  Поле Р[2-45] =   

!!!ОШИБКИ!!! В ЗАПИСИ #214:
КЛЮЧЕВЫЕ РЕКВИЗИТЫ ЗАПИСИ:
  Р[2-3.3-1] (Вид уголовного дела или материала проверки): 1
  Р[2-3.3-2] (Последние две цифры года..): 17
  Р[2-3.3-3] (Уникальный восьмиразрядный код подразделения): 01140003
  Р[2-3.3-4] (Присвоенный при регистрации порядковый номер уголовного дела..): 003000658
  Р[2-4-1] (Номер лица, совершившего преступление): 01
<<<ЛОГИЧЕСКИЕ ОШИБКИ>>>
При заполнении данного 47 Р[2-47] формы 2 должно быть заполнено данное 45 Р[2-45] (при условии, что судимость не погашена)!
  Поле Р[2-47] = 1 
  Поле Р[2-45] =   

!!!ОШИБКИ!!! В ЗАПИСИ #222:
КЛЮЧЕВЫЕ РЕКВИЗИТЫ ЗАПИСИ:
  Р[2-3.3-1] (Вид уголовного дела или материала проверки): 1
  Р[2-3.3-2] (Последние две цифры года..): 17
  Р[2-3.3-3] (Уникальный восьмиразрядный код подразделения): 01140003
  Р[2-3.3-4] (Присвоенный при регистрации порядковый номер уголовного дела..): 003000796
  Р[2-4-1] (Номер лица, совершившего преступление): 01
<<<ЛОГИЧЕСКИЕ ОШИБКИ>>>
При заполнении данного 47 Р[2-47] формы 2 должно быть заполнено данное 45 Р[2-45] (при условии, что судимость не погашена)!
  Поле Р[2-47] = 1 
  Поле Р[2-45] =   
При заполнении данного 48 Р[2-48] формы 2 должно быть заполнено данное 45 Р[2-45]!
  Поле Р[2-48] =   1 
  Поле Р[2-45] =   

!!!ОШИБКИ!!! В ЗАПИСИ #271:
КЛЮЧЕВЫЕ РЕКВИЗИТЫ ЗАПИСИ:
  Р[2-3.3-1] (Вид уголовного дела или материала проверки): 1
  Р[2-3.3-2] (Последние две цифры года..): 17
  Р[2-3.3-3] (Уникальный восьмиразрядный код подразделения): 01140023
  Р[2-3.3-4] (Присвоенный при регистрации порядковый номер уголовного дела..): 023000120
  Р[2-4-1] (Номер лица, совершившего преступление): 01
===ОШИБКИ НСИ===
Поле: Р[2-31.1] Реализация: 2 Значение: 11346 - Нет суммы разрядов в справочнике 4 - Оружие, боеприпасы и взрывчатые материалы

!!!ОШИБКИ!!! В ЗАПИСИ #284:
КЛЮЧЕВЫЕ РЕКВИЗИТЫ ЗАПИСИ:
  Р[2-3.3-1] (Вид уголовного дела или материала проверки): 1
  Р[2-3.3-2] (Последние две цифры года..): 17
  Р[2-3.3-3] (Уникальный восьмиразрядный код подразделения): 01140012
  Р[2-3.3-4] (Присвоенный при регистрации порядковый номер уголовного дела..): 012000232
  Р[2-4-1] (Номер лица, совершившего преступление): 01
<<<ЛОГИЧЕСКИЕ ОШИБКИ>>>
При заполнении данного 47 Р[2-47] формы 2 должно быть заполнено данное 45 Р[2-45] (при условии, что судимость не погашена)!
  Поле Р[2-47] = 2 
  Поле Р[2-45] =   

!!!ОШИБКИ!!! В ЗАПИСИ #285:
КЛЮЧЕВЫЕ РЕКВИЗИТЫ ЗАПИСИ:
  Р[2-3.3-1] (Вид уголовного дела или материала проверки): 1
  Р[2-3.3-2] (Последние две цифры года..): 17
  Р[2-3.3-3] (Уникальный восьмиразрядный код подразделения): 01140012
  Р[2-3.3-4] (Присвоенный при регистрации порядковый номер уголовного дела..): 012000237
  Р[2-4-1] (Номер лица, совершившего преступление): 01
===ОШИБКИ НСИ===
Поле: Р[2-33] Реализация: 1 Значение: 01 - Нет в справочнике 12 - Способ совершения преступления

!!!ОШИБКИ!!! В ЗАПИСИ #287:
КЛЮЧЕВЫЕ РЕКВИЗИТЫ ЗАПИСИ:
  Р[2-3.3-1] (Вид уголовного дела или материала проверки): 1
  Р[2-3.3-2] (Последние две цифры года..): 17
  Р[2-3.3-3] (Уникальный восьмиразрядный код подразделения): 01140012
  Р[2-3.3-4] (Присвоенный при регистрации порядковый номер уголовного дела..): 012000240
  Р[2-4-1] (Номер лица, совершившего преступление): 01
===ОШИБКИ НСИ===
Поле: Р[2-33] Реализация: 1 Значение: 01 - Нет в справочнике 12 - Способ совершения преступления

!!!ОШИБКИ!!! В ЗАПИСИ #291:
КЛЮЧЕВЫЕ РЕКВИЗИТЫ ЗАПИСИ:
  Р[2-3.3-1] (Вид уголовного дела или материала проверки): 1
  Р[2-3.3-2] (Последние две цифры года..): 17
  Р[2-3.3-3] (Уникальный восьмиразрядный код подразделения): 01140012
  Р[2-3.3-4] (Присвоенный при регистрации порядковый номер уголовного дела..): 012000246
  Р[2-4-1] (Номер лица, совершившего преступление): 01
<<<ЛОГИЧЕСКИЕ ОШИБКИ>>>
При заполнении данного 47 Р[2-47] формы 2 должно быть заполнено данное 45 Р[2-45] (при условии, что судимость не погашена)!
  Поле Р[2-47] = 2 
  Поле Р[2-45] =   

!!!ОШИБКИ!!! В ЗАПИСИ #292:
КЛЮЧЕВЫЕ РЕКВИЗИТЫ ЗАПИСИ:
  Р[2-3.3-1] (Вид уголовного дела или материала проверки): 1
  Р[2-3.3-2] (Последние две цифры года..): 17
  Р[2-3.3-3] (Уникальный восьмиразрядный код подразделения): 01140012
  Р[2-3.3-4] (Присвоенный при регистрации порядковый номер уголовного дела..): 012000246
  Р[2-4-1] (Номер лица, совершившего преступление): 02
<<<ЛОГИЧЕСКИЕ ОШИБКИ>>>
При заполнении данного 47 Р[2-47] формы 2 должно быть заполнено данное 45 Р[2-45] (при условии, что судимость не погашена)!
  Поле Р[2-47] = 2 
  Поле Р[2-45] =   

!!!ОШИБКИ!!! В ЗАПИСИ #294:
КЛЮЧЕВЫЕ РЕКВИЗИТЫ ЗАПИСИ:
  Р[2-3.3-1] (Вид уголовного дела или материала проверки): 1
  Р[2-3.3-2] (Последние две цифры года..): 17
  Р[2-3.3-3] (Уникальный восьмиразрядный код подразделения): 01140012
  Р[2-3.3-4] (Присвоенный при регистрации порядковый номер уголовного дела..): 012000250
  Р[2-4-1] (Номер лица, совершившего преступление): 01
===ОШИБКИ НСИ===
Поле: Р[2-33] Реализация: 1 Значение: 24 - Нет в справочнике 12 - Способ совершения преступления

!!!ОШИБКИ!!! В ЗАПИСИ #297:
КЛЮЧЕВЫЕ РЕКВИЗИТЫ ЗАПИСИ:
  Р[2-3.3-1] (Вид уголовного дела или материала проверки): 1
  Р[2-3.3-2] (Последние две цифры года..): 17
  Р[2-3.3-3] (Уникальный восьмиразрядный код подразделения): 01140012
  Р[2-3.3-4] (Присвоенный при регистрации порядковый номер уголовного дела..): 012000255
  Р[2-4-1] (Номер лица, совершившего преступление): 01
<<<ЛОГИЧЕСКИЕ ОШИБКИ>>>
При заполнении данного 47 Р[2-47] формы 2 должно быть заполнено данное 45 Р[2-45] (при условии, что судимость не погашена)!
  Поле Р[2-47] = 2 
  Поле Р[2-45] =   

!!!ОШИБКИ!!! В ЗАПИСИ #308:
КЛЮЧЕВЫЕ РЕКВИЗИТЫ ЗАПИСИ:
  Р[2-3.3-1] (Вид уголовного дела или материала проверки): 1
  Р[2-3.3-2] (Последние две цифры года..): 18
  Р[2-3.3-3] (Уникальный восьмиразрядный код подразделения): 01140012
  Р[2-3.3-4] (Присвоенный при регистрации порядковый номер уголовного дела..): 012000009
  Р[2-4-1] (Номер лица, совершившего преступление): 04
<<<ЛОГИЧЕСКИЕ ОШИБКИ>>>
Заполните цель приезда Р[2-16] у иностранца Р[2-13]!
  Поле Р[2-13] =  737 
  Поле Р[2-16] =  

!!!ОШИБКИ!!! В ЗАПИСИ #316:
КЛЮЧЕВЫЕ РЕКВИЗИТЫ ЗАПИСИ:
  Р[2-3.3-1] (Вид уголовного дела или материала проверки): 1
  Р[2-3.3-2] (Последние две цифры года..): 17
  Р[2-3.3-3] (Уникальный восьмиразрядный код подразделения): 01140013
  Р[2-3.3-4] (Присвоенный при регистрации порядковый номер уголовного дела..): 013000171
  Р[2-4-1] (Номер лица, совершившего преступление): 01
<<<ЛОГИЧЕСКИЕ ОШИБКИ>>>
При заполнении данного 47 Р[2-47] формы 2 должно быть заполнено данное 45 Р[2-45] (при условии, что судимость не погашена)!
  Поле Р[2-47] = 2 
  Поле Р[2-45] =   

!!!ОШИБКИ!!! В ЗАПИСИ #323:
КЛЮЧЕВЫЕ РЕКВИЗИТЫ ЗАПИСИ:
  Р[2-3.3-1] (Вид уголовного дела или материала проверки): 1
  Р[2-3.3-2] (Последние две цифры года..): 18
  Р[2-3.3-3] (Уникальный восьмиразрядный код подразделения): 01140013
  Р[2-3.3-4] (Присвоенный при регистрации порядковый номер уголовного дела..): 013000002
  Р[2-4-1] (Номер лица, совершившего преступление): 01
<<<ЛОГИЧЕСКИЕ ОШИБКИ>>>
При заполнении данного 47 Р[2-47] формы 2 должно быть заполнено данное 45 Р[2-45] (при условии, что судимость не погашена)!
  Поле Р[2-47] = 2 
  Поле Р[2-45] =   

!!!ОШИБКИ!!! В ЗАПИСИ #326:
КЛЮЧЕВЫЕ РЕКВИЗИТЫ ЗАПИСИ:
  Р[2-3.3-1] (Вид уголовного дела или материала проверки): 1
  Р[2-3.3-2] (Последние две цифры года..): 18
  Р[2-3.3-3] (Уникальный восьмиразрядный код подразделения): 01140013
  Р[2-3.3-4] (Присвоенный при регистрации порядковый номер уголовного дела..): 013000014
  Р[2-4-1] (Номер лица, совершившего преступление): 01
<<<ЛОГИЧЕСКИЕ ОШИБКИ>>>
При заполнении данного 47 Р[2-47] формы 2 должно быть заполнено данное 45 Р[2-45] (при условии, что судимость не погашена)!
  Поле Р[2-47] = 2 
  Поле Р[2-45] =   

!!!ОШИБКИ!!! В ЗАПИСИ #327:
КЛЮЧЕВЫЕ РЕКВИЗИТЫ ЗАПИСИ:
  Р[2-3.3-1] (Вид уголовного дела или материала проверки): 1
  Р[2-3.3-2] (Последние две цифры года..): 13
  Р[2-3.3-3] (Уникальный восьмиразрядный код подразделения): 0014000К
  Р[2-3.3-4] (Присвоенный при регистрации порядковый номер уголовного дела..): 000500000
  Р[2-4-1] (Номер лица, совершившего преступление): 01
***ФОРМАТНЫЕ ОШИБКИ***
Встречен не цифровой символ в значении поля Р[2-3-3].1 (= 14000К160)
Встречен не цифровой символ в значении поля Р[2-3.3-3].1 (= 0014000К)

!!!ОШИБКИ!!! В ЗАПИСИ #341:
КЛЮЧЕВЫЕ РЕКВИЗИТЫ ЗАПИСИ:
  Р[2-3.3-1] (Вид уголовного дела или материала проверки): 1
  Р[2-3.3-2] (Последние две цифры года..): 17
  Р[2-3.3-3] (Уникальный восьмиразрядный код подразделения): 01140014
  Р[2-3.3-4] (Присвоенный при регистрации порядковый номер уголовного дела..): 014000223
  Р[2-4-1] (Номер лица, совершившего преступление): 01
<<<ЛОГИЧЕСКИЕ ОШИБКИ>>>
При заполнении данного 47 Р[2-47] формы 2 должно быть заполнено данное 45 Р[2-45] (при условии, что судимость не погашена)!
  Поле Р[2-47] = 2 
  Поле Р[2-45] =   
===ОШИБКИ НСИ===
Поле: Р[2-31] Реализация: 1 Значение: 11551 - Нет суммы разрядов в справочнике 3 - Предмет преступного посягательства или незаконного оборота

!!!ОШИБКИ!!! В ЗАПИСИ #358:
КЛЮЧЕВЫЕ РЕКВИЗИТЫ ЗАПИСИ:
  Р[2-3.3-1] (Вид уголовного дела или материала проверки): 1
  Р[2-3.3-2] (Последние две цифры года..): 18
  Р[2-3.3-3] (Уникальный восьмиразрядный код подразделения): 02140008
  Р[2-3.3-4] (Присвоенный при регистрации порядковый номер уголовного дела..): 008000001
  Р[2-4-1] (Номер лица, совершившего преступление): 01
===ОШИБКИ НСИ===
Поле: Р[2-28] Реализация: 1 Значение: 00061 - Нет суммы разрядов в справочнике 2 - Место совершения преступления

!!!ОШИБКИ!!! В ЗАПИСИ #369:
КЛЮЧЕВЫЕ РЕКВИЗИТЫ ЗАПИСИ:
  Р[2-3.3-1] (Вид уголовного дела или материала проверки): 1
  Р[2-3.3-2] (Последние две цифры года..): 17
  Р[2-3.3-3] (Уникальный восьмиразрядный код подразделения): 01140015
  Р[2-3.3-4] (Присвоенный при регистрации порядковый номер уголовного дела..): 015000208
  Р[2-4-1] (Номер лица, совершившего преступление): 01
<<<ЛОГИЧЕСКИЕ ОШИБКИ>>>
При заполнении данного 47 Р[2-47] формы 2 должно быть заполнено данное 45 Р[2-45] (при условии, что судимость не погашена)!
  Поле Р[2-47] = 1 
  Поле Р[2-45] =   
При заполнении данного 48 Р[2-48] формы 2 должно быть заполнено данное 45 Р[2-45]!
  Поле Р[2-48] =   5 
  Поле Р[2-45] =   

!!!ОШИБКИ!!! В ЗАПИСИ #380:
КЛЮЧЕВЫЕ РЕКВИЗИТЫ ЗАПИСИ:
  Р[2-3.3-1] (Вид уголовного дела или материала проверки): 1
  Р[2-3.3-2] (Последние две цифры года..): 18
  Р[2-3.3-3] (Уникальный восьмиразрядный код подразделения): 01140015
  Р[2-3.3-4] (Присвоенный при регистрации порядковый номер уголовного дела..): 015000001
  Р[2-4-1] (Номер лица, совершившего преступление): 01
<<<ЛОГИЧЕСКИЕ ОШИБКИ>>>
При заполнении данного 47 Р[2-47] формы 2 должно быть заполнено данное 45 Р[2-45] (при условии, что судимость не погашена)!
  Поле Р[2-47] = 1 
  Поле Р[2-45] =   

!!!ОШИБКИ!!! В ЗАПИСИ #384:
КЛЮЧЕВЫЕ РЕКВИЗИТЫ ЗАПИСИ:
  Р[2-3.3-1] (Вид уголовного дела или материала проверки): 1
  Р[2-3.3-2] (Последние две цифры года..): 18
  Р[2-3.3-3] (Уникальный восьмиразрядный код подразделения): 02140011
  Р[2-3.3-4] (Присвоенный при регистрации порядковый номер уголовного дела..): 011000004
  Р[2-4-1] (Номер лица, совершившего преступление): 01
<<<ЛОГИЧЕСКИЕ ОШИБКИ>>>
При заполнении данного 47 Р[2-47] формы 2 должно быть заполнено данное 45 Р[2-45] (при условии, что судимость не погашена)!
  Поле Р[2-47] = 2 
  Поле Р[2-45] =   

!!!ОШИБКИ!!! В ЗАПИСИ #386:
КЛЮЧЕВЫЕ РЕКВИЗИТЫ ЗАПИСИ:
  Р[2-3.3-1] (Вид уголовного дела или материала проверки): 1
  Р[2-3.3-2] (Последние две цифры года..): 16
  Р[2-3.3-3] (Уникальный восьмиразрядный код подразделения): 00140001
  Р[2-3.3-4] (Присвоенный при регистрации порядковый номер уголовного дела..): 001400000
  Р[2-4-1] (Номер лица, совершившего преступление): 01
===ОШИБКИ НСИ===
Поле: Р[2-56] Реализация: 1 Значение: 0026 - Нет суммы разрядов в справочнике 14 - Служба, выявившая преступление или установившая лицо

!!!ОШИБКИ!!! В ЗАПИСИ #390:
КЛЮЧЕВЫЕ РЕКВИЗИТЫ ЗАПИСИ:
  Р[2-3.3-1] (Вид уголовного дела или материала проверки): 1
  Р[2-3.3-2] (Последние две цифры года..): 17
  Р[2-3.3-3] (Уникальный восьмиразрядный код подразделения): 01140016
  Р[2-3.3-4] (Присвоенный при регистрации порядковый номер уголовного дела..): 016000174
  Р[2-4-1] (Номер лица, совершившего преступление): 01
<<<ЛОГИЧЕСКИЕ ОШИБКИ>>>
При заполнении данного 47 Р[2-47] формы 2 должно быть заполнено данное 45 Р[2-45] (при условии, что судимость не погашена)!
  Поле Р[2-47] = 2 
  Поле Р[2-45] =   

!!!ОШИБКИ!!! В ЗАПИСИ #399:
КЛЮЧЕВЫЕ РЕКВИЗИТЫ ЗАПИСИ:
  Р[2-3.3-1] (Вид уголовного дела или материала проверки): 1
  Р[2-3.3-2] (Последние две цифры года..): 17
  Р[2-3.3-3] (Уникальный восьмиразрядный код подразделения): 01140016
  Р[2-3.3-4] (Присвоенный при регистрации порядковый номер уголовного дела..): 016000204
  Р[2-4-1] (Номер лица, совершившего преступление): 01
<<<ЛОГИЧЕСКИЕ ОШИБКИ>>>
Для данной квалификации пункт Р[2-21.1-2] обязателен!
  Поле Р[2-21.1-1] = 158002 
  Поле Р[2-21.1-2] =  
При заполнении данного 47 Р[2-47] формы 2 должно быть заполнено данное 45 Р[2-45] (при условии, что судимость не погашена)!
  Поле Р[2-47] = 2 
  Поле Р[2-45] =   

!!!ОШИБКИ!!! В ЗАПИСИ #403:
КЛЮЧЕВЫЕ РЕКВИЗИТЫ ЗАПИСИ:
  Р[2-3.3-1] (Вид уголовного дела или материала проверки): 1
  Р[2-3.3-2] (Последние две цифры года..): 18
  Р[2-3.3-3] (Уникальный восьмиразрядный код подразделения): 01140016
  Р[2-3.3-4] (Присвоенный при регистрации порядковый номер уголовного дела..): 016000013
  Р[2-4-1] (Номер лица, совершившего преступление): 01
<<<ЛОГИЧЕСКИЕ ОШИБКИ>>>
При заполнении данного 47 Р[2-47] формы 2 должно быть заполнено данное 45 Р[2-45] (при условии, что судимость не погашена)!
  Поле Р[2-47] = 1 
  Поле Р[2-45] =   

!!!ОШИБКИ!!! В ЗАПИСИ #458:
КЛЮЧЕВЫЕ РЕКВИЗИТЫ ЗАПИСИ:
  Р[2-3.3-1] (Вид уголовного дела или материала проверки): 1
  Р[2-3.3-2] (Последние две цифры года..): 17
  Р[2-3.3-3] (Уникальный восьмиразрядный код подразделения): 01140001
  Р[2-3.3-4] (Присвоенный при регистрации порядковый номер уголовного дела..): 001000340
  Р[2-4-1] (Номер лица, совершившего преступление): 01
===ОШИБКИ НСИ===
Поле: Р[2-56] Реализация: 1 Значение: 0026 - Нет суммы разрядов в справочнике 14 - Служба, выявившая преступление или установившая лицо

!!!ОШИБКИ!!! В ЗАПИСИ #463:
КЛЮЧЕВЫЕ РЕКВИЗИТЫ ЗАПИСИ:
  Р[2-3.3-1] (Вид уголовного дела или материала проверки): 1
  Р[2-3.3-2] (Последние две цифры года..): 17
  Р[2-3.3-3] (Уникальный восьмиразрядный код подразделения): 01140002
  Р[2-3.3-4] (Присвоенный при регистрации порядковый номер уголовного дела..): 002000516
  Р[2-4-1] (Номер лица, совершившего преступление): 01
<<<ЛОГИЧЕСКИЕ ОШИБКИ>>>
При заполнении данного 47 Р[2-47] формы 2 должно быть заполнено данное 45 Р[2-45] (при условии, что судимость не погашена)!
  Поле Р[2-47] = 2 
  Поле Р[2-45] =   

!!!ОШИБКИ!!! В ЗАПИСИ #471:
КЛЮЧЕВЫЕ РЕКВИЗИТЫ ЗАПИСИ:
  Р[2-3.3-1] (Вид уголовного дела или материала проверки): 1
  Р[2-3.3-2] (Последние две цифры года..): 17
  Р[2-3.3-3] (Уникальный восьмиразрядный код подразделения): 01140002
  Р[2-3.3-4] (Присвоенный при регистрации порядковый номер уголовного дела..): 002000874
  Р[2-4-1] (Номер лица, совершившего преступление): 01
<<<ЛОГИЧЕСКИЕ ОШИБКИ>>>
При заполнении данного 47 Р[2-47] формы 2 должно быть заполнено данное 45 Р[2-45] (при условии, что судимость не погашена)!
  Поле Р[2-47] = 2 
  Поле Р[2-45] =   

!!!ОШИБКИ!!! В ЗАПИСИ #472:
КЛЮЧЕВЫЕ РЕКВИЗИТЫ ЗАПИСИ:
  Р[2-3.3-1] (Вид уголовного дела или материала проверки): 1
  Р[2-3.3-2] (Последние две цифры года..): 17
  Р[2-3.3-3] (Уникальный восьмиразрядный код подразделения): 01140002
  Р[2-3.3-4] (Присвоенный при регистрации порядковый номер уголовного дела..): 002000874
  Р[2-4-1] (Номер лица, совершившего преступление): 02
<<<ЛОГИЧЕСКИЕ ОШИБКИ>>>
При заполнении данного 47 Р[2-47] формы 2 должно быть заполнено данное 45 Р[2-45] (при условии, что судимость не погашена)!
  Поле Р[2-47] = 2 
  Поле Р[2-45] =   

!!!ОШИБКИ!!! В ЗАПИСИ #476:
КЛЮЧЕВЫЕ РЕКВИЗИТЫ ЗАПИСИ:
  Р[2-3.3-1] (Вид уголовного дела или материала проверки): 1
  Р[2-3.3-2] (Последние две цифры года..): 17
  Р[2-3.3-3] (Уникальный восьмиразрядный код подразделения): 01140002
  Р[2-3.3-4] (Присвоенный при регистрации порядковый номер уголовного дела..): 002001013
  Р[2-4-1] (Номер лица, совершившего преступление): 01
<<<ЛОГИЧЕСКИЕ ОШИБКИ>>>
При заполнении данного 47 Р[2-47] формы 2 должно быть заполнено данное 45 Р[2-45] (при условии, что судимость не погашена)!
  Поле Р[2-47] = 2 
  Поле Р[2-45] =   

!!!ОШИБКИ!!! В ЗАПИСИ #503:
КЛЮЧЕВЫЕ РЕКВИЗИТЫ ЗАПИСИ:
  Р[2-3.3-1] (Вид уголовного дела или материала проверки): 1
  Р[2-3.3-2] (Последние две цифры года..): 17
  Р[2-3.3-3] (Уникальный восьмиразрядный код подразделения): 01140002
  Р[2-3.3-4] (Присвоенный при регистрации порядковый номер уголовного дела..): 002001212
  Р[2-4-1] (Номер лица, совершившего преступление): 01
<<<ЛОГИЧЕСКИЕ ОШИБКИ>>>
При заполнении данного 47 Р[2-47] формы 2 должно быть заполнено данное 45 Р[2-45] (при условии, что судимость не погашена)!
  Поле Р[2-47] = 2 
  Поле Р[2-45] =   

!!!ОШИБКИ!!! В ЗАПИСИ #529:
КЛЮЧЕВЫЕ РЕКВИЗИТЫ ЗАПИСИ:
  Р[2-3.3-1] (Вид уголовного дела или материала проверки): 1
  Р[2-3.3-2] (Последние две цифры года..): 17
  Р[2-3.3-3] (Уникальный восьмиразрядный код подразделения): 01140027
  Р[2-3.3-4] (Присвоенный при регистрации порядковый номер уголовного дела..): 027000882
  Р[2-4-1] (Номер лица, совершившего преступление): 01
===ОШИБКИ НСИ===
Поле: Р[2-33] Реализация: 1 Значение: 01 - Нет в справочнике 12 - Способ совершения преступления

!!!ОШИБКИ!!! В ЗАПИСИ #530:
КЛЮЧЕВЫЕ РЕКВИЗИТЫ ЗАПИСИ:
  Р[2-3.3-1] (Вид уголовного дела или материала проверки): 1
  Р[2-3.3-2] (Последние две цифры года..): 17
  Р[2-3.3-3] (Уникальный восьмиразрядный код подразделения): 01140027
  Р[2-3.3-4] (Присвоенный при регистрации порядковый номер уголовного дела..): 027000882
  Р[2-4-1] (Номер лица, совершившего преступление): 02
===ОШИБКИ НСИ===
Поле: Р[2-33] Реализация: 1 Значение: 01 - Нет в справочнике 12 - Способ совершения преступления

!!!ОШИБКИ!!! В ЗАПИСИ #532:
КЛЮЧЕВЫЕ РЕКВИЗИТЫ ЗАПИСИ:
  Р[2-3.3-1] (Вид уголовного дела или материала проверки): 1
  Р[2-3.3-2] (Последние две цифры года..): 17
  Р[2-3.3-3] (Уникальный восьмиразрядный код подразделения): 01140027
  Р[2-3.3-4] (Присвоенный при регистрации порядковый номер уголовного дела..): 027000890
  Р[2-4-1] (Номер лица, совершившего преступление): 01
===ОШИБКИ НСИ===
Поле: Р[2-56] Реализация: 1 Значение: 0026 - Нет суммы разрядов в справочнике 14 - Служба, выявившая преступление или установившая лицо

!!!ОШИБКИ!!! В ЗАПИСИ #537:
КЛЮЧЕВЫЕ РЕКВИЗИТЫ ЗАПИСИ:
  Р[2-3.3-1] (Вид уголовного дела или материала проверки): 1
  Р[2-3.3-2] (Последние две цифры года..): 17
  Р[2-3.3-3] (Уникальный восьмиразрядный код подразделения): 01140027
  Р[2-3.3-4] (Присвоенный при регистрации порядковый номер уголовного дела..): 027000909
  Р[2-4-1] (Номер лица, совершившего преступление): 01
===ОШИБКИ НСИ===
Поле: Р[2-56] Реализация: 1 Значение: 0026 - Нет суммы разрядов в справочнике 14 - Служба, выявившая преступление или установившая лицо

!!!ОШИБКИ!!! В ЗАПИСИ #547:
КЛЮЧЕВЫЕ РЕКВИЗИТЫ ЗАПИСИ:
  Р[2-3.3-1] (Вид уголовного дела или материала проверки): 1
  Р[2-3.3-2] (Последние две цифры года..): 17
  Р[2-3.3-3] (Уникальный восьмиразрядный код подразделения): 02140013
  Р[2-3.3-4] (Присвоенный при регистрации порядковый номер уголовного дела..): 013000001
  Р[2-4-1] (Номер лица, совершившего преступление): 01
===ОШИБКИ НСИ===
Поле: Р[2-56] Реализация: 1 Значение: 0026 - Нет суммы разрядов в справочнике 14 - Служба, выявившая преступление или установившая лицо

!!!ОШИБКИ!!! В ЗАПИСИ #564:
КЛЮЧЕВЫЕ РЕКВИЗИТЫ ЗАПИСИ:
  Р[2-3.3-1] (Вид уголовного дела или материала проверки): 1
  Р[2-3.3-2] (Последние две цифры года..): 95
  Р[2-3.3-3] (Уникальный восьмиразрядный код подразделения): 00140001
  Р[2-3.3-4] (Присвоенный при регистрации порядковый номер уголовного дела..): 012000000
  Р[2-4-1] (Номер лица, совершившего преступление): 01
===ОШИБКИ НСИ===
Поле: Р[2-21.1-1] Реализация: 1 Значение: 103000 - Нет в справочнике 113 - Состав УК РФ

!!!ОШИБКИ!!! В ЗАПИСИ #576:
КЛЮЧЕВЫЕ РЕКВИЗИТЫ ЗАПИСИ:
  Р[2-3.3-1] (Вид уголовного дела или материала проверки): 1
  Р[2-3.3-2] (Последние две цифры года..): 17
  Р[2-3.3-3] (Уникальный восьмиразрядный код подразделения): 01140018
  Р[2-3.3-4] (Присвоенный при регистрации порядковый номер уголовного дела..): 018000148
  Р[2-4-1] (Номер лица, совершившего преступление): 01
<<<ЛОГИЧЕСКИЕ ОШИБКИ>>>
При заполнении данного 47 Р[2-47] формы 2 должно быть заполнено данное 45 Р[2-45] (при условии, что судимость не погашена)!
  Поле Р[2-47] = 2 
  Поле Р[2-45] =   

!!!ОШИБКИ!!! В ЗАПИСИ #577:
КЛЮЧЕВЫЕ РЕКВИЗИТЫ ЗАПИСИ:
  Р[2-3.3-1] (Вид уголовного дела или материала проверки): 1
  Р[2-3.3-2] (Последние две цифры года..): 17
  Р[2-3.3-3] (Уникальный восьмиразрядный код подразделения): 01140018
  Р[2-3.3-4] (Присвоенный при регистрации порядковый номер уголовного дела..): 018000157
  Р[2-4-1] (Номер лица, совершившего преступление): 01
<<<ЛОГИЧЕСКИЕ ОШИБКИ>>>
При заполнении данного 47 Р[2-47] формы 2 должно быть заполнено данное 45 Р[2-45] (при условии, что судимость не погашена)!
  Поле Р[2-47] = 2 
  Поле Р[2-45] =   

!!!ОШИБКИ!!! В ЗАПИСИ #603:
КЛЮЧЕВЫЕ РЕКВИЗИТЫ ЗАПИСИ:
  Р[2-3.3-1] (Вид уголовного дела или материала проверки): 1
  Р[2-3.3-2] (Последние две цифры года..): 17
  Р[2-3.3-3] (Уникальный восьмиразрядный код подразделения): 01140006
  Р[2-3.3-4] (Присвоенный при регистрации порядковый номер уголовного дела..): 006000495
  Р[2-4-1] (Номер лица, совершившего преступление): 01
===ОШИБКИ НСИ===
Поле: Р[2-28] Реализация: 1 Значение: 00701 - Нет суммы разрядов в справочнике 2 - Место совершения преступления

!!!ОШИБКИ!!! В ЗАПИСИ #606:
КЛЮЧЕВЫЕ РЕКВИЗИТЫ ЗАПИСИ:
  Р[2-3.3-1] (Вид уголовного дела или материала проверки): 1
  Р[2-3.3-2] (Последние две цифры года..): 17
  Р[2-3.3-3] (Уникальный восьмиразрядный код подразделения): 01140006
  Р[2-3.3-4] (Присвоенный при регистрации порядковый номер уголовного дела..): 006000522
  Р[2-4-1] (Номер лица, совершившего преступление): 01
<<<ЛОГИЧЕСКИЕ ОШИБКИ>>>
Дата поступления ф.2 Р[2-6] < Дата возбуждения дела  Р[2-3.1]
  Поле Р[2-3.1] = 20181129 
  Поле Р[2-6] = 20180131 
Дата направления ф.2 Р[2-5] < Дата возбуждения дела  Р[2-3.1]
  Поле Р[2-3.1] = 20181129 
  Поле Р[2-5] = 20180131 

!!!ОШИБКИ!!! В ЗАПИСИ #687:
КЛЮЧЕВЫЕ РЕКВИЗИТЫ ЗАПИСИ:
  Р[2-3.3-1] (Вид уголовного дела или материала проверки): 1
  Р[2-3.3-2] (Последние две цифры года..): 17
  Р[2-3.3-3] (Уникальный восьмиразрядный код подразделения): 01140011
  Р[2-3.3-4] (Присвоенный при регистрации порядковый номер уголовного дела..): 011000155
  Р[2-4-1] (Номер лица, совершившего преступление): 01
<<<ЛОГИЧЕСКИЕ ОШИБКИ>>>
Заполните цель приезда Р[2-16] у иностранца Р[2-13]!
  Поле Р[2-13] =  737 
  Поле Р[2-16] =  

!!!ОШИБКИ!!! В ЗАПИСИ #696:
КЛЮЧЕВЫЕ РЕКВИЗИТЫ ЗАПИСИ:
  Р[2-3.3-1] (Вид уголовного дела или материала проверки): 1
  Р[2-3.3-2] (Последние две цифры года..): 18
  Р[2-3.3-3] (Уникальный восьмиразрядный код подразделения): 02140005
  Р[2-3.3-4] (Присвоенный при регистрации порядковый номер уголовного дела..): 005000003
  Р[2-4-1] (Номер лица, совершившего преступление): 01
<<<ЛОГИЧЕСКИЕ ОШИБКИ>>>
При заполнении данного 47 Р[2-47] формы 2 должно быть заполнено данное 45 Р[2-45] (при условии, что судимость не погашена)!
  Поле Р[2-47] = 1 
  Поле Р[2-45] =   

!!!ОШИБКИ!!! В ЗАПИСИ #702:
КЛЮЧЕВЫЕ РЕКВИЗИТЫ ЗАПИСИ:
  Р[2-3.3-1] (Вид уголовного дела или материала проверки): 1
  Р[2-3.3-2] (Последние две цифры года..): 17
  Р[2-3.3-3] (Уникальный восьмиразрядный код подразделения): 01140022
  Р[2-3.3-4] (Присвоенный при регистрации порядковый номер уголовного дела..): 022000081
  Р[2-4-1] (Номер лица, совершившего преступление): 01
<<<ЛОГИЧЕСКИЕ ОШИБКИ>>>
Дата поступления ф.2 Р[2-6] < Дата возбуждения дела  Р[2-3.1]
  Поле Р[2-3.1] = 20181203 
  Поле Р[2-6] = 20180111 
Дата направления ф.2 Р[2-5] < Дата возбуждения дела  Р[2-3.1]
  Поле Р[2-3.1] = 20181203 
  Поле Р[2-5] = 20180111 

!!!ОШИБКИ!!! В ЗАПИСИ #714:
КЛЮЧЕВЫЕ РЕКВИЗИТЫ ЗАПИСИ:
  Р[2-3.3-1] (Вид уголовного дела или материала проверки): 1
  Р[2-3.3-2] (Последние две цифры года..): 17
  Р[2-3.3-3] (Уникальный восьмиразрядный код подразделения): 01140001
  Р[2-3.3-4] (Присвоенный при регистрации порядковый номер уголовного дела..): 001000332
  Р[2-4-1] (Номер лица, совершившего преступление): 01
<<<ЛОГИЧЕСКИЕ ОШИБКИ>>>
Указанное преступление не д.б в сост.опьянения Р[2-36]!
  Поле Р[2-21.1-1] = 232001 
  Поле Р[2-36] = 2  

!!!ОШИБКИ!!! В ЗАПИСИ #718:
КЛЮЧЕВЫЕ РЕКВИЗИТЫ ЗАПИСИ:
  Р[2-3.3-1] (Вид уголовного дела или материала проверки): 1
  Р[2-3.3-2] (Последние две цифры года..): 17
  Р[2-3.3-3] (Уникальный восьмиразрядный код подразделения): 01140001
  Р[2-3.3-4] (Присвоенный при регистрации порядковый номер уголовного дела..): 001000529
  Р[2-4-1] (Номер лица, совершившего преступление): 01
<<<ЛОГИЧЕСКИЕ ОШИБКИ>>>
Заполните цель приезда Р[2-16] у иностранца Р[2-13]!
  Поле Р[2-13] =  737 
  Поле Р[2-16] =  

!!!ОШИБКИ!!! В ЗАПИСИ #732:
КЛЮЧЕВЫЕ РЕКВИЗИТЫ ЗАПИСИ:
  Р[2-3.3-1] (Вид уголовного дела или материала проверки): 1
  Р[2-3.3-2] (Последние две цифры года..): 18
  Р[2-3.3-3] (Уникальный восьмиразрядный код подразделения): 01140001
  Р[2-3.3-4] (Присвоенный при регистрации порядковый номер уголовного дела..): 001000007
  Р[2-4-1] (Номер лица, совершившего преступление): 01
<<<ЛОГИЧЕСКИЕ ОШИБКИ>>>
Заполните цель приезда Р[2-16] у иностранца Р[2-13]!
  Поле Р[2-13] =  737 
  Поле Р[2-16] =  

!!!ОШИБКИ!!! В ЗАПИСИ #740:
КЛЮЧЕВЫЕ РЕКВИЗИТЫ ЗАПИСИ:
  Р[2-3.3-1] (Вид уголовного дела или материала проверки): 1
  Р[2-3.3-2] (Последние две цифры года..): 17
  Р[2-3.3-3] (Уникальный восьмиразрядный код подразделения): 01140024
  Р[2-3.3-4] (Присвоенный при регистрации порядковый номер уголовного дела..): 024000554
  Р[2-4-1] (Номер лица, совершившего преступление): 03
<<<ЛОГИЧЕСКИЕ ОШИБКИ>>>
При заполнении данного 47 Р[2-47] формы 2 должно быть заполнено данное 45 Р[2-45] (при условии, что судимость не погашена)!
  Поле Р[2-47] = 2 
  Поле Р[2-45] =   

!!!ОШИБКИ!!! В ЗАПИСИ #744:
КЛЮЧЕВЫЕ РЕКВИЗИТЫ ЗАПИСИ:
  Р[2-3.3-1] (Вид уголовного дела или материала проверки): 1
  Р[2-3.3-2] (Последние две цифры года..): 17
  Р[2-3.3-3] (Уникальный восьмиразрядный код подразделения): 01140024
  Р[2-3.3-4] (Присвоенный при регистрации порядковый номер уголовного дела..): 024000745
  Р[2-4-1] (Номер лица, совершившего преступление): 01
<<<ЛОГИЧЕСКИЕ ОШИБКИ>>>
При заполнении данного 47 Р[2-47] формы 2 должно быть заполнено данное 45 Р[2-45] (при условии, что судимость не погашена)!
  Поле Р[2-47] = 1 
  Поле Р[2-45] =   

!!!ОШИБКИ!!! В ЗАПИСИ #766:
КЛЮЧЕВЫЕ РЕКВИЗИТЫ ЗАПИСИ:
  Р[2-3.3-1] (Вид уголовного дела или материала проверки): 1
  Р[2-3.3-2] (Последние две цифры года..): 17
  Р[2-3.3-3] (Уникальный восьмиразрядный код подразделения): 01140024
  Р[2-3.3-4] (Присвоенный при регистрации порядковый номер уголовного дела..): 024000919
  Р[2-4-1] (Номер лица, совершившего преступление): 01
<<<ЛОГИЧЕСКИЕ ОШИБКИ>>>
Указанное преступление не д.б в сост.опьянения Р[2-36]!
  Поле Р[2-21.1-1] = 186001 
  Поле Р[2-36] = 1  

!!!ОШИБКИ!!! В ЗАПИСИ #805:
КЛЮЧЕВЫЕ РЕКВИЗИТЫ ЗАПИСИ:
  Р[2-3.3-1] (Вид уголовного дела или материала проверки): 4
  Р[2-3.3-2] (Последние две цифры года..): 17
  Р[2-3.3-3] (Уникальный восьмиразрядный код подразделения): 02140002
  Р[2-3.3-4] (Присвоенный при регистрации порядковый номер уголовного дела..): 002000136
  Р[2-4-1] (Номер лица, совершившего преступление): 01
===ОШИБКИ НСИ===
Поле: Р[2-3-1] Реализация: 1 Значение: 4 - Нет в справочнике 103 - Вид учета

!!!ОШИБКИ!!! В ЗАПИСИ #809:
КЛЮЧЕВЫЕ РЕКВИЗИТЫ ЗАПИСИ:
  Р[2-3.3-1] (Вид уголовного дела или материала проверки): 1
  Р[2-3.3-2] (Последние две цифры года..): 17
  Р[2-3.3-3] (Уникальный восьмиразрядный код подразделения): 01140025
  Р[2-3.3-4] (Присвоенный при регистрации порядковый номер уголовного дела..): 025000477
  Р[2-4-1] (Номер лица, совершившего преступление): 01
===ОШИБКИ НСИ===
Поле: Р[2-33] Реализация: 1 Значение: 05 - Нет в справочнике 12 - Способ совершения преступления
Поле: Р[2-56] Реализация: 1 Значение: 0206 - Нет суммы разрядов в справочнике 14 - Служба, выявившая преступление или установившая лицо

!!!ОШИБКИ!!! В ЗАПИСИ #813:
КЛЮЧЕВЫЕ РЕКВИЗИТЫ ЗАПИСИ:
  Р[2-3.3-1] (Вид уголовного дела или материала проверки): 1
  Р[2-3.3-2] (Последние две цифры года..): 17
  Р[2-3.3-3] (Уникальный восьмиразрядный код подразделения): 01140025
  Р[2-3.3-4] (Присвоенный при регистрации порядковый номер уголовного дела..): 025000644
  Р[2-4-1] (Номер лица, совершившего преступление): 01
<<<ЛОГИЧЕСКИЕ ОШИБКИ>>>
Укажите группу с участием иностранцев Р[2-38]
  Поле Р[2-13] =  737 
  Поле Р[2-38] = 0410 

!!!ОШИБКИ!!! В ЗАПИСИ #817:
КЛЮЧЕВЫЕ РЕКВИЗИТЫ ЗАПИСИ:
  Р[2-3.3-1] (Вид уголовного дела или материала проверки): 1
  Р[2-3.3-2] (Последние две цифры года..): 17
  Р[2-3.3-3] (Уникальный восьмиразрядный код подразделения): 01140025
  Р[2-3.3-4] (Присвоенный при регистрации порядковый номер уголовного дела..): 025000698
  Р[2-4-1] (Номер лица, совершившего преступление): 01
===ОШИБКИ НСИ===
Поле: Р[2-33] Реализация: 1 Значение: 24 - Нет в справочнике 12 - Способ совершения преступления

!!!ОШИБКИ!!! В ЗАПИСИ #869:
КЛЮЧЕВЫЕ РЕКВИЗИТЫ ЗАПИСИ:
  Р[2-3.3-1] (Вид уголовного дела или материала проверки): 1
  Р[2-3.3-2] (Последние две цифры года..): 16
  Р[2-3.3-3] (Уникальный восьмиразрядный код подразделения): 00140001
  Р[2-3.3-4] (Присвоенный при регистрации порядковый номер уголовного дела..): 001500000
  Р[2-4-1] (Номер лица, совершившего преступление): 01
===ОШИБКИ НСИ===
Поле: Р[2-56] Реализация: 1 Значение: 0206 - Нет суммы разрядов в справочнике 14 - Служба, выявившая преступление или установившая лицо

!!!ОШИБКИ!!! В ЗАПИСИ #870:
КЛЮЧЕВЫЕ РЕКВИЗИТЫ ЗАПИСИ:
  Р[2-3.3-1] (Вид уголовного дела или материала проверки): 4
  Р[2-3.3-2] (Последние две цифры года..): 18
  Р[2-3.3-3] (Уникальный восьмиразрядный код подразделения): 01140025
  Р[2-3.3-4] (Присвоенный при регистрации порядковый номер уголовного дела..): 025000003
  Р[2-4-1] (Номер лица, совершившего преступление): 01
===ОШИБКИ НСИ===
Поле: Р[2-3-1] Реализация: 1 Значение: 4 - Нет в справочнике 103 - Вид учета

!!!ОШИБКИ!!! В ЗАПИСИ #871:
КЛЮЧЕВЫЕ РЕКВИЗИТЫ ЗАПИСИ:
  Р[2-3.3-1] (Вид уголовного дела или материала проверки): 4
  Р[2-3.3-2] (Последние две цифры года..): 18
  Р[2-3.3-3] (Уникальный восьмиразрядный код подразделения): 01140029
  Р[2-3.3-4] (Присвоенный при регистрации порядковый номер уголовного дела..): 029000022
  Р[2-4-1] (Номер лица, совершившего преступление): 01
===ОШИБКИ НСИ===
Поле: Р[2-3-1] Реализация: 1 Значение: 4 - Нет в справочнике 103 - Вид учета

!!!ОШИБКИ!!! В ЗАПИСИ #872:
КЛЮЧЕВЫЕ РЕКВИЗИТЫ ЗАПИСИ:
  Р[2-3.3-1] (Вид уголовного дела или материала проверки): 4
  Р[2-3.3-2] (Последние две цифры года..): 18
  Р[2-3.3-3] (Уникальный восьмиразрядный код подразделения): 01140029
  Р[2-3.3-4] (Присвоенный при регистрации порядковый номер уголовного дела..): 029000022
  Р[2-4-1] (Номер лица, совершившего преступление): 02
===ОШИБКИ НСИ===
Поле: Р[2-3-1] Реализация: 1 Значение: 4 - Нет в справочнике 103 - Вид учета

!!!ОШИБКИ!!! В ЗАПИСИ #888:
КЛЮЧЕВЫЕ РЕКВИЗИТЫ ЗАПИСИ:
  Р[2-3.3-1] (Вид уголовного дела или материала проверки): 1
  Р[2-3.3-2] (Последние две цифры года..): 17
  Р[2-3.3-3] (Уникальный восьмиразрядный код подразделения): 01140026
  Р[2-3.3-4] (Присвоенный при регистрации порядковый номер уголовного дела..): 026000423
  Р[2-4-1] (Номер лица, совершившего преступление): 01
===ОШИБКИ НСИ===
Поле: Р[2-31.1] Реализация: 2 Значение: 11866 - Нет суммы разрядов в справочнике 4 - Оружие, боеприпасы и взрывчатые материалы

!!!ОШИБКИ!!! В ЗАПИСИ #901:
КЛЮЧЕВЫЕ РЕКВИЗИТЫ ЗАПИСИ:
  Р[2-3.3-1] (Вид уголовного дела или материала проверки): 4
  Р[2-3.3-2] (Последние две цифры года..): 17
  Р[2-3.3-3] (Уникальный восьмиразрядный код подразделения): 01140026
  Р[2-3.3-4] (Присвоенный при регистрации порядковый номер уголовного дела..): 026000432
  Р[2-4-1] (Номер лица, совершившего преступление): 01
===ОШИБКИ НСИ===
Поле: Р[2-3-1] Реализация: 1 Значение: 4 - Нет в справочнике 103 - Вид учета

ОБРАБОТАНО ЗАПИСЕЙ: 901
<<=ОШИБОК=>> ФОРМАТНЫХ: 4 - ЛОГИЧЕСКИХ: 58 - НСИ: 28
ВЫГРУЖЕНО ЗАПИСЕЙ: 901 В ФАЙЛ F2-201802-1114-2018022814212146714356.bd
<Конец обработки> - 2018-02-28 15:55:00
--------------------------------------------------------------------------------------------------------------

Унифицированный срез "F2-201802-1114" из 901 запис., содержащий 4 зап. с форматными ошибками / 58 зап. с ошибками по ЛУСам / 28 зап. с ошибками по справочникам НЕ загружен в базу данных из-за ошибок. (Дата загрузки: 28.02.2018 года       Время загрузки: 15.55.06       Загрузил: Иванюченко       Статус среза: НЕ загружен из-за ошибок)

