<Начало обработки> - 2018-02-10 19:17:00
ЛОГИЧЕСКИЙ КОНТРОЛЬ ТЕКСТОВЫХ ДАННЫХ: F3-201801-1114.sdf
Файл инструкций логического контроля: F3-201801-1114-2018021019003546455771.lus
Файл формата базы: F3-201801-1114-2018021019003546455771.fmt
Файл паспорта: F3-201801-1114-2018021019003546455771.psp
Включена проверка на дубли
Включена проверка нормативно-справочной информации (НСИ) файл справочников: SPR-201801-2018021019003546455771.spr
Последовательный файл: F3-201801-1114.sdf
Файл для вывода среза: F3-201801-1114-2018021019003546455771.bd

!!!ОШИБКИ!!! В ЗАПИСИ #462:
КЛЮЧЕВЫЕ РЕКВИЗИТЫ ЗАПИСИ:
  Р[3-3.3-1] (Вид уголовного дела или материала проверки): 1
  Р[3-3.3-2] (Последние две цифры года..): 17
  Р[3-3.3-3] (Уникальный восьмиразрядный код подразделения): 01140006
  Р[3-3.3-4] (Присвоенный при регистрации порядковый номер уголовного дела..): 006000532
<<<ЛОГИЧЕСКИЕ ОШИБКИ>>>
Дата направления ф.3 Р[3-4] < Дата возбуждения дела ф.3 Р[3-6]
  Поле Р[3-6] = 20171207 
  Поле Р[3-4] = 20170131 
Дата направления ф.3 Р[3-4] < Дата принятия решения ф.3 Р[3-13.1]
  Поле Р[3-13.1] = 20180131 
  Поле Р[3-4] = 20170131 
  Поле Р[3-13] = 01 

!!!ОШИБКИ!!! В ЗАПИСИ #493:
КЛЮЧЕВЫЕ РЕКВИЗИТЫ ЗАПИСИ:
  Р[3-3.3-1] (Вид уголовного дела или материала проверки): 1
  Р[3-3.3-2] (Последние две цифры года..): 17
  Р[3-3.3-3] (Уникальный восьмиразрядный код подразделения): 01140007
  Р[3-3.3-4] (Присвоенный при регистрации порядковый номер уголовного дела..): 007000550
<<<ЛОГИЧЕСКИЕ ОШИБКИ>>>
Для дела, приостановленного по ст.208 п.2 Р[3-12-1]=1) номер роз.дела Р[3-12-2] ОБЯЗАТЕЛЕН
  Поле Р[3-5] = 20180124 
  Поле Р[3-12-2] =  
  Поле Р[3-12-1] = 1 

!!!ОШИБКИ!!! В ЗАПИСИ #507:
КЛЮЧЕВЫЕ РЕКВИЗИТЫ ЗАПИСИ:
  Р[3-3.3-1] (Вид уголовного дела или материала проверки): 1
  Р[3-3.3-2] (Последние две цифры года..): 17
  Р[3-3.3-3] (Уникальный восьмиразрядный код подразделения): 01140007
  Р[3-3.3-4] (Присвоенный при регистрации порядковый номер уголовного дела..): 007000899
<<<ЛОГИЧЕСКИЕ ОШИБКИ>>>
Для дела, приостановленного по ст.208 п.2 Р[3-12-1]=1) номер роз.дела Р[3-12-2] ОБЯЗАТЕЛЕН
  Поле Р[3-5] = 20180105 
  Поле Р[3-12-2] =  
  Поле Р[3-12-1] = 1 

!!!ОШИБКИ!!! В ЗАПИСИ #511:
КЛЮЧЕВЫЕ РЕКВИЗИТЫ ЗАПИСИ:
  Р[3-3.3-1] (Вид уголовного дела или материала проверки): 1
  Р[3-3.3-2] (Последние две цифры года..): 17
  Р[3-3.3-3] (Уникальный восьмиразрядный код подразделения): 01140007
  Р[3-3.3-4] (Присвоенный при регистрации порядковый номер уголовного дела..): 007000947
<<<ЛОГИЧЕСКИЕ ОШИБКИ>>>
Дата направления ф.3 Р[3-4] < Дата возбуждения дела ф.3 Р[3-6]
  Поле Р[3-6] = 20170922 
  Поле Р[3-4] = 20170124 

!!!ОШИБКИ!!! В ЗАПИСИ #520:
КЛЮЧЕВЫЕ РЕКВИЗИТЫ ЗАПИСИ:
  Р[3-3.3-1] (Вид уголовного дела или материала проверки): 1
  Р[3-3.3-2] (Последние две цифры года..): 17
  Р[3-3.3-3] (Уникальный восьмиразрядный код подразделения): 01140007
  Р[3-3.3-4] (Присвоенный при регистрации порядковый номер уголовного дела..): 007001056
<<<ЛОГИЧЕСКИЕ ОШИБКИ>>>
Дата направления ф.3 Р[3-4] < Дата возбуждения дела ф.3 Р[3-6]
  Поле Р[3-6] = 20171025 
  Поле Р[3-4] = 20170117 
Дата направления ф.3 Р[3-4] < Дата принятия решения ф.3 Р[3-13.1]
  Поле Р[3-13.1] = 20180117 
  Поле Р[3-4] = 20170117 
  Поле Р[3-13] = 01 

!!!ОШИБКИ!!! В ЗАПИСИ #657:
КЛЮЧЕВЫЕ РЕКВИЗИТЫ ЗАПИСИ:
  Р[3-3.3-1] (Вид уголовного дела или материала проверки): 1
  Р[3-3.3-2] (Последние две цифры года..): 17
  Р[3-3.3-3] (Уникальный восьмиразрядный код подразделения): 01140010
  Р[3-3.3-4] (Присвоенный при регистрации порядковый номер уголовного дела..): 010000179
<<<ЛОГИЧЕСКИЕ ОШИБКИ>>>
Дата поступления ф.3 Р[3-5] < Дата направления ф.3 Р[3-4]
  Поле Р[3-4] = 20180107 
  Поле Р[3-5] = 20170107 
Дата поступления ф.3 Р[3-5] < Дата возбуждения дела ф.3 Р[3-6]
  Поле Р[3-6] = 20171208 
  Поле Р[3-5] = 20170107 

!!!ОШИБКИ!!! В ЗАПИСИ #787:
КЛЮЧЕВЫЕ РЕКВИЗИТЫ ЗАПИСИ:
  Р[3-3.3-1] (Вид уголовного дела или материала проверки): 1
  Р[3-3.3-2] (Последние две цифры года..): 17
  Р[3-3.3-3] (Уникальный восьмиразрядный код подразделения): 01140015
  Р[3-3.3-4] (Присвоенный при регистрации порядковый номер уголовного дела..): 015000067
<<<ЛОГИЧЕСКИЕ ОШИБКИ>>>
Дата направления ф.3 Р[3-4] < Дата возбуждения дела ф.3 Р[3-6]
  Поле Р[3-6] = 20170405 
  Поле Р[3-4] = 20170131 

!!!ОШИБКИ!!! В ЗАПИСИ #808:
КЛЮЧЕВЫЕ РЕКВИЗИТЫ ЗАПИСИ:
  Р[3-3.3-1] (Вид уголовного дела или материала проверки): 1
  Р[3-3.3-2] (Последние две цифры года..): 17
  Р[3-3.3-3] (Уникальный восьмиразрядный код подразделения): 01140015
  Р[3-3.3-4] (Присвоенный при регистрации порядковый номер уголовного дела..): 015000209
<<<ЛОГИЧЕСКИЕ ОШИБКИ>>>
Дата направления ф.3 Р[3-4] < Дата возбуждения дела ф.3 Р[3-6]
  Поле Р[3-6] = 20171207 
  Поле Р[3-4] = 20170111 
Дата направления ф.3 Р[3-4] < Дата принятия решения ф.3 Р[3-13.1]
  Поле Р[3-13.1] = 20180111 
  Поле Р[3-4] = 20170111 
  Поле Р[3-13] = 31 

!!!ОШИБКИ!!! В ЗАПИСИ #1114:
КЛЮЧЕВЫЕ РЕКВИЗИТЫ ЗАПИСИ:
  Р[3-3.3-1] (Вид уголовного дела или материала проверки): 1
  Р[3-3.3-2] (Последние две цифры года..): 17
  Р[3-3.3-3] (Уникальный восьмиразрядный код подразделения): 01140025
  Р[3-3.3-4] (Присвоенный при регистрации порядковый номер уголовного дела..): 025000724
<<<ЛОГИЧЕСКИЕ ОШИБКИ>>>
Дата поступления ф.3 Р[3-5] < Дата направления ф.3 Р[3-4]
  Поле Р[3-4] = 20180131 
  Поле Р[3-5] = 20170131 
Дата поступления ф.3 Р[3-5] < Дата возбуждения дела ф.3 Р[3-6]
  Поле Р[3-6] = 20170914 
  Поле Р[3-5] = 20170131 
Дата поступления ф.3 Р[3-5] < Дата принятия решения ф.3 Р[3-13.1]
  Поле Р[3-13.1] = 20180131 
  Поле Р[3-5] = 20170131 
  Поле Р[3-13] = 31 

!!!ОШИБКИ!!! В ЗАПИСИ #1141:
КЛЮЧЕВЫЕ РЕКВИЗИТЫ ЗАПИСИ:
  Р[3-3.3-1] (Вид уголовного дела или материала проверки): 1
  Р[3-3.3-2] (Последние две цифры года..): 17
  Р[3-3.3-3] (Уникальный восьмиразрядный код подразделения): 01140025
  Р[3-3.3-4] (Присвоенный при регистрации порядковый номер уголовного дела..): 025000854
<<<ЛОГИЧЕСКИЕ ОШИБКИ>>>
Дата поступления ф.3 Р[3-5] < Дата направления ф.3 Р[3-4]
  Поле Р[3-4] = 20180109 
  Поле Р[3-5] = 20170109 
Дата поступления ф.3 Р[3-5] < Дата возбуждения дела ф.3 Р[3-6]
  Поле Р[3-6] = 20171109 
  Поле Р[3-5] = 20170109 

!!!ОШИБКИ!!! В ЗАПИСИ #1194:
КЛЮЧЕВЫЕ РЕКВИЗИТЫ ЗАПИСИ:
  Р[3-3.3-1] (Вид уголовного дела или материала проверки): 1
  Р[3-3.3-2] (Последние две цифры года..): 17
  Р[3-3.3-3] (Уникальный восьмиразрядный код подразделения): 01140025
  Р[3-3.3-4] (Присвоенный при регистрации порядковый номер уголовного дела..): 025000968
<<<ЛОГИЧЕСКИЕ ОШИБКИ>>>
Укажите одно из решений
  Поле Р[3-5] = 20180119 
  Поле Р[3-13] =  
  Поле Р[3-16] =  
  Поле Р[3-17] =   
  Поле Р[3-7-1] =  
  Поле Р[3-8-1] =  
  Поле Р[3-9] =  
  Поле Р[3-11] =  
  Поле Р[3-12-1] =  
  Поле Р[3-12.2] =  

!!!ОШИБКИ!!! В ЗАПИСИ #1234:
КЛЮЧЕВЫЕ РЕКВИЗИТЫ ЗАПИСИ:
  Р[3-3.3-1] (Вид уголовного дела или материала проверки): 1
  Р[3-3.3-2] (Последние две цифры года..): 17
  Р[3-3.3-3] (Уникальный восьмиразрядный код подразделения): 01140026
  Р[3-3.3-4] (Присвоенный при регистрации порядковый номер уголовного дела..): 026000370
<<<ЛОГИЧЕСКИЕ ОШИБКИ>>>
Для дела, приостановленного по ст.208 п.2 Р[3-12-1]=1) номер роз.дела Р[3-12-2] ОБЯЗАТЕЛЕН
  Поле Р[3-5] = 20180102 
  Поле Р[3-12-2] =  
  Поле Р[3-12-1] = 1 

!!!ОШИБКИ!!! В ЗАПИСИ #1474:
КЛЮЧЕВЫЕ РЕКВИЗИТЫ ЗАПИСИ:
  Р[3-3.3-1] (Вид уголовного дела или материала проверки): 1
  Р[3-3.3-2] (Последние две цифры года..): 17
  Р[3-3.3-3] (Уникальный восьмиразрядный код подразделения): 02140005
  Р[3-3.3-4] (Присвоенный при регистрации порядковый номер уголовного дела..): 005000056
===ОШИБКИ НСИ===
Поле: Р[3-12.2] Реализация: 1 Значение: 4 - Нет в справочнике 314 - Дело передано прокурору с обвинительным заключением, актом, постановлением, направлено ходатайство, судом отказано в удовлетворении ходатайства

!!!ОШИБКИ!!! В ЗАПИСИ #1475:
КЛЮЧЕВЫЕ РЕКВИЗИТЫ ЗАПИСИ:
  Р[3-3.3-1] (Вид уголовного дела или материала проверки): 1
  Р[3-3.3-2] (Последние две цифры года..): 17
  Р[3-3.3-3] (Уникальный восьмиразрядный код подразделения): 02140005
  Р[3-3.3-4] (Присвоенный при регистрации порядковый номер уголовного дела..): 005000057
===ОШИБКИ НСИ===
Поле: Р[3-12.2] Реализация: 1 Значение: 4 - Нет в справочнике 314 - Дело передано прокурору с обвинительным заключением, актом, постановлением, направлено ходатайство, судом отказано в удовлетворении ходатайства

!!!ОШИБКИ!!! В ЗАПИСИ #1477:
КЛЮЧЕВЫЕ РЕКВИЗИТЫ ЗАПИСИ:
  Р[3-3.3-1] (Вид уголовного дела или материала проверки): 1
  Р[3-3.3-2] (Последние две цифры года..): 17
  Р[3-3.3-3] (Уникальный восьмиразрядный код подразделения): 02140005
  Р[3-3.3-4] (Присвоенный при регистрации порядковый номер уголовного дела..): 005000059
===ОШИБКИ НСИ===
Поле: Р[3-12.2] Реализация: 1 Значение: 4 - Нет в справочнике 314 - Дело передано прокурору с обвинительным заключением, актом, постановлением, направлено ходатайство, судом отказано в удовлетворении ходатайства

!!!ОШИБКИ!!! В ЗАПИСИ #1546:
КЛЮЧЕВЫЕ РЕКВИЗИТЫ ЗАПИСИ:
  Р[3-3.3-1] (Вид уголовного дела или материала проверки): 1
  Р[3-3.3-2] (Последние две цифры года..): 17
  Р[3-3.3-3] (Уникальный восьмиразрядный код подразделения): 08140021
  Р[3-3.3-4] (Присвоенный при регистрации порядковый номер уголовного дела..): 021000014
<<<ЛОГИЧЕСКИЕ ОШИБКИ>>>
Укажите одно из решений
  Поле Р[3-5] = 20180120 
  Поле Р[3-13] =  
  Поле Р[3-16] =  
  Поле Р[3-17] =   
  Поле Р[3-7-1] =  
  Поле Р[3-8-1] =  
  Поле Р[3-9] =  
  Поле Р[3-11] =  
  Поле Р[3-12-1] =  
  Поле Р[3-12.2] =  

!!!ОШИБКИ!!! В ЗАПИСИ #1886:
КЛЮЧЕВЫЕ РЕКВИЗИТЫ ЗАПИСИ:
  Р[3-3.3-1] (Вид уголовного дела или материала проверки): 1
  Р[3-3.3-2] (Последние две цифры года..): 11
  Р[3-3.3-3] (Уникальный восьмиразрядный код подразделения): 00140002
  Р[3-3.3-4] (Присвоенный при регистрации порядковый номер уголовного дела..): 002060807
<<<ЛОГИЧЕСКИЕ ОШИБКИ>>>
Укажите одно из решений
  Поле Р[3-5] = 20180111 
  Поле Р[3-13] =  
  Поле Р[3-16] =  
  Поле Р[3-17] =   
  Поле Р[3-7-1] =  
  Поле Р[3-8-1] =  
  Поле Р[3-9] =  
  Поле Р[3-11] =  
  Поле Р[3-12-1] =  
  Поле Р[3-12.2] =  

ОБРАБОТАНО ЗАПИСЕЙ: 2058
<<=ОШИБОК=>> ФОРМАТНЫХ: 0 - ЛОГИЧЕСКИХ: 14 - НСИ: 3
ВЫГРУЖЕНО ЗАПИСЕЙ: 2058 В ФАЙЛ F3-201801-1114-2018021019003546455771.bd
<Конец обработки> - 2018-02-10 19:17:01
--------------------------------------------------------------------------------------------------------------

Унифицированный срез "F3-201801-1114" из 2058 запис., содержащий 0 зап. с форматными ошибками / 14 зап. с ошибками по ЛУСам / 3 зап. с ошибками по справочникам загружен в базу данных.  (Дата загрузки: 10.02.2018 года       Время загрузки: 19.17.05       Загрузил: Иванюченко       Статус среза: Загружен c ошибками)

