<Начало обработки> - 2018-02-28 15:55:40
ЛОГИЧЕСКИЙ КОНТРОЛЬ ТЕКСТОВЫХ ДАННЫХ: F3-201802-1114.sdf
Файл инструкций логического контроля: F3-201802-1114-2018022814212146714356.lus
Файл формата базы: F3-201802-1114-2018022814212146714356.fmt
Файл паспорта: F3-201802-1114-2018022814212146714356.psp
Включена проверка на дубли
Включена проверка нормативно-справочной информации (НСИ) файл справочников: SPR-201802-2018022814212146714356.spr
Последовательный файл: F3-201802-1114.sdf
Файл для вывода среза: F3-201802-1114-2018022814212146714356.bd

!!!ОШИБКИ!!! В ЗАПИСИ #94:
КЛЮЧЕВЫЕ РЕКВИЗИТЫ ЗАПИСИ:
  Р[3-3.3-1] (Вид уголовного дела или материала проверки): 1
  Р[3-3.3-2] (Последние две цифры года..): 17
  Р[3-3.3-3] (Уникальный восьмиразрядный код подразделения): 01140001
  Р[3-3.3-4] (Присвоенный при регистрации порядковый номер уголовного дела..): 001000612
===ОШИБКИ НСИ===
Поле: Р[3-12.2] Реализация: 1 Значение: 4 - Нет в справочнике 314 - Дело передано прокурору с обвинительным заключением, актом, постановлением, направлено ходатайство, судом отказано в удовлетворении ходатайства

!!!ОШИБКИ!!! В ЗАПИСИ #417:
КЛЮЧЕВЫЕ РЕКВИЗИТЫ ЗАПИСИ:
  Р[3-3.3-1] (Вид уголовного дела или материала проверки): 1
  Р[3-3.3-2] (Последние две цифры года..): 17
  Р[3-3.3-3] (Уникальный восьмиразрядный код подразделения): 01140004
  Р[3-3.3-4] (Присвоенный при регистрации порядковый номер уголовного дела..): 004000224
<<<ЛОГИЧЕСКИЕ ОШИБКИ>>>
Для дела, приостановленного по ст.208 п.2 Р[3-12-1]=1) номер роз.дела Р[3-12-2] ОБЯЗАТЕЛЕН
  Поле Р[3-5] = 20180208 
  Поле Р[3-12-2] =  
  Поле Р[3-12-1] = 1 

!!!ОШИБКИ!!! В ЗАПИСИ #541:
КЛЮЧЕВЫЕ РЕКВИЗИТЫ ЗАПИСИ:
  Р[3-3.3-1] (Вид уголовного дела или материала проверки): 1
  Р[3-3.3-2] (Последние две цифры года..): 17
  Р[3-3.3-3] (Уникальный восьмиразрядный код подразделения): 01140005
  Р[3-3.3-4] (Присвоенный при регистрации порядковый номер уголовного дела..): 005000462
***ФОРМАТНЫЕ ОШИБКИ***
Неверен ГОД в значении реквизита Р[3-11].1 (= 00000002)
Неверен МЕСЯЦ в значении реквизита Р[3-11].1 (= 00000002)
<<<ЛОГИЧЕСКИЕ ОШИБКИ>>>
При продлении сроков Р[3-9] необходимо задать срок продления Р[3-10]
  Поле Р[3-5] = 20180222 
  Поле Р[3-9] = 1 
  Поле Р[3-10] =  
Дата передачи дела на ознакомление Р[3-11] должна относиться к ТЕКУЩЕМУ отчётному периоду!!!
  Поле Р[3-11] = 00000002 
  Поле Р[3-13] =  
  Поле Р[3-16] =  
  Поле Р[3-17] =   
  Поле Р[3-7-1] =  
  Поле Р[3-8-1] =  
  Поле Р[3-12-1] =  
Дата передачи на ознакомление Р[3-11] < Дата возбуждения дела ф.3 Р[3-6]
  Поле Р[3-11] = 00000002 
  Поле Р[3-6] = 20171226 

!!!ОШИБКИ!!! В ЗАПИСИ #613:
КЛЮЧЕВЫЕ РЕКВИЗИТЫ ЗАПИСИ:
  Р[3-3.3-1] (Вид уголовного дела или материала проверки): 1
  Р[3-3.3-2] (Последние две цифры года..): 17
  Р[3-3.3-3] (Уникальный восьмиразрядный код подразделения): 01140006
  Р[3-3.3-4] (Присвоенный при регистрации порядковый номер уголовного дела..): 006000532
<<<ЛОГИЧЕСКИЕ ОШИБКИ>>>
Дата поступления ф.3 Р[3-5] < Дата возбуждения дела ф.3 Р[3-6]
  Поле Р[3-6] = 20171207 
  Поле Р[3-5] = 20170131 
Дата направления ф.3 Р[3-4] < Дата возбуждения дела ф.3 Р[3-6]
  Поле Р[3-6] = 20171207 
  Поле Р[3-4] = 20170131 
Дата поступления ф.3 Р[3-5] < Дата принятия решения ф.3 Р[3-13.1]
  Поле Р[3-13.1] = 20180131 
  Поле Р[3-5] = 20170131 
  Поле Р[3-13] = 01 
Дата направления ф.3 Р[3-4] < Дата принятия решения ф.3 Р[3-13.1]
  Поле Р[3-13.1] = 20180131 
  Поле Р[3-4] = 20170131 
  Поле Р[3-13] = 01 

!!!ОШИБКИ!!! В ЗАПИСИ #673:
КЛЮЧЕВЫЕ РЕКВИЗИТЫ ЗАПИСИ:
  Р[3-3.3-1] (Вид уголовного дела или материала проверки): 1
  Р[3-3.3-2] (Последние две цифры года..): 17
  Р[3-3.3-3] (Уникальный восьмиразрядный код подразделения): 01140007
  Р[3-3.3-4] (Присвоенный при регистрации порядковый номер уголовного дела..): 007000899
<<<ЛОГИЧЕСКИЕ ОШИБКИ>>>
Для дела, приостановленного по ст.208 п.2 Р[3-12-1]=1) номер роз.дела Р[3-12-2] ОБЯЗАТЕЛЕН
  Поле Р[3-5] = 20180105 
  Поле Р[3-12-2] =  
  Поле Р[3-12-1] = 1 

!!!ОШИБКИ!!! В ЗАПИСИ #677:
КЛЮЧЕВЫЕ РЕКВИЗИТЫ ЗАПИСИ:
  Р[3-3.3-1] (Вид уголовного дела или материала проверки): 1
  Р[3-3.3-2] (Последние две цифры года..): 17
  Р[3-3.3-3] (Уникальный восьмиразрядный код подразделения): 01140007
  Р[3-3.3-4] (Присвоенный при регистрации порядковый номер уголовного дела..): 007000947
<<<ЛОГИЧЕСКИЕ ОШИБКИ>>>
Дата поступления ф.3 Р[3-5] < Дата возбуждения дела ф.3 Р[3-6]
  Поле Р[3-6] = 20170922 
  Поле Р[3-5] = 20170124 
Дата направления ф.3 Р[3-4] < Дата возбуждения дела ф.3 Р[3-6]
  Поле Р[3-6] = 20170922 
  Поле Р[3-4] = 20170124 

!!!ОШИБКИ!!! В ЗАПИСИ #686:
КЛЮЧЕВЫЕ РЕКВИЗИТЫ ЗАПИСИ:
  Р[3-3.3-1] (Вид уголовного дела или материала проверки): 1
  Р[3-3.3-2] (Последние две цифры года..): 17
  Р[3-3.3-3] (Уникальный восьмиразрядный код подразделения): 01140007
  Р[3-3.3-4] (Присвоенный при регистрации порядковый номер уголовного дела..): 007001056
<<<ЛОГИЧЕСКИЕ ОШИБКИ>>>
Дата поступления ф.3 Р[3-5] < Дата возбуждения дела ф.3 Р[3-6]
  Поле Р[3-6] = 20171025 
  Поле Р[3-5] = 20170117 
Дата направления ф.3 Р[3-4] < Дата возбуждения дела ф.3 Р[3-6]
  Поле Р[3-6] = 20171025 
  Поле Р[3-4] = 20170117 
Дата поступления ф.3 Р[3-5] < Дата принятия решения ф.3 Р[3-13.1]
  Поле Р[3-13.1] = 20180117 
  Поле Р[3-5] = 20170117 
  Поле Р[3-13] = 01 
Дата направления ф.3 Р[3-4] < Дата принятия решения ф.3 Р[3-13.1]
  Поле Р[3-13.1] = 20180117 
  Поле Р[3-4] = 20170117 
  Поле Р[3-13] = 01 

!!!ОШИБКИ!!! В ЗАПИСИ #801:
КЛЮЧЕВЫЕ РЕКВИЗИТЫ ЗАПИСИ:
  Р[3-3.3-1] (Вид уголовного дела или материала проверки): 1
  Р[3-3.3-2] (Последние две цифры года..): 17
  Р[3-3.3-3] (Уникальный восьмиразрядный код подразделения): 01140007
  Р[3-3.3-4] (Присвоенный при регистрации порядковый номер уголовного дела..): 007001234
<<<ЛОГИЧЕСКИЕ ОШИБКИ>>>
Дата поступления ф.3 Р[3-5] < Дата возбуждения дела ф.3 Р[3-6]
  Поле Р[3-6] = 20181225 
  Поле Р[3-5] = 20180223 
Дата направления ф.3 Р[3-4] < Дата возбуждения дела ф.3 Р[3-6]
  Поле Р[3-6] = 20181225 
  Поле Р[3-4] = 20180223 

!!!ОШИБКИ!!! В ЗАПИСИ #1071:
КЛЮЧЕВЫЕ РЕКВИЗИТЫ ЗАПИСИ:
  Р[3-3.3-1] (Вид уголовного дела или материала проверки): 1
  Р[3-3.3-2] (Последние две цифры года..): 17
  Р[3-3.3-3] (Уникальный восьмиразрядный код подразделения): 01140016
  Р[3-3.3-4] (Присвоенный при регистрации порядковый номер уголовного дела..): 016000174
<<<ЛОГИЧЕСКИЕ ОШИБКИ>>>
Дата поступления ф.3 Р[3-5] < Дата возбуждения дела ф.3 Р[3-6]
  Поле Р[3-6] = 20181022 
  Поле Р[3-5] = 20180220 
Дата направления ф.3 Р[3-4] < Дата возбуждения дела ф.3 Р[3-6]
  Поле Р[3-6] = 20181022 
  Поле Р[3-4] = 20180220 

!!!ОШИБКИ!!! В ЗАПИСИ #1175:
КЛЮЧЕВЫЕ РЕКВИЗИТЫ ЗАПИСИ:
  Р[3-3.3-1] (Вид уголовного дела или материала проверки): 1
  Р[3-3.3-2] (Последние две цифры года..): 17
  Р[3-3.3-3] (Уникальный восьмиразрядный код подразделения): 01140019
  Р[3-3.3-4] (Присвоенный при регистрации порядковый номер уголовного дела..): 019000381
***ФОРМАТНЫЕ ОШИБКИ***
Неверен ДЕНЬ в значении реквизита Р[3-10].1 (= 20180229)

!!!ОШИБКИ!!! В ЗАПИСИ #1349:
КЛЮЧЕВЫЕ РЕКВИЗИТЫ ЗАПИСИ:
  Р[3-3.3-1] (Вид уголовного дела или материала проверки): 1
  Р[3-3.3-2] (Последние две цифры года..): 17
  Р[3-3.3-3] (Уникальный восьмиразрядный код подразделения): 01140024
  Р[3-3.3-4] (Присвоенный при регистрации порядковый номер уголовного дела..): 024000911
<<<ЛОГИЧЕСКИЕ ОШИБКИ>>>
Укажите одно из решений
  Поле Р[3-5] = 20180213 
  Поле Р[3-13] =  
  Поле Р[3-16] =  
  Поле Р[3-17] =   
  Поле Р[3-7-1] =  
  Поле Р[3-8-1] =  
  Поле Р[3-9] =  
  Поле Р[3-11] =  
  Поле Р[3-12-1] =  
  Поле Р[3-12.2] =  

!!!ОШИБКИ!!! В ЗАПИСИ #1444:
КЛЮЧЕВЫЕ РЕКВИЗИТЫ ЗАПИСИ:
  Р[3-3.3-1] (Вид уголовного дела или материала проверки): 1
  Р[3-3.3-2] (Последние две цифры года..): 17
  Р[3-3.3-3] (Уникальный восьмиразрядный код подразделения): 01140025
  Р[3-3.3-4] (Присвоенный при регистрации порядковый номер уголовного дела..): 025000724
<<<ЛОГИЧЕСКИЕ ОШИБКИ>>>
Дата поступления ф.3 Р[3-5] < Дата направления ф.3 Р[3-4]
  Поле Р[3-4] = 20180131 
  Поле Р[3-5] = 20170131 
Дата поступления ф.3 Р[3-5] < Дата возбуждения дела ф.3 Р[3-6]
  Поле Р[3-6] = 20170914 
  Поле Р[3-5] = 20170131 
Дата поступления ф.3 Р[3-5] < Дата принятия решения ф.3 Р[3-13.1]
  Поле Р[3-13.1] = 20180131 
  Поле Р[3-5] = 20170131 
  Поле Р[3-13] = 31 

!!!ОШИБКИ!!! В ЗАПИСИ #1478:
КЛЮЧЕВЫЕ РЕКВИЗИТЫ ЗАПИСИ:
  Р[3-3.3-1] (Вид уголовного дела или материала проверки): 1
  Р[3-3.3-2] (Последние две цифры года..): 17
  Р[3-3.3-3] (Уникальный восьмиразрядный код подразделения): 01140025
  Р[3-3.3-4] (Присвоенный при регистрации порядковый номер уголовного дела..): 025000854
<<<ЛОГИЧЕСКИЕ ОШИБКИ>>>
Дата поступления ф.3 Р[3-5] < Дата направления ф.3 Р[3-4]
  Поле Р[3-4] = 20180109 
  Поле Р[3-5] = 20170109 
Дата поступления ф.3 Р[3-5] < Дата возбуждения дела ф.3 Р[3-6]
  Поле Р[3-6] = 20171109 
  Поле Р[3-5] = 20170109 

!!!ОШИБКИ!!! В ЗАПИСИ #1539:
КЛЮЧЕВЫЕ РЕКВИЗИТЫ ЗАПИСИ:
  Р[3-3.3-1] (Вид уголовного дела или материала проверки): 1
  Р[3-3.3-2] (Последние две цифры года..): 17
  Р[3-3.3-3] (Уникальный восьмиразрядный код подразделения): 01140025
  Р[3-3.3-4] (Присвоенный при регистрации порядковый номер уголовного дела..): 025000964
<<<ЛОГИЧЕСКИЕ ОШИБКИ>>>
Дата поступления ф.3 Р[3-5] < Дата направления ф.3 Р[3-4]
  Поле Р[3-4] = 20180226 
  Поле Р[3-5] = 20180222 

!!!ОШИБКИ!!! В ЗАПИСИ #1594:
КЛЮЧЕВЫЕ РЕКВИЗИТЫ ЗАПИСИ:
  Р[3-3.3-1] (Вид уголовного дела или материала проверки): 1
  Р[3-3.3-2] (Последние две цифры года..): 17
  Р[3-3.3-3] (Уникальный восьмиразрядный код подразделения): 01140026
  Р[3-3.3-4] (Присвоенный при регистрации порядковый номер уголовного дела..): 026000370
<<<ЛОГИЧЕСКИЕ ОШИБКИ>>>
Для дела, приостановленного по ст.208 п.2 Р[3-12-1]=1) номер роз.дела Р[3-12-2] ОБЯЗАТЕЛЕН
  Поле Р[3-5] = 20180102 
  Поле Р[3-12-2] =  
  Поле Р[3-12-1] = 1 

!!!ОШИБКИ!!! В ЗАПИСИ #1902:
КЛЮЧЕВЫЕ РЕКВИЗИТЫ ЗАПИСИ:
  Р[3-3.3-1] (Вид уголовного дела или материала проверки): 1
  Р[3-3.3-2] (Последние две цифры года..): 17
  Р[3-3.3-3] (Уникальный восьмиразрядный код подразделения): 02140005
  Р[3-3.3-4] (Присвоенный при регистрации порядковый номер уголовного дела..): 005000056
===ОШИБКИ НСИ===
Поле: Р[3-12.2] Реализация: 1 Значение: 4 - Нет в справочнике 314 - Дело передано прокурору с обвинительным заключением, актом, постановлением, направлено ходатайство, судом отказано в удовлетворении ходатайства

!!!ОШИБКИ!!! В ЗАПИСИ #1903:
КЛЮЧЕВЫЕ РЕКВИЗИТЫ ЗАПИСИ:
  Р[3-3.3-1] (Вид уголовного дела или материала проверки): 1
  Р[3-3.3-2] (Последние две цифры года..): 17
  Р[3-3.3-3] (Уникальный восьмиразрядный код подразделения): 02140005
  Р[3-3.3-4] (Присвоенный при регистрации порядковый номер уголовного дела..): 005000057
===ОШИБКИ НСИ===
Поле: Р[3-12.2] Реализация: 1 Значение: 4 - Нет в справочнике 314 - Дело передано прокурору с обвинительным заключением, актом, постановлением, направлено ходатайство, судом отказано в удовлетворении ходатайства

!!!ОШИБКИ!!! В ЗАПИСИ #1905:
КЛЮЧЕВЫЕ РЕКВИЗИТЫ ЗАПИСИ:
  Р[3-3.3-1] (Вид уголовного дела или материала проверки): 1
  Р[3-3.3-2] (Последние две цифры года..): 17
  Р[3-3.3-3] (Уникальный восьмиразрядный код подразделения): 02140005
  Р[3-3.3-4] (Присвоенный при регистрации порядковый номер уголовного дела..): 005000059
===ОШИБКИ НСИ===
Поле: Р[3-12.2] Реализация: 1 Значение: 4 - Нет в справочнике 314 - Дело передано прокурору с обвинительным заключением, актом, постановлением, направлено ходатайство, судом отказано в удовлетворении ходатайства

!!!ОШИБКИ!!! В ЗАПИСИ #2746:
КЛЮЧЕВЫЕ РЕКВИЗИТЫ ЗАПИСИ:
  Р[3-3.3-1] (Вид уголовного дела или материала проверки): 1
  Р[3-3.3-2] (Последние две цифры года..): 18
  Р[3-3.3-3] (Уникальный восьмиразрядный код подразделения): 02140011
  Р[3-3.3-4] (Присвоенный при регистрации порядковый номер уголовного дела..): 011000007
===ОШИБКИ НСИ===
Поле: Р[3-12.2] Реализация: 1 Значение: 4 - Нет в справочнике 314 - Дело передано прокурору с обвинительным заключением, актом, постановлением, направлено ходатайство, судом отказано в удовлетворении ходатайства

!!!ОШИБКИ!!! В ЗАПИСИ #2781:
КЛЮЧЕВЫЕ РЕКВИЗИТЫ ЗАПИСИ:
  Р[3-3.3-1] (Вид уголовного дела или материала проверки): 1
  Р[3-3.3-2] (Последние две цифры года..): 18
  Р[3-3.3-3] (Уникальный восьмиразрядный код подразделения): 08140029
  Р[3-3.3-4] (Присвоенный при регистрации порядковый номер уголовного дела..): 029000009
<<<ЛОГИЧЕСКИЕ ОШИБКИ>>>
Укажите одно из решений
  Поле Р[3-5] = 20180222 
  Поле Р[3-13] =  
  Поле Р[3-16] =  
  Поле Р[3-17] =   
  Поле Р[3-7-1] =  
  Поле Р[3-8-1] =  
  Поле Р[3-9] =  
  Поле Р[3-11] =  
  Поле Р[3-12-1] =  
  Поле Р[3-12.2] =  

!!!ОШИБКИ!!! В ЗАПИСИ #2849:
КЛЮЧЕВЫЕ РЕКВИЗИТЫ ЗАПИСИ:
  Р[3-3.3-1] (Вид уголовного дела или материала проверки): 1
  Р[3-3.3-2] (Последние две цифры года..): 07
  Р[3-3.3-3] (Уникальный восьмиразрядный код подразделения): 0014000К
  Р[3-3.3-4] (Присвоенный при регистрации порядковый номер уголовного дела..): 00К080024
***ФОРМАТНЫЕ ОШИБКИ***
Встречен не цифровой символ в значении поля Р[3-3-2].1 (= 00К080024)
Встречен не цифровой символ в значении поля Р[3-3.3-3].1 (= 0014000К)
Встречен не цифровой символ в значении поля Р[3-3.3-4].1 (= 00К080024)
Обнаружено 'пустое'(NULL) значение ОБЯЗАТЕЛЬНОГО к заполнению поля Р[3-3.3-4] !
<<<ЛОГИЧЕСКИЕ ОШИБКИ>>>
Номер уголовного дела Р[3-3.3-4] должен быть указан обязательно!
  Поле Р[3-3.3-4] =  

!!!ОШИБКИ!!! В ЗАПИСИ #2878:
КЛЮЧЕВЫЕ РЕКВИЗИТЫ ЗАПИСИ:
  Р[3-3.3-1] (Вид уголовного дела или материала проверки): 1
  Р[3-3.3-2] (Последние две цифры года..): 08
  Р[3-3.3-3] (Уникальный восьмиразрядный код подразделения): 0014000К
  Р[3-3.3-4] (Присвоенный при регистрации порядковый номер уголовного дела..): 00К080002
***ФОРМАТНЫЕ ОШИБКИ***
Встречен не цифровой символ в значении поля Р[3-3-2].1 (= 00К080002)
Встречен не цифровой символ в значении поля Р[3-3.3-3].1 (= 0014000К)
Встречен не цифровой символ в значении поля Р[3-3.3-4].1 (= 00К080002)
Обнаружено 'пустое'(NULL) значение ОБЯЗАТЕЛЬНОГО к заполнению поля Р[3-3.3-4] !
<<<ЛОГИЧЕСКИЕ ОШИБКИ>>>
Номер уголовного дела Р[3-3.3-4] должен быть указан обязательно!
  Поле Р[3-3.3-4] =  

!!!ОШИБКИ!!! В ЗАПИСИ #2879:
КЛЮЧЕВЫЕ РЕКВИЗИТЫ ЗАПИСИ:
  Р[3-3.3-1] (Вид уголовного дела или материала проверки): 1
  Р[3-3.3-2] (Последние две цифры года..): 08
  Р[3-3.3-3] (Уникальный восьмиразрядный код подразделения): 0014000К
  Р[3-3.3-4] (Присвоенный при регистрации порядковый номер уголовного дела..): 00К080003
***ФОРМАТНЫЕ ОШИБКИ***
Встречен не цифровой символ в значении поля Р[3-3-2].1 (= 00К080003)
Встречен не цифровой символ в значении поля Р[3-3.3-3].1 (= 0014000К)
Встречен не цифровой символ в значении поля Р[3-3.3-4].1 (= 00К080003)
Обнаружено 'пустое'(NULL) значение ОБЯЗАТЕЛЬНОГО к заполнению поля Р[3-3.3-4] !
Дубль по ключу записи (запись с таким ключем уже была)
<<<ЛОГИЧЕСКИЕ ОШИБКИ>>>
Номер уголовного дела Р[3-3.3-4] должен быть указан обязательно!
  Поле Р[3-3.3-4] =  

!!!ОШИБКИ!!! В ЗАПИСИ #2880:
КЛЮЧЕВЫЕ РЕКВИЗИТЫ ЗАПИСИ:
  Р[3-3.3-1] (Вид уголовного дела или материала проверки): 1
  Р[3-3.3-2] (Последние две цифры года..): 08
  Р[3-3.3-3] (Уникальный восьмиразрядный код подразделения): 0014000К
  Р[3-3.3-4] (Присвоенный при регистрации порядковый номер уголовного дела..): 00К080004
***ФОРМАТНЫЕ ОШИБКИ***
Встречен не цифровой символ в значении поля Р[3-3-2].1 (= 00К080004)
Встречен не цифровой символ в значении поля Р[3-3.3-3].1 (= 0014000К)
Встречен не цифровой символ в значении поля Р[3-3.3-4].1 (= 00К080004)
Обнаружено 'пустое'(NULL) значение ОБЯЗАТЕЛЬНОГО к заполнению поля Р[3-3.3-4] !
Дубль по ключу записи (запись с таким ключем уже была)
<<<ЛОГИЧЕСКИЕ ОШИБКИ>>>
Номер уголовного дела Р[3-3.3-4] должен быть указан обязательно!
  Поле Р[3-3.3-4] =  

!!!ОШИБКИ!!! В ЗАПИСИ #2888:
КЛЮЧЕВЫЕ РЕКВИЗИТЫ ЗАПИСИ:
  Р[3-3.3-1] (Вид уголовного дела или материала проверки): 1
  Р[3-3.3-2] (Последние две цифры года..): 10
  Р[3-3.3-3] (Уникальный восьмиразрядный код подразделения): 00140002
  Р[3-3.3-4] (Присвоенный при регистрации порядковый номер уголовного дела..): 002060506
<<<ЛОГИЧЕСКИЕ ОШИБКИ>>>
Укажите одно из решений
  Поле Р[3-5] = 20180212 
  Поле Р[3-13] =  
  Поле Р[3-16] =  
  Поле Р[3-17] =   
  Поле Р[3-7-1] =  
  Поле Р[3-8-1] =  
  Поле Р[3-9] =  
  Поле Р[3-11] =  
  Поле Р[3-12-1] =  
  Поле Р[3-12.2] =  

!!!ОШИБКИ!!! В ЗАПИСИ #2962:
КЛЮЧЕВЫЕ РЕКВИЗИТЫ ЗАПИСИ:
  Р[3-3.3-1] (Вид уголовного дела или материала проверки): 1
  Р[3-3.3-2] (Последние две цифры года..): 11
  Р[3-3.3-3] (Уникальный восьмиразрядный код подразделения): 00140002
  Р[3-3.3-4] (Присвоенный при регистрации порядковый номер уголовного дела..): 002060807
<<<ЛОГИЧЕСКИЕ ОШИБКИ>>>
Укажите одно из решений
  Поле Р[3-5] = 20180111 
  Поле Р[3-13] =  
  Поле Р[3-16] =  
  Поле Р[3-17] =   
  Поле Р[3-7-1] =  
  Поле Р[3-8-1] =  
  Поле Р[3-9] =  
  Поле Р[3-11] =  
  Поле Р[3-12-1] =  
  Поле Р[3-12.2] =  

!!!ОШИБКИ!!! В ЗАПИСИ #2968:
КЛЮЧЕВЫЕ РЕКВИЗИТЫ ЗАПИСИ:
  Р[3-3.3-1] (Вид уголовного дела или материала проверки): 1
  Р[3-3.3-2] (Последние две цифры года..): 11
  Р[3-3.3-3] (Уникальный восьмиразрядный код подразделения): 00140002
  Р[3-3.3-4] (Присвоенный при регистрации порядковый номер уголовного дела..): 002060866
<<<ЛОГИЧЕСКИЕ ОШИБКИ>>>
Укажите одно из решений
  Поле Р[3-5] = 20180212 
  Поле Р[3-13] =  
  Поле Р[3-16] =  
  Поле Р[3-17] =   
  Поле Р[3-7-1] =  
  Поле Р[3-8-1] =  
  Поле Р[3-9] =  
  Поле Р[3-11] =  
  Поле Р[3-12-1] =  
  Поле Р[3-12.2] =  

!!!ОШИБКИ!!! В ЗАПИСИ #3075:
КЛЮЧЕВЫЕ РЕКВИЗИТЫ ЗАПИСИ:
  Р[3-3.3-1] (Вид уголовного дела или материала проверки): 1
  Р[3-3.3-2] (Последние две цифры года..): 13
  Р[3-3.3-3] (Уникальный восьмиразрядный код подразделения): 0014000К
  Р[3-3.3-4] (Присвоенный при регистрации порядковый номер уголовного дела..): 00К160005
***ФОРМАТНЫЕ ОШИБКИ***
Встречен не цифровой символ в значении поля Р[3-3-2].1 (= 00К160005)
Встречен не цифровой символ в значении поля Р[3-3.3-3].1 (= 0014000К)
Встречен не цифровой символ в значении поля Р[3-3.3-4].1 (= 00К160005)
Обнаружено 'пустое'(NULL) значение ОБЯЗАТЕЛЬНОГО к заполнению поля Р[3-3.3-4] !
<<<ЛОГИЧЕСКИЕ ОШИБКИ>>>
Номер уголовного дела Р[3-3.3-4] должен быть указан обязательно!
  Поле Р[3-3.3-4] =  

!!!ОШИБКИ!!! В ЗАПИСИ #3089:
КЛЮЧЕВЫЕ РЕКВИЗИТЫ ЗАПИСИ:
  Р[3-3.3-1] (Вид уголовного дела или материала проверки): 1
  Р[3-3.3-2] (Последние две цифры года..): 14
  Р[3-3.3-3] (Уникальный восьмиразрядный код подразделения): 0014000К
  Р[3-3.3-4] (Присвоенный при регистрации порядковый номер уголовного дела..): 00К040039
***ФОРМАТНЫЕ ОШИБКИ***
Встречен не цифровой символ в значении поля Р[3-3-2].1 (= 00К040039)
Встречен не цифровой символ в значении поля Р[3-3.3-3].1 (= 0014000К)
Встречен не цифровой символ в значении поля Р[3-3.3-4].1 (= 00К040039)
Обнаружено 'пустое'(NULL) значение ОБЯЗАТЕЛЬНОГО к заполнению поля Р[3-3.3-4] !
<<<ЛОГИЧЕСКИЕ ОШИБКИ>>>
Номер уголовного дела Р[3-3.3-4] должен быть указан обязательно!
  Поле Р[3-3.3-4] =  

!!!ОШИБКИ!!! В ЗАПИСИ #3090:
КЛЮЧЕВЫЕ РЕКВИЗИТЫ ЗАПИСИ:
  Р[3-3.3-1] (Вид уголовного дела или материала проверки): 1
  Р[3-3.3-2] (Последние две цифры года..): 14
  Р[3-3.3-3] (Уникальный восьмиразрядный код подразделения): 0014000К
  Р[3-3.3-4] (Присвоенный при регистрации порядковый номер уголовного дела..): 00К130030
***ФОРМАТНЫЕ ОШИБКИ***
Встречен не цифровой символ в значении поля Р[3-3-2].1 (= 00К130030)
Встречен не цифровой символ в значении поля Р[3-3.3-3].1 (= 0014000К)
Встречен не цифровой символ в значении поля Р[3-3.3-4].1 (= 00К130030)
Обнаружено 'пустое'(NULL) значение ОБЯЗАТЕЛЬНОГО к заполнению поля Р[3-3.3-4] !
Дубль по ключу записи (запись с таким ключем уже была)
<<<ЛОГИЧЕСКИЕ ОШИБКИ>>>
Номер уголовного дела Р[3-3.3-4] должен быть указан обязательно!
  Поле Р[3-3.3-4] =  

!!!ОШИБКИ!!! В ЗАПИСИ #3194:
КЛЮЧЕВЫЕ РЕКВИЗИТЫ ЗАПИСИ:
  Р[3-3.3-1] (Вид уголовного дела или материала проверки): 1
  Р[3-3.3-2] (Последние две цифры года..): 15
  Р[3-3.3-3] (Уникальный восьмиразрядный код подразделения): 0014000К
  Р[3-3.3-4] (Присвоенный при регистрации порядковый номер уголовного дела..): 00К040003
***ФОРМАТНЫЕ ОШИБКИ***
Встречен не цифровой символ в значении поля Р[3-3-2].1 (= 00К040003)
Встречен не цифровой символ в значении поля Р[3-3.3-3].1 (= 0014000К)
Встречен не цифровой символ в значении поля Р[3-3.3-4].1 (= 00К040003)
Обнаружено 'пустое'(NULL) значение ОБЯЗАТЕЛЬНОГО к заполнению поля Р[3-3.3-4] !
<<<ЛОГИЧЕСКИЕ ОШИБКИ>>>
Номер уголовного дела Р[3-3.3-4] должен быть указан обязательно!
  Поле Р[3-3.3-4] =  

!!!ОШИБКИ!!! В ЗАПИСИ #3195:
КЛЮЧЕВЫЕ РЕКВИЗИТЫ ЗАПИСИ:
  Р[3-3.3-1] (Вид уголовного дела или материала проверки): 1
  Р[3-3.3-2] (Последние две цифры года..): 15
  Р[3-3.3-3] (Уникальный восьмиразрядный код подразделения): 0014000К
  Р[3-3.3-4] (Присвоенный при регистрации порядковый номер уголовного дела..): 00К040028
***ФОРМАТНЫЕ ОШИБКИ***
Встречен не цифровой символ в значении поля Р[3-3-2].1 (= 00К040028)
Встречен не цифровой символ в значении поля Р[3-3.3-3].1 (= 0014000К)
Встречен не цифровой символ в значении поля Р[3-3.3-4].1 (= 00К040028)
Обнаружено 'пустое'(NULL) значение ОБЯЗАТЕЛЬНОГО к заполнению поля Р[3-3.3-4] !
Дубль по ключу записи (запись с таким ключем уже была)
<<<ЛОГИЧЕСКИЕ ОШИБКИ>>>
Номер уголовного дела Р[3-3.3-4] должен быть указан обязательно!
  Поле Р[3-3.3-4] =  

!!!ОШИБКИ!!! В ЗАПИСИ #3196:
КЛЮЧЕВЫЕ РЕКВИЗИТЫ ЗАПИСИ:
  Р[3-3.3-1] (Вид уголовного дела или материала проверки): 1
  Р[3-3.3-2] (Последние две цифры года..): 15
  Р[3-3.3-3] (Уникальный восьмиразрядный код подразделения): 0014000К
  Р[3-3.3-4] (Присвоенный при регистрации порядковый номер уголовного дела..): 00К910091
***ФОРМАТНЫЕ ОШИБКИ***
Встречен не цифровой символ в значении поля Р[3-3-2].1 (= 00К910091)
Встречен не цифровой символ в значении поля Р[3-3.3-3].1 (= 0014000К)
Встречен не цифровой символ в значении поля Р[3-3.3-4].1 (= 00К910091)
Обнаружено 'пустое'(NULL) значение ОБЯЗАТЕЛЬНОГО к заполнению поля Р[3-3.3-4] !
Дубль по ключу записи (запись с таким ключем уже была)
<<<ЛОГИЧЕСКИЕ ОШИБКИ>>>
Номер уголовного дела Р[3-3.3-4] должен быть указан обязательно!
  Поле Р[3-3.3-4] =  

!!!ОШИБКИ!!! В ЗАПИСИ #3237:
КЛЮЧЕВЫЕ РЕКВИЗИТЫ ЗАПИСИ:
  Р[3-3.3-1] (Вид уголовного дела или материала проверки): 1
  Р[3-3.3-2] (Последние две цифры года..): 16
  Р[3-3.3-3] (Уникальный восьмиразрядный код подразделения): 00140002
  Р[3-3.3-4] (Присвоенный при регистрации порядковый номер уголовного дела..): 002140130
***ФОРМАТНЫЕ ОШИБКИ***
Дубль по ключу записи (запись с таким ключем уже была)

!!!ОШИБКИ!!! В ЗАПИСИ #3304:
КЛЮЧЕВЫЕ РЕКВИЗИТЫ ЗАПИСИ:
  Р[3-3.3-1] (Вид уголовного дела или материала проверки): 1
  Р[3-3.3-2] (Последние две цифры года..): 16
  Р[3-3.3-3] (Уникальный восьмиразрядный код подразделения): 0014000К
  Р[3-3.3-4] (Присвоенный при регистрации порядковый номер уголовного дела..): 00К080005
***ФОРМАТНЫЕ ОШИБКИ***
Встречен не цифровой символ в значении поля Р[3-3-2].1 (= 00К080005)
Встречен не цифровой символ в значении поля Р[3-3.3-3].1 (= 0014000К)
Встречен не цифровой символ в значении поля Р[3-3.3-4].1 (= 00К080005)
Обнаружено 'пустое'(NULL) значение ОБЯЗАТЕЛЬНОГО к заполнению поля Р[3-3.3-4] !
<<<ЛОГИЧЕСКИЕ ОШИБКИ>>>
Номер уголовного дела Р[3-3.3-4] должен быть указан обязательно!
  Поле Р[3-3.3-4] =  

!!!ОШИБКИ!!! В ЗАПИСИ #3305:
КЛЮЧЕВЫЕ РЕКВИЗИТЫ ЗАПИСИ:
  Р[3-3.3-1] (Вид уголовного дела или материала проверки): 1
  Р[3-3.3-2] (Последние две цифры года..): 16
  Р[3-3.3-3] (Уникальный восьмиразрядный код подразделения): 0014000К
  Р[3-3.3-4] (Присвоенный при регистрации порядковый номер уголовного дела..): 00К240008
***ФОРМАТНЫЕ ОШИБКИ***
Встречен не цифровой символ в значении поля Р[3-3-2].1 (= 00К240008)
Встречен не цифровой символ в значении поля Р[3-3.3-3].1 (= 0014000К)
Встречен не цифровой символ в значении поля Р[3-3.3-4].1 (= 00К240008)
Обнаружено 'пустое'(NULL) значение ОБЯЗАТЕЛЬНОГО к заполнению поля Р[3-3.3-4] !
Дубль по ключу записи (запись с таким ключем уже была)
<<<ЛОГИЧЕСКИЕ ОШИБКИ>>>
Номер уголовного дела Р[3-3.3-4] должен быть указан обязательно!
  Поле Р[3-3.3-4] =  

!!!ОШИБКИ!!! В ЗАПИСИ #3306:
КЛЮЧЕВЫЕ РЕКВИЗИТЫ ЗАПИСИ:
  Р[3-3.3-1] (Вид уголовного дела или материала проверки): 1
  Р[3-3.3-2] (Последние две цифры года..): 16
  Р[3-3.3-3] (Уникальный восьмиразрядный код подразделения): 0014000П
  Р[3-3.3-4] (Присвоенный при регистрации порядковый номер уголовного дела..): 00П060044
***ФОРМАТНЫЕ ОШИБКИ***
Встречен не цифровой символ в значении поля Р[3-3-2].1 (= 00П060044)
Встречен не цифровой символ в значении поля Р[3-3.3-3].1 (= 0014000П)
Встречен не цифровой символ в значении поля Р[3-3.3-4].1 (= 00П060044)
Обнаружено 'пустое'(NULL) значение ОБЯЗАТЕЛЬНОГО к заполнению поля Р[3-3.3-4] !
Дубль по ключу записи (запись с таким ключем уже была)
<<<ЛОГИЧЕСКИЕ ОШИБКИ>>>
Номер уголовного дела Р[3-3.3-4] должен быть указан обязательно!
  Поле Р[3-3.3-4] =  

!!!ОШИБКИ!!! В ЗАПИСИ #3333:
КЛЮЧЕВЫЕ РЕКВИЗИТЫ ЗАПИСИ:
  Р[3-3.3-1] (Вид уголовного дела или материала проверки): 4
  Р[3-3.3-2] (Последние две цифры года..): 17
  Р[3-3.3-3] (Уникальный восьмиразрядный код подразделения): 01140007
  Р[3-3.3-4] (Присвоенный при регистрации порядковый номер уголовного дела..): 007001232
<<<ЛОГИЧЕСКИЕ ОШИБКИ>>>
Дата поступления ф.3 Р[3-5] < Дата возбуждения дела ф.3 Р[3-6]
  Поле Р[3-6] = 20181225 
  Поле Р[3-5] = 20180226 
Дата направления ф.3 Р[3-4] < Дата возбуждения дела ф.3 Р[3-6]
  Поле Р[3-6] = 20181225 
  Поле Р[3-4] = 20180226 

!!!ОШИБКИ!!! В ЗАПИСИ #3352:
КЛЮЧЕВЫЕ РЕКВИЗИТЫ ЗАПИСИ:
  Р[3-3.3-1] (Вид уголовного дела или материала проверки): 4
  Р[3-3.3-2] (Последние две цифры года..): 18
  Р[3-3.3-3] (Уникальный восьмиразрядный код подразделения): 01140025
  Р[3-3.3-4] (Присвоенный при регистрации порядковый номер уголовного дела..): 025000048
***ФОРМАТНЫЕ ОШИБКИ***
Неверен МЕСЯЦ в значении реквизита Р[3-6].1 (= 20171828)

ОБРАБОТАНО ЗАПИСЕЙ: 3364
<<=ОШИБОК=>> ФОРМАТНЫХ: 17 - ЛОГИЧЕСКИХ: 31 - НСИ: 5
ВЫГРУЖЕНО ЗАПИСЕЙ: 3364 В ФАЙЛ F3-201802-1114-2018022814212146714356.bd
<Конец обработки> - 2018-02-28 15:55:41
--------------------------------------------------------------------------------------------------------------

Унифицированный срез "F3-201802-1114" из 3364 запис., содержащий 17 зап. с форматными ошибками / 31 зап. с ошибками по ЛУСам / 5 зап. с ошибками по справочникам НЕ загружен в базу данных из-за ошибок. (Дата загрузки: 28.02.2018 года       Время загрузки: 15.56.04       Загрузил: Иванюченко       Статус среза: НЕ загружен из-за ошибок)

