<Начало обработки> - 2018-02-28 15:56:35
ЛОГИЧЕСКИЙ КОНТРОЛЬ ТЕКСТОВЫХ ДАННЫХ: F5-201802-1114.sdf
Файл инструкций логического контроля: F5-201802-1114-2018022814212146714356.lus
Файл формата базы: F5-201802-1114-2018022814212146714356.fmt
Файл паспорта: F5-201802-1114-2018022814212146714356.psp
Включена проверка нормативно-справочной информации (НСИ) файл справочников: SPR-201802-2018022814212146714356.spr
Последовательный файл: F5-201802-1114.sdf
Файл для вывода среза: F5-201802-1114-2018022814212146714356.bd

!!!ОШИБКИ!!! В ЗАПИСИ #11:
КЛЮЧЕВЫЕ РЕКВИЗИТЫ ЗАПИСИ:
  Р[5-3.1-1] (Порядковый номер лица): 0010
  Р[5-3.1-2] (номер преступления в УД): 001
  Р[5-3.3-1] (Вид уголовного дела или материала проверки): 3
  Р[5-3.3-2] (Последние две цифры года..): 18
  Р[5-3.3-3] (Уникальный восьмиразрядный код подразделения): 01140004
  Р[5-3.3-4] (Присвоенный при регистрации порядковый номер уголовного дела..): 004000002
===ОШИБКИ НСИ===
Поле: Р[5-3-1] Реализация: 1 Значение: 3 - Нет в справочнике 103 - Вид учета

!!!ОШИБКИ!!! В ЗАПИСИ #31:
КЛЮЧЕВЫЕ РЕКВИЗИТЫ ЗАПИСИ:
  Р[5-3.1-1] (Порядковый номер лица): 0010
  Р[5-3.1-2] (номер преступления в УД): 001
  Р[5-3.3-1] (Вид уголовного дела или материала проверки): 1
  Р[5-3.3-2] (Последние две цифры года..): 18
  Р[5-3.3-3] (Уникальный восьмиразрядный код подразделения): 01140004
  Р[5-3.3-4] (Присвоенный при регистрации порядковый номер уголовного дела..): 004000038
<<<ЛОГИЧЕСКИЕ ОШИБКИ>>>
Заполните сумму данного 11 Р[5-11-2]!
  Поле Р[5-11-1] = 2 
  Поле Р[5-11-2] =  

!!!ОШИБКИ!!! В ЗАПИСИ #35:
КЛЮЧЕВЫЕ РЕКВИЗИТЫ ЗАПИСИ:
  Р[5-3.1-1] (Порядковый номер лица): 0010
  Р[5-3.1-2] (номер преступления в УД): 001
  Р[5-3.3-1] (Вид уголовного дела или материала проверки): 3
  Р[5-3.3-2] (Последние две цифры года..): 18
  Р[5-3.3-3] (Уникальный восьмиразрядный код подразделения): 01140004
  Р[5-3.3-4] (Присвоенный при регистрации порядковый номер уголовного дела..): 004000001
===ОШИБКИ НСИ===
Поле: Р[5-3-1] Реализация: 1 Значение: 3 - Нет в справочнике 103 - Вид учета

!!!ОШИБКИ!!! В ЗАПИСИ #38:
КЛЮЧЕВЫЕ РЕКВИЗИТЫ ЗАПИСИ:
  Р[5-3.1-1] (Порядковый номер лица): 0010
  Р[5-3.1-2] (номер преступления в УД): 001
  Р[5-3.3-1] (Вид уголовного дела или материала проверки): 1
  Р[5-3.3-2] (Последние две цифры года..): 18
  Р[5-3.3-3] (Уникальный восьмиразрядный код подразделения): 01140007
  Р[5-3.3-4] (Присвоенный при регистрации порядковый номер уголовного дела..): 007000001
<<<ЛОГИЧЕСКИЕ ОШИБКИ>>>
Данное 14 Р[5-14] заполняется только для физического лица Р[5-8]=1!
  Поле Р[5-8] = 2 
  Поле Р[5-14] =  589 
Данное 15 Р[5-15] заполняется только для физического лица Р[5-8]=1!
  Поле Р[5-8] = 2 
  Поле Р[5-15] = 589 

!!!ОШИБКИ!!! В ЗАПИСИ #54:
КЛЮЧЕВЫЕ РЕКВИЗИТЫ ЗАПИСИ:
  Р[5-3.1-1] (Порядковый номер лица): 0020
  Р[5-3.1-2] (номер преступления в УД): 001
  Р[5-3.3-1] (Вид уголовного дела или материала проверки): 1
  Р[5-3.3-2] (Последние две цифры года..): 18
  Р[5-3.3-3] (Уникальный восьмиразрядный код подразделения): 01140007
  Р[5-3.3-4] (Присвоенный при регистрации порядковый номер уголовного дела..): 007000015
<<<ЛОГИЧЕСКИЕ ОШИБКИ>>>
Данное 14 Р[5-14] заполняется только для физического лица Р[5-8]=1!
  Поле Р[5-8] = 2 
  Поле Р[5-14] =  589 
Данное 15 Р[5-15] заполняется только для физического лица Р[5-8]=1!
  Поле Р[5-8] = 2 
  Поле Р[5-15] = 589 

!!!ОШИБКИ!!! В ЗАПИСИ #66:
КЛЮЧЕВЫЕ РЕКВИЗИТЫ ЗАПИСИ:
  Р[5-3.1-1] (Порядковый номер лица): 0010
  Р[5-3.1-2] (номер преступления в УД): 001
  Р[5-3.3-1] (Вид уголовного дела или материала проверки): 1
  Р[5-3.3-2] (Последние две цифры года..): 18
  Р[5-3.3-3] (Уникальный восьмиразрядный код подразделения): 01140007
  Р[5-3.3-4] (Присвоенный при регистрации порядковый номер уголовного дела..): 007000030
<<<ЛОГИЧЕСКИЕ ОШИБКИ>>>
Дата поступления ф.5 Р[5-6] < Даты возбуждения УД ф.5 Р[5-3.2]
  Поле Р[5-3.2] = 20180108 
  Поле Р[5-6] = 20180103 
Дата поступления ф.5 Р[5-6] < Дата регистрации заявления ф.5 Р[5-4-2]
  Поле Р[5-4-2] = 20180108 
  Поле Р[5-6] = 20180103 
Дата направления ф.5 Р[5-5] < Даты возбуждения УД ф.5 Р[5-3.2]
  Поле Р[5-3.2] = 20180108 
  Поле Р[5-5] = 20180103 
Дата направления ф.5 Р[5-5] < Дата регистрации заявления ф.5 Р[5-4-2] (кроме ДПУ 6.1)
  Поле Р[5-4-2] = 20180108 
  Поле Р[5-5] = 20180103 
  Поле Р[5-1-1] = 01 
  Поле Р[5-7.1-1] = 158002 
Дата поступления ф.5 Р[5-6] < Дата возбуждения дела Р[5-3.2]
  Поле Р[5-3.2] = 20180108 
  Поле Р[5-6] = 20180103 
Дата направления ф.5 Р[5-5] < Дата возбуждения дела Р[5-3.2]
  Поле Р[5-3.2] = 20180108 
  Поле Р[5-5] = 20180103 

!!!ОШИБКИ!!! В ЗАПИСИ #73:
КЛЮЧЕВЫЕ РЕКВИЗИТЫ ЗАПИСИ:
  Р[5-3.1-1] (Порядковый номер лица): 0010
  Р[5-3.1-2] (номер преступления в УД): 001
  Р[5-3.3-1] (Вид уголовного дела или материала проверки): 1
  Р[5-3.3-2] (Последние две цифры года..): 18
  Р[5-3.3-3] (Уникальный восьмиразрядный код подразделения): 01140007
  Р[5-3.3-4] (Присвоенный при регистрации порядковый номер уголовного дела..): 007000037
===ОШИБКИ НСИ===
Поле: Р[5-14] Реализация: 2 Значение: 558 - Нет в справочнике 6 - Страны (государства)

!!!ОШИБКИ!!! В ЗАПИСИ #81:
КЛЮЧЕВЫЕ РЕКВИЗИТЫ ЗАПИСИ:
  Р[5-3.1-1] (Порядковый номер лица): 0010
  Р[5-3.1-2] (номер преступления в УД): 001
  Р[5-3.3-1] (Вид уголовного дела или материала проверки): 1
  Р[5-3.3-2] (Последние две цифры года..): 18
  Р[5-3.3-3] (Уникальный восьмиразрядный код подразделения): 01140007
  Р[5-3.3-4] (Присвоенный при регистрации порядковый номер уголовного дела..): 007000050
<<<ЛОГИЧЕСКИЕ ОШИБКИ>>>
Дата регистрации заявления ф.5 Р[5-4-2] > Дата возбуждения дела ф.1 Р[5-3.2]
  Поле Р[5-4-2] = 20180115 
  Поле Р[5-3.2] = 20180114 

!!!ОШИБКИ!!! В ЗАПИСИ #88:
КЛЮЧЕВЫЕ РЕКВИЗИТЫ ЗАПИСИ:
  Р[5-3.1-1] (Порядковый номер лица): 0010
  Р[5-3.1-2] (номер преступления в УД): 001
  Р[5-3.3-1] (Вид уголовного дела или материала проверки): 1
  Р[5-3.3-2] (Последние две цифры года..): 18
  Р[5-3.3-3] (Уникальный восьмиразрядный код подразделения): 01140007
  Р[5-3.3-4] (Присвоенный при регистрации порядковый номер уголовного дела..): 007000057
<<<ЛОГИЧЕСКИЕ ОШИБКИ>>>
Заполните сумму данного 11 Р[5-11-2]!
  Поле Р[5-11-1] = 2 
  Поле Р[5-11-2] =  

!!!ОШИБКИ!!! В ЗАПИСИ #105:
КЛЮЧЕВЫЕ РЕКВИЗИТЫ ЗАПИСИ:
  Р[5-3.1-1] (Порядковый номер лица): 0010
  Р[5-3.1-2] (номер преступления в УД): 001
  Р[5-3.3-1] (Вид уголовного дела или материала проверки): 1
  Р[5-3.3-2] (Последние две цифры года..): 18
  Р[5-3.3-3] (Уникальный восьмиразрядный код подразделения): 01140007
  Р[5-3.3-4] (Присвоенный при регистрации порядковый номер уголовного дела..): 007000080
<<<ЛОГИЧЕСКИЕ ОШИБКИ>>>
Заполните сумму данного 11 Р[5-11-2]!
  Поле Р[5-11-1] = 1 
  Поле Р[5-11-2] =  

!!!ОШИБКИ!!! В ЗАПИСИ #110:
КЛЮЧЕВЫЕ РЕКВИЗИТЫ ЗАПИСИ:
  Р[5-3.1-1] (Порядковый номер лица): 0010
  Р[5-3.1-2] (номер преступления в УД): 001
  Р[5-3.3-1] (Вид уголовного дела или материала проверки): 1
  Р[5-3.3-2] (Последние две цифры года..): 18
  Р[5-3.3-3] (Уникальный восьмиразрядный код подразделения): 01140007
  Р[5-3.3-4] (Присвоенный при регистрации порядковый номер уголовного дела..): 007000085
<<<ЛОГИЧЕСКИЕ ОШИБКИ>>>
Заполните сумму данного 11 Р[5-11-2]!
  Поле Р[5-11-1] = 2 
  Поле Р[5-11-2] =  

!!!ОШИБКИ!!! В ЗАПИСИ #114:
КЛЮЧЕВЫЕ РЕКВИЗИТЫ ЗАПИСИ:
  Р[5-3.1-1] (Порядковый номер лица): 0010
  Р[5-3.1-2] (номер преступления в УД): 001
  Р[5-3.3-1] (Вид уголовного дела или материала проверки): 1
  Р[5-3.3-2] (Последние две цифры года..): 18
  Р[5-3.3-3] (Уникальный восьмиразрядный код подразделения): 01140007
  Р[5-3.3-4] (Присвоенный при регистрации порядковый номер уголовного дела..): 007000093
<<<ЛОГИЧЕСКИЕ ОШИБКИ>>>
Данное 12 Р[5-12]заполняется только для физического лица Р[5-8]=1!
  Поле Р[5-8] = 2 
  Поле Р[5-12] = 0002 
Данное 14 Р[5-14] заполняется только для физического лица Р[5-8]=1!
  Поле Р[5-8] = 2 
  Поле Р[5-14] =  589 
Данное 15 Р[5-15] заполняется только для физического лица Р[5-8]=1!
  Поле Р[5-8] = 2 
  Поле Р[5-15] = 589 

!!!ОШИБКИ!!! В ЗАПИСИ #129:
КЛЮЧЕВЫЕ РЕКВИЗИТЫ ЗАПИСИ:
  Р[5-3.1-1] (Порядковый номер лица): 0010
  Р[5-3.1-2] (номер преступления в УД): 001
  Р[5-3.3-1] (Вид уголовного дела или материала проверки): 1
  Р[5-3.3-2] (Последние две цифры года..): 18
  Р[5-3.3-3] (Уникальный восьмиразрядный код подразделения): 01140007
  Р[5-3.3-4] (Присвоенный при регистрации порядковый номер уголовного дела..): 007000113
<<<ЛОГИЧЕСКИЕ ОШИБКИ>>>
Заполните сумму данного 11 Р[5-11-2]!
  Поле Р[5-11-1] = 2 
  Поле Р[5-11-2] =  

!!!ОШИБКИ!!! В ЗАПИСИ #174:
КЛЮЧЕВЫЕ РЕКВИЗИТЫ ЗАПИСИ:
  Р[5-3.1-1] (Порядковый номер лица): 0010
  Р[5-3.1-2] (номер преступления в УД): 001
  Р[5-3.3-1] (Вид уголовного дела или материала проверки): 1
  Р[5-3.3-2] (Последние две цифры года..): 18
  Р[5-3.3-3] (Уникальный восьмиразрядный код подразделения): 01140007
  Р[5-3.3-4] (Присвоенный при регистрации порядковый номер уголовного дела..): 007000167
<<<ЛОГИЧЕСКИЕ ОШИБКИ>>>
Данное 8 Р[5-8] не совпадает с кодом данного 11 Р[5-11-1]!
  Поле Р[5-8] = 1 
  Поле Р[5-11-1] = 2 
  Поле Р[5-11-1] = 2 

!!!ОШИБКИ!!! В ЗАПИСИ #175:
КЛЮЧЕВЫЕ РЕКВИЗИТЫ ЗАПИСИ:
  Р[5-3.1-1] (Порядковый номер лица): 0010
  Р[5-3.1-2] (номер преступления в УД): 001
  Р[5-3.3-1] (Вид уголовного дела или материала проверки): 1
  Р[5-3.3-2] (Последние две цифры года..): 18
  Р[5-3.3-3] (Уникальный восьмиразрядный код подразделения): 01140007
  Р[5-3.3-4] (Присвоенный при регистрации порядковый номер уголовного дела..): 007000168
<<<ЛОГИЧЕСКИЕ ОШИБКИ>>>
Данное 8 Р[5-8] не совпадает с кодом данного 11 Р[5-11-1]!
  Поле Р[5-8] = 1 
  Поле Р[5-11-1] = 2 
  Поле Р[5-11-1] = 2 

!!!ОШИБКИ!!! В ЗАПИСИ #219:
КЛЮЧЕВЫЕ РЕКВИЗИТЫ ЗАПИСИ:
  Р[5-3.1-1] (Порядковый номер лица): 0010
  Р[5-3.1-2] (номер преступления в УД): 001
  Р[5-3.3-1] (Вид уголовного дела или материала проверки): 1
  Р[5-3.3-2] (Последние две цифры года..): 18
  Р[5-3.3-3] (Уникальный восьмиразрядный код подразделения): 01140008
  Р[5-3.3-4] (Присвоенный при регистрации порядковый номер уголовного дела..): 008000012
<<<ЛОГИЧЕСКИЕ ОШИБКИ>>>
Данное 8 Р[5-8] не совпадает с кодом данного 11 Р[5-11-1]!
  Поле Р[5-8] = 1 
  Поле Р[5-11-1] = 5 
  Поле Р[5-11-1] = 5 
Заполните сумму данного 11 Р[5-11-2]!
  Поле Р[5-11-1] = 5 
  Поле Р[5-11-2] =  
===ОШИБКИ НСИ===
Поле: Р[5-11-1] Реализация: 1 Значение: 5 - Нет в справочнике 508 - Тип лица (физ., юр.)

!!!ОШИБКИ!!! В ЗАПИСИ #244:
КЛЮЧЕВЫЕ РЕКВИЗИТЫ ЗАПИСИ:
  Р[5-3.1-1] (Порядковый номер лица): 0010
  Р[5-3.1-2] (номер преступления в УД): 001
  Р[5-3.3-1] (Вид уголовного дела или материала проверки): 4
  Р[5-3.3-2] (Последние две цифры года..): 18
  Р[5-3.3-3] (Уникальный восьмиразрядный код подразделения): 01140005
  Р[5-3.3-4] (Присвоенный при регистрации порядковый номер уголовного дела..): 005000016
===ОШИБКИ НСИ===
Поле: Р[5-3-1] Реализация: 1 Значение: 4 - Нет в справочнике 103 - Вид учета

!!!ОШИБКИ!!! В ЗАПИСИ #302:
КЛЮЧЕВЫЕ РЕКВИЗИТЫ ЗАПИСИ:
  Р[5-3.1-1] (Порядковый номер лица): 0010
  Р[5-3.1-2] (номер преступления в УД): 001
  Р[5-3.3-1] (Вид уголовного дела или материала проверки): 1
  Р[5-3.3-2] (Последние две цифры года..): 18
  Р[5-3.3-3] (Уникальный восьмиразрядный код подразделения): 01140010
  Р[5-3.3-4] (Присвоенный при регистрации порядковый номер уголовного дела..): 010000010
<<<ЛОГИЧЕСКИЕ ОШИБКИ>>>
Дата регистрации заявления ф.5 Р[5-4-2] > Дата возбуждения дела ф.1 Р[5-3.2]
  Поле Р[5-4-2] = 20180122 
  Поле Р[5-3.2] = 20180119 

!!!ОШИБКИ!!! В ЗАПИСИ #343:
КЛЮЧЕВЫЕ РЕКВИЗИТЫ ЗАПИСИ:
  Р[5-3.1-1] (Порядковый номер лица): 0010
  Р[5-3.1-2] (номер преступления в УД): 001
  Р[5-3.3-1] (Вид уголовного дела или материала проверки): 1
  Р[5-3.3-2] (Последние две цифры года..): 18
  Р[5-3.3-3] (Уникальный восьмиразрядный код подразделения): 01140003
  Р[5-3.3-4] (Присвоенный при регистрации порядковый номер уголовного дела..): 003000010
<<<ЛОГИЧЕСКИЕ ОШИБКИ>>>
Заполните сумму данного 11 Р[5-11-2]!
  Поле Р[5-11-1] = 2 
  Поле Р[5-11-2] =  

!!!ОШИБКИ!!! В ЗАПИСИ #424:
КЛЮЧЕВЫЕ РЕКВИЗИТЫ ЗАПИСИ:
  Р[5-3.1-1] (Порядковый номер лица): 0010
  Р[5-3.1-2] (номер преступления в УД): 001
  Р[5-3.3-1] (Вид уголовного дела или материала проверки): 1
  Р[5-3.3-2] (Последние две цифры года..): 18
  Р[5-3.3-3] (Уникальный восьмиразрядный код подразделения): 01140023
  Р[5-3.3-4] (Присвоенный при регистрации порядковый номер уголовного дела..): 023000004
<<<ЛОГИЧЕСКИЕ ОШИБКИ>>>
Заполните сумму данного 11 Р[5-11-2]!
  Поле Р[5-11-1] = 1 
  Поле Р[5-11-2] =  

!!!ОШИБКИ!!! В ЗАПИСИ #482:
КЛЮЧЕВЫЕ РЕКВИЗИТЫ ЗАПИСИ:
  Р[5-3.1-1] (Порядковый номер лица): 0010
  Р[5-3.1-2] (номер преступления в УД): 001
  Р[5-3.3-1] (Вид уголовного дела или материала проверки): 1
  Р[5-3.3-2] (Последние две цифры года..): 18
  Р[5-3.3-3] (Уникальный восьмиразрядный код подразделения): 01140013
  Р[5-3.3-4] (Присвоенный при регистрации порядковый номер уголовного дела..): 013000014
<<<ЛОГИЧЕСКИЕ ОШИБКИ>>>
Данное 8 Р[5-8] не совпадает с кодом данного 11 Р[5-11-1]!
  Поле Р[5-8] = 1 
  Поле Р[5-11-1] = 2 
  Поле Р[5-11-1] = 2 

!!!ОШИБКИ!!! В ЗАПИСИ #484:
КЛЮЧЕВЫЕ РЕКВИЗИТЫ ЗАПИСИ:
  Р[5-3.1-1] (Порядковый номер лица): 0010
  Р[5-3.1-2] (номер преступления в УД): 001
  Р[5-3.3-1] (Вид уголовного дела или материала проверки): 1
  Р[5-3.3-2] (Последние две цифры года..): 18
  Р[5-3.3-3] (Уникальный восьмиразрядный код подразделения): 01140013
  Р[5-3.3-4] (Присвоенный при регистрации порядковый номер уголовного дела..): 013000016
<<<ЛОГИЧЕСКИЕ ОШИБКИ>>>
Заполните сумму данного 11 Р[5-11-2]!
  Поле Р[5-11-1] = 2 
  Поле Р[5-11-2] =  

!!!ОШИБКИ!!! В ЗАПИСИ #726:
КЛЮЧЕВЫЕ РЕКВИЗИТЫ ЗАПИСИ:
  Р[5-3.1-1] (Порядковый номер лица): 0010
  Р[5-3.1-2] (номер преступления в УД): 001
  Р[5-3.3-1] (Вид уголовного дела или материала проверки): 1
  Р[5-3.3-2] (Последние две цифры года..): 18
  Р[5-3.3-3] (Уникальный восьмиразрядный код подразделения): 01140002
  Р[5-3.3-4] (Присвоенный при регистрации порядковый номер уголовного дела..): 002000121
<<<ЛОГИЧЕСКИЕ ОШИБКИ>>>
Заполните сумму данного 11 Р[5-11-2]!
  Поле Р[5-11-1] = 2 
  Поле Р[5-11-2] =  

!!!ОШИБКИ!!! В ЗАПИСИ #782:
КЛЮЧЕВЫЕ РЕКВИЗИТЫ ЗАПИСИ:
  Р[5-3.1-1] (Порядковый номер лица): 0010
  Р[5-3.1-2] (номер преступления в УД): 001
  Р[5-3.3-1] (Вид уголовного дела или материала проверки): 1
  Р[5-3.3-2] (Последние две цифры года..): 18
  Р[5-3.3-3] (Уникальный восьмиразрядный код подразделения): 01140027
  Р[5-3.3-4] (Присвоенный при регистрации порядковый номер уголовного дела..): 027000030
<<<ЛОГИЧЕСКИЕ ОШИБКИ>>>
Дата регистрации заявления ф.5 Р[5-4-2] > Дата возбуждения дела ф.1 Р[5-3.2]
  Поле Р[5-4-2] = 20180118 
  Поле Р[5-3.2] = 20180117 

!!!ОШИБКИ!!! В ЗАПИСИ #803:
КЛЮЧЕВЫЕ РЕКВИЗИТЫ ЗАПИСИ:
  Р[5-3.1-1] (Порядковый номер лица): 0010
  Р[5-3.1-2] (номер преступления в УД): 001
  Р[5-3.3-1] (Вид уголовного дела или материала проверки): 1
  Р[5-3.3-2] (Последние две цифры года..): 18
  Р[5-3.3-3] (Уникальный восьмиразрядный код подразделения): 01140027
  Р[5-3.3-4] (Присвоенный при регистрации порядковый номер уголовного дела..): 027000056
<<<ЛОГИЧЕСКИЕ ОШИБКИ>>>
Заполните сумму данного 11 Р[5-11-2]!
  Поле Р[5-11-1] = 2 
  Поле Р[5-11-2] =  

!!!ОШИБКИ!!! В ЗАПИСИ #875:
КЛЮЧЕВЫЕ РЕКВИЗИТЫ ЗАПИСИ:
  Р[5-3.1-1] (Порядковый номер лица): 0010
  Р[5-3.1-2] (номер преступления в УД): 001
  Р[5-3.3-1] (Вид уголовного дела или материала проверки): 1
  Р[5-3.3-2] (Последние две цифры года..): 18
  Р[5-3.3-3] (Уникальный восьмиразрядный код подразделения): 02140009
  Р[5-3.3-4] (Присвоенный при регистрации порядковый номер уголовного дела..): 009000004
===ОШИБКИ НСИ===
Поле: Р[5-13] Реализация: 1 Значение: 121464 - Нет суммы разрядов в справочнике 10 - Должностное положение потерпевшего и лица, совершившего преступление

!!!ОШИБКИ!!! В ЗАПИСИ #933:
КЛЮЧЕВЫЕ РЕКВИЗИТЫ ЗАПИСИ:
  Р[5-3.1-1] (Порядковый номер лица): 0010
  Р[5-3.1-2] (номер преступления в УД): 001
  Р[5-3.3-1] (Вид уголовного дела или материала проверки): 1
  Р[5-3.3-2] (Последние две цифры года..): 18
  Р[5-3.3-3] (Уникальный восьмиразрядный код подразделения): 01140006
  Р[5-3.3-4] (Присвоенный при регистрации порядковый номер уголовного дела..): 006000054
<<<ЛОГИЧЕСКИЕ ОШИБКИ>>>
Дата регистрации заявления ф.5 Р[5-4-2] > Дата возбуждения дела ф.1 Р[5-3.2]
  Поле Р[5-4-2] = 20180212 
  Поле Р[5-3.2] = 20180126 

!!!ОШИБКИ!!! В ЗАПИСИ #947:
КЛЮЧЕВЫЕ РЕКВИЗИТЫ ЗАПИСИ:
  Р[5-3.1-1] (Порядковый номер лица): 0010
  Р[5-3.1-2] (номер преступления в УД): 001
  Р[5-3.3-1] (Вид уголовного дела или материала проверки): 1
  Р[5-3.3-2] (Последние две цифры года..): 18
  Р[5-3.3-3] (Уникальный восьмиразрядный код подразделения): 01140006
  Р[5-3.3-4] (Присвоенный при регистрации порядковый номер уголовного дела..): 006000021
<<<ЛОГИЧЕСКИЕ ОШИБКИ>>>
Дата поступления ф.5 Р[5-6] < Даты возбуждения УД ф.5 Р[5-3.2]
  Поле Р[5-3.2] = 20180120 
  Поле Р[5-6] = 20180119 
Дата поступления ф.5 Р[5-6] < Дата регистрации заявления ф.5 Р[5-4-2]
  Поле Р[5-4-2] = 20180120 
  Поле Р[5-6] = 20180119 
Дата направления ф.5 Р[5-5] < Даты возбуждения УД ф.5 Р[5-3.2]
  Поле Р[5-3.2] = 20180120 
  Поле Р[5-5] = 20180119 
Дата направления ф.5 Р[5-5] < Дата регистрации заявления ф.5 Р[5-4-2] (кроме ДПУ 6.1)
  Поле Р[5-4-2] = 20180120 
  Поле Р[5-5] = 20180119 
  Поле Р[5-1-1] = 01 
  Поле Р[5-7.1-1] = 158002 
Дата поступления ф.5 Р[5-6] < Дата возбуждения дела Р[5-3.2]
  Поле Р[5-3.2] = 20180120 
  Поле Р[5-6] = 20180119 
Дата направления ф.5 Р[5-5] < Дата возбуждения дела Р[5-3.2]
  Поле Р[5-3.2] = 20180120 
  Поле Р[5-5] = 20180119 

!!!ОШИБКИ!!! В ЗАПИСИ #1082:
КЛЮЧЕВЫЕ РЕКВИЗИТЫ ЗАПИСИ:
  Р[5-3.1-1] (Порядковый номер лица): 0010
  Р[5-3.1-2] (номер преступления в УД): 001
  Р[5-3.3-1] (Вид уголовного дела или материала проверки): 1
  Р[5-3.3-2] (Последние две цифры года..): 18
  Р[5-3.3-3] (Уникальный восьмиразрядный код подразделения): 01140022
  Р[5-3.3-4] (Присвоенный при регистрации порядковый номер уголовного дела..): 022000013
===ОШИБКИ НСИ===
Поле: Р[5-18.1] Реализация: 1 Значение: 00149 - Нет суммы разрядов в справочнике 2 - Место совершения преступления

!!!ОШИБКИ!!! В ЗАПИСИ #1111:
КЛЮЧЕВЫЕ РЕКВИЗИТЫ ЗАПИСИ:
  Р[5-3.1-1] (Порядковый номер лица): 0010
  Р[5-3.1-2] (номер преступления в УД): 001
  Р[5-3.3-1] (Вид уголовного дела или материала проверки): 1
  Р[5-3.3-2] (Последние две цифры года..): 18
  Р[5-3.3-3] (Уникальный восьмиразрядный код подразделения): 01140001
  Р[5-3.3-4] (Присвоенный при регистрации порядковый номер уголовного дела..): 001000037
<<<ЛОГИЧЕСКИЕ ОШИБКИ>>>
Заполните сумму данного 11 Р[5-11-2]!
  Поле Р[5-11-1] = 2 
  Поле Р[5-11-2] =  

!!!ОШИБКИ!!! В ЗАПИСИ #1118:
КЛЮЧЕВЫЕ РЕКВИЗИТЫ ЗАПИСИ:
  Р[5-3.1-1] (Порядковый номер лица): 0010
  Р[5-3.1-2] (номер преступления в УД): 001
  Р[5-3.3-1] (Вид уголовного дела или материала проверки): 1
  Р[5-3.3-2] (Последние две цифры года..): 18
  Р[5-3.3-3] (Уникальный восьмиразрядный код подразделения): 01140001
  Р[5-3.3-4] (Присвоенный при регистрации порядковый номер уголовного дела..): 001000054
<<<ЛОГИЧЕСКИЕ ОШИБКИ>>>
Заполните сумму данного 11 Р[5-11-2]!
  Поле Р[5-11-1] = 2 
  Поле Р[5-11-2] =  

!!!ОШИБКИ!!! В ЗАПИСИ #1122:
КЛЮЧЕВЫЕ РЕКВИЗИТЫ ЗАПИСИ:
  Р[5-3.1-1] (Порядковый номер лица): 0010
  Р[5-3.1-2] (номер преступления в УД): 001
  Р[5-3.3-1] (Вид уголовного дела или материала проверки): 1
  Р[5-3.3-2] (Последние две цифры года..): 18
  Р[5-3.3-3] (Уникальный восьмиразрядный код подразделения): 01140001
  Р[5-3.3-4] (Присвоенный при регистрации порядковый номер уголовного дела..): 001000058
<<<ЛОГИЧЕСКИЕ ОШИБКИ>>>
Заполните сумму данного 11 Р[5-11-2]!
  Поле Р[5-11-1] = 2 
  Поле Р[5-11-2] =  

!!!ОШИБКИ!!! В ЗАПИСИ #1194:
КЛЮЧЕВЫЕ РЕКВИЗИТЫ ЗАПИСИ:
  Р[5-3.1-1] (Порядковый номер лица): 0010
  Р[5-3.1-2] (номер преступления в УД): 001
  Р[5-3.3-1] (Вид уголовного дела или материала проверки): 1
  Р[5-3.3-2] (Последние две цифры года..): 18
  Р[5-3.3-3] (Уникальный восьмиразрядный код подразделения): 01140024
  Р[5-3.3-4] (Присвоенный при регистрации порядковый номер уголовного дела..): 024000065
<<<ЛОГИЧЕСКИЕ ОШИБКИ>>>
Дата регистрации заявления ф.5 Р[5-4-2] > Дата возбуждения дела ф.1 Р[5-3.2]
  Поле Р[5-4-2] = 20180123 
  Поле Р[5-3.2] = 20161008 

!!!ОШИБКИ!!! В ЗАПИСИ #1195:
КЛЮЧЕВЫЕ РЕКВИЗИТЫ ЗАПИСИ:
  Р[5-3.1-1] (Порядковый номер лица): 0020
  Р[5-3.1-2] (номер преступления в УД): 002
  Р[5-3.3-1] (Вид уголовного дела или материала проверки): 1
  Р[5-3.3-2] (Последние две цифры года..): 18
  Р[5-3.3-3] (Уникальный восьмиразрядный код подразделения): 01140024
  Р[5-3.3-4] (Присвоенный при регистрации порядковый номер уголовного дела..): 024000065
<<<ЛОГИЧЕСКИЕ ОШИБКИ>>>
Дата регистрации заявления ф.5 Р[5-4-2] > Дата возбуждения дела ф.1 Р[5-3.2]
  Поле Р[5-4-2] = 20180123 
  Поле Р[5-3.2] = 20161008 

!!!ОШИБКИ!!! В ЗАПИСИ #1196:
КЛЮЧЕВЫЕ РЕКВИЗИТЫ ЗАПИСИ:
  Р[5-3.1-1] (Порядковый номер лица): 0030
  Р[5-3.1-2] (номер преступления в УД): 003
  Р[5-3.3-1] (Вид уголовного дела или материала проверки): 1
  Р[5-3.3-2] (Последние две цифры года..): 18
  Р[5-3.3-3] (Уникальный восьмиразрядный код подразделения): 01140024
  Р[5-3.3-4] (Присвоенный при регистрации порядковый номер уголовного дела..): 024000065
<<<ЛОГИЧЕСКИЕ ОШИБКИ>>>
Дата регистрации заявления ф.5 Р[5-4-2] > Дата возбуждения дела ф.1 Р[5-3.2]
  Поле Р[5-4-2] = 20180123 
  Поле Р[5-3.2] = 20161008 

!!!ОШИБКИ!!! В ЗАПИСИ #1197:
КЛЮЧЕВЫЕ РЕКВИЗИТЫ ЗАПИСИ:
  Р[5-3.1-1] (Порядковый номер лица): 0040
  Р[5-3.1-2] (номер преступления в УД): 004
  Р[5-3.3-1] (Вид уголовного дела или материала проверки): 1
  Р[5-3.3-2] (Последние две цифры года..): 18
  Р[5-3.3-3] (Уникальный восьмиразрядный код подразделения): 01140024
  Р[5-3.3-4] (Присвоенный при регистрации порядковый номер уголовного дела..): 024000065
<<<ЛОГИЧЕСКИЕ ОШИБКИ>>>
Дата регистрации заявления ф.5 Р[5-4-2] > Дата возбуждения дела ф.1 Р[5-3.2]
  Поле Р[5-4-2] = 20180123 
  Поле Р[5-3.2] = 20161008 

!!!ОШИБКИ!!! В ЗАПИСИ #1198:
КЛЮЧЕВЫЕ РЕКВИЗИТЫ ЗАПИСИ:
  Р[5-3.1-1] (Порядковый номер лица): 0050
  Р[5-3.1-2] (номер преступления в УД): 005
  Р[5-3.3-1] (Вид уголовного дела или материала проверки): 1
  Р[5-3.3-2] (Последние две цифры года..): 18
  Р[5-3.3-3] (Уникальный восьмиразрядный код подразделения): 01140024
  Р[5-3.3-4] (Присвоенный при регистрации порядковый номер уголовного дела..): 024000065
<<<ЛОГИЧЕСКИЕ ОШИБКИ>>>
Дата регистрации заявления ф.5 Р[5-4-2] > Дата возбуждения дела ф.1 Р[5-3.2]
  Поле Р[5-4-2] = 20180123 
  Поле Р[5-3.2] = 20161008 

!!!ОШИБКИ!!! В ЗАПИСИ #1199:
КЛЮЧЕВЫЕ РЕКВИЗИТЫ ЗАПИСИ:
  Р[5-3.1-1] (Порядковый номер лица): 0060
  Р[5-3.1-2] (номер преступления в УД): 006
  Р[5-3.3-1] (Вид уголовного дела или материала проверки): 1
  Р[5-3.3-2] (Последние две цифры года..): 18
  Р[5-3.3-3] (Уникальный восьмиразрядный код подразделения): 01140024
  Р[5-3.3-4] (Присвоенный при регистрации порядковый номер уголовного дела..): 024000065
<<<ЛОГИЧЕСКИЕ ОШИБКИ>>>
Дата регистрации заявления ф.5 Р[5-4-2] > Дата возбуждения дела ф.1 Р[5-3.2]
  Поле Р[5-4-2] = 20180123 
  Поле Р[5-3.2] = 20161008 

!!!ОШИБКИ!!! В ЗАПИСИ #1200:
КЛЮЧЕВЫЕ РЕКВИЗИТЫ ЗАПИСИ:
  Р[5-3.1-1] (Порядковый номер лица): 0070
  Р[5-3.1-2] (номер преступления в УД): 007
  Р[5-3.3-1] (Вид уголовного дела или материала проверки): 1
  Р[5-3.3-2] (Последние две цифры года..): 18
  Р[5-3.3-3] (Уникальный восьмиразрядный код подразделения): 01140024
  Р[5-3.3-4] (Присвоенный при регистрации порядковый номер уголовного дела..): 024000065
<<<ЛОГИЧЕСКИЕ ОШИБКИ>>>
Дата регистрации заявления ф.5 Р[5-4-2] > Дата возбуждения дела ф.1 Р[5-3.2]
  Поле Р[5-4-2] = 20180123 
  Поле Р[5-3.2] = 20161008 

!!!ОШИБКИ!!! В ЗАПИСИ #1201:
КЛЮЧЕВЫЕ РЕКВИЗИТЫ ЗАПИСИ:
  Р[5-3.1-1] (Порядковый номер лица): 0080
  Р[5-3.1-2] (номер преступления в УД): 008
  Р[5-3.3-1] (Вид уголовного дела или материала проверки): 1
  Р[5-3.3-2] (Последние две цифры года..): 18
  Р[5-3.3-3] (Уникальный восьмиразрядный код подразделения): 01140024
  Р[5-3.3-4] (Присвоенный при регистрации порядковый номер уголовного дела..): 024000065
<<<ЛОГИЧЕСКИЕ ОШИБКИ>>>
Дата регистрации заявления ф.5 Р[5-4-2] > Дата возбуждения дела ф.1 Р[5-3.2]
  Поле Р[5-4-2] = 20180123 
  Поле Р[5-3.2] = 20161008 

!!!ОШИБКИ!!! В ЗАПИСИ #1202:
КЛЮЧЕВЫЕ РЕКВИЗИТЫ ЗАПИСИ:
  Р[5-3.1-1] (Порядковый номер лица): 0090
  Р[5-3.1-2] (номер преступления в УД): 009
  Р[5-3.3-1] (Вид уголовного дела или материала проверки): 1
  Р[5-3.3-2] (Последние две цифры года..): 18
  Р[5-3.3-3] (Уникальный восьмиразрядный код подразделения): 01140024
  Р[5-3.3-4] (Присвоенный при регистрации порядковый номер уголовного дела..): 024000065
<<<ЛОГИЧЕСКИЕ ОШИБКИ>>>
Дата регистрации заявления ф.5 Р[5-4-2] > Дата возбуждения дела ф.1 Р[5-3.2]
  Поле Р[5-4-2] = 20180123 
  Поле Р[5-3.2] = 20161008 

!!!ОШИБКИ!!! В ЗАПИСИ #1203:
КЛЮЧЕВЫЕ РЕКВИЗИТЫ ЗАПИСИ:
  Р[5-3.1-1] (Порядковый номер лица): 0100
  Р[5-3.1-2] (номер преступления в УД): 010
  Р[5-3.3-1] (Вид уголовного дела или материала проверки): 1
  Р[5-3.3-2] (Последние две цифры года..): 18
  Р[5-3.3-3] (Уникальный восьмиразрядный код подразделения): 01140024
  Р[5-3.3-4] (Присвоенный при регистрации порядковый номер уголовного дела..): 024000065
<<<ЛОГИЧЕСКИЕ ОШИБКИ>>>
Дата регистрации заявления ф.5 Р[5-4-2] > Дата возбуждения дела ф.1 Р[5-3.2]
  Поле Р[5-4-2] = 20180123 
  Поле Р[5-3.2] = 20161008 

!!!ОШИБКИ!!! В ЗАПИСИ #1204:
КЛЮЧЕВЫЕ РЕКВИЗИТЫ ЗАПИСИ:
  Р[5-3.1-1] (Порядковый номер лица): 0110
  Р[5-3.1-2] (номер преступления в УД): 011
  Р[5-3.3-1] (Вид уголовного дела или материала проверки): 1
  Р[5-3.3-2] (Последние две цифры года..): 18
  Р[5-3.3-3] (Уникальный восьмиразрядный код подразделения): 01140024
  Р[5-3.3-4] (Присвоенный при регистрации порядковый номер уголовного дела..): 024000065
<<<ЛОГИЧЕСКИЕ ОШИБКИ>>>
Дата регистрации заявления ф.5 Р[5-4-2] > Дата возбуждения дела ф.1 Р[5-3.2]
  Поле Р[5-4-2] = 20180123 
  Поле Р[5-3.2] = 20161008 

!!!ОШИБКИ!!! В ЗАПИСИ #1205:
КЛЮЧЕВЫЕ РЕКВИЗИТЫ ЗАПИСИ:
  Р[5-3.1-1] (Порядковый номер лица): 0120
  Р[5-3.1-2] (номер преступления в УД): 012
  Р[5-3.3-1] (Вид уголовного дела или материала проверки): 1
  Р[5-3.3-2] (Последние две цифры года..): 18
  Р[5-3.3-3] (Уникальный восьмиразрядный код подразделения): 01140024
  Р[5-3.3-4] (Присвоенный при регистрации порядковый номер уголовного дела..): 024000065
<<<ЛОГИЧЕСКИЕ ОШИБКИ>>>
Дата регистрации заявления ф.5 Р[5-4-2] > Дата возбуждения дела ф.1 Р[5-3.2]
  Поле Р[5-4-2] = 20180123 
  Поле Р[5-3.2] = 20161008 

!!!ОШИБКИ!!! В ЗАПИСИ #1206:
КЛЮЧЕВЫЕ РЕКВИЗИТЫ ЗАПИСИ:
  Р[5-3.1-1] (Порядковый номер лица): 0130
  Р[5-3.1-2] (номер преступления в УД): 013
  Р[5-3.3-1] (Вид уголовного дела или материала проверки): 1
  Р[5-3.3-2] (Последние две цифры года..): 18
  Р[5-3.3-3] (Уникальный восьмиразрядный код подразделения): 01140024
  Р[5-3.3-4] (Присвоенный при регистрации порядковый номер уголовного дела..): 024000065
<<<ЛОГИЧЕСКИЕ ОШИБКИ>>>
Дата регистрации заявления ф.5 Р[5-4-2] > Дата возбуждения дела ф.1 Р[5-3.2]
  Поле Р[5-4-2] = 20180123 
  Поле Р[5-3.2] = 20161008 

!!!ОШИБКИ!!! В ЗАПИСИ #1207:
КЛЮЧЕВЫЕ РЕКВИЗИТЫ ЗАПИСИ:
  Р[5-3.1-1] (Порядковый номер лица): 0140
  Р[5-3.1-2] (номер преступления в УД): 014
  Р[5-3.3-1] (Вид уголовного дела или материала проверки): 1
  Р[5-3.3-2] (Последние две цифры года..): 18
  Р[5-3.3-3] (Уникальный восьмиразрядный код подразделения): 01140024
  Р[5-3.3-4] (Присвоенный при регистрации порядковый номер уголовного дела..): 024000065
<<<ЛОГИЧЕСКИЕ ОШИБКИ>>>
Дата регистрации заявления ф.5 Р[5-4-2] > Дата возбуждения дела ф.1 Р[5-3.2]
  Поле Р[5-4-2] = 20180123 
  Поле Р[5-3.2] = 20161008 

!!!ОШИБКИ!!! В ЗАПИСИ #1208:
КЛЮЧЕВЫЕ РЕКВИЗИТЫ ЗАПИСИ:
  Р[5-3.1-1] (Порядковый номер лица): 0150
  Р[5-3.1-2] (номер преступления в УД): 015
  Р[5-3.3-1] (Вид уголовного дела или материала проверки): 1
  Р[5-3.3-2] (Последние две цифры года..): 18
  Р[5-3.3-3] (Уникальный восьмиразрядный код подразделения): 01140024
  Р[5-3.3-4] (Присвоенный при регистрации порядковый номер уголовного дела..): 024000065
<<<ЛОГИЧЕСКИЕ ОШИБКИ>>>
Дата регистрации заявления ф.5 Р[5-4-2] > Дата возбуждения дела ф.1 Р[5-3.2]
  Поле Р[5-4-2] = 20180123 
  Поле Р[5-3.2] = 20161008 

!!!ОШИБКИ!!! В ЗАПИСИ #1209:
КЛЮЧЕВЫЕ РЕКВИЗИТЫ ЗАПИСИ:
  Р[5-3.1-1] (Порядковый номер лица): 0160
  Р[5-3.1-2] (номер преступления в УД): 016
  Р[5-3.3-1] (Вид уголовного дела или материала проверки): 1
  Р[5-3.3-2] (Последние две цифры года..): 18
  Р[5-3.3-3] (Уникальный восьмиразрядный код подразделения): 01140024
  Р[5-3.3-4] (Присвоенный при регистрации порядковый номер уголовного дела..): 024000065
<<<ЛОГИЧЕСКИЕ ОШИБКИ>>>
Дата регистрации заявления ф.5 Р[5-4-2] > Дата возбуждения дела ф.1 Р[5-3.2]
  Поле Р[5-4-2] = 20180123 
  Поле Р[5-3.2] = 20161008 

!!!ОШИБКИ!!! В ЗАПИСИ #1210:
КЛЮЧЕВЫЕ РЕКВИЗИТЫ ЗАПИСИ:
  Р[5-3.1-1] (Порядковый номер лица): 0170
  Р[5-3.1-2] (номер преступления в УД): 017
  Р[5-3.3-1] (Вид уголовного дела или материала проверки): 1
  Р[5-3.3-2] (Последние две цифры года..): 18
  Р[5-3.3-3] (Уникальный восьмиразрядный код подразделения): 01140024
  Р[5-3.3-4] (Присвоенный при регистрации порядковый номер уголовного дела..): 024000065
<<<ЛОГИЧЕСКИЕ ОШИБКИ>>>
Дата регистрации заявления ф.5 Р[5-4-2] > Дата возбуждения дела ф.1 Р[5-3.2]
  Поле Р[5-4-2] = 20180123 
  Поле Р[5-3.2] = 20161008 

!!!ОШИБКИ!!! В ЗАПИСИ #1211:
КЛЮЧЕВЫЕ РЕКВИЗИТЫ ЗАПИСИ:
  Р[5-3.1-1] (Порядковый номер лица): 0180
  Р[5-3.1-2] (номер преступления в УД): 018
  Р[5-3.3-1] (Вид уголовного дела или материала проверки): 1
  Р[5-3.3-2] (Последние две цифры года..): 18
  Р[5-3.3-3] (Уникальный восьмиразрядный код подразделения): 01140024
  Р[5-3.3-4] (Присвоенный при регистрации порядковый номер уголовного дела..): 024000065
<<<ЛОГИЧЕСКИЕ ОШИБКИ>>>
Дата регистрации заявления ф.5 Р[5-4-2] > Дата возбуждения дела ф.1 Р[5-3.2]
  Поле Р[5-4-2] = 20180123 
  Поле Р[5-3.2] = 20161008 

!!!ОШИБКИ!!! В ЗАПИСИ #1212:
КЛЮЧЕВЫЕ РЕКВИЗИТЫ ЗАПИСИ:
  Р[5-3.1-1] (Порядковый номер лица): 0190
  Р[5-3.1-2] (номер преступления в УД): 019
  Р[5-3.3-1] (Вид уголовного дела или материала проверки): 1
  Р[5-3.3-2] (Последние две цифры года..): 18
  Р[5-3.3-3] (Уникальный восьмиразрядный код подразделения): 01140024
  Р[5-3.3-4] (Присвоенный при регистрации порядковый номер уголовного дела..): 024000065
<<<ЛОГИЧЕСКИЕ ОШИБКИ>>>
Дата регистрации заявления ф.5 Р[5-4-2] > Дата возбуждения дела ф.1 Р[5-3.2]
  Поле Р[5-4-2] = 20180123 
  Поле Р[5-3.2] = 20161008 

!!!ОШИБКИ!!! В ЗАПИСИ #1213:
КЛЮЧЕВЫЕ РЕКВИЗИТЫ ЗАПИСИ:
  Р[5-3.1-1] (Порядковый номер лица): 0200
  Р[5-3.1-2] (номер преступления в УД): 020
  Р[5-3.3-1] (Вид уголовного дела или материала проверки): 1
  Р[5-3.3-2] (Последние две цифры года..): 18
  Р[5-3.3-3] (Уникальный восьмиразрядный код подразделения): 01140024
  Р[5-3.3-4] (Присвоенный при регистрации порядковый номер уголовного дела..): 024000065
<<<ЛОГИЧЕСКИЕ ОШИБКИ>>>
Дата регистрации заявления ф.5 Р[5-4-2] > Дата возбуждения дела ф.1 Р[5-3.2]
  Поле Р[5-4-2] = 20180123 
  Поле Р[5-3.2] = 20161008 

!!!ОШИБКИ!!! В ЗАПИСИ #1214:
КЛЮЧЕВЫЕ РЕКВИЗИТЫ ЗАПИСИ:
  Р[5-3.1-1] (Порядковый номер лица): 0210
  Р[5-3.1-2] (номер преступления в УД): 021
  Р[5-3.3-1] (Вид уголовного дела или материала проверки): 1
  Р[5-3.3-2] (Последние две цифры года..): 18
  Р[5-3.3-3] (Уникальный восьмиразрядный код подразделения): 01140024
  Р[5-3.3-4] (Присвоенный при регистрации порядковый номер уголовного дела..): 024000065
<<<ЛОГИЧЕСКИЕ ОШИБКИ>>>
Дата регистрации заявления ф.5 Р[5-4-2] > Дата возбуждения дела ф.1 Р[5-3.2]
  Поле Р[5-4-2] = 20180123 
  Поле Р[5-3.2] = 20161008 

!!!ОШИБКИ!!! В ЗАПИСИ #1284:
КЛЮЧЕВЫЕ РЕКВИЗИТЫ ЗАПИСИ:
  Р[5-3.1-1] (Порядковый номер лица): 0010
  Р[5-3.1-2] (номер преступления в УД): 001
  Р[5-3.3-1] (Вид уголовного дела или материала проверки): 1
  Р[5-3.3-2] (Последние две цифры года..): 18
  Р[5-3.3-3] (Уникальный восьмиразрядный код подразделения): 08140029
  Р[5-3.3-4] (Присвоенный при регистрации порядковый номер уголовного дела..): 029000020
<<<ЛОГИЧЕСКИЕ ОШИБКИ>>>
Дата регистрации заявления ф.5 Р[5-4-2] > Дата возбуждения дела ф.1 Р[5-3.2]
  Поле Р[5-4-2] = 20180220 
  Поле Р[5-3.2] = 20180208 

!!!ОШИБКИ!!! В ЗАПИСИ #1287:
КЛЮЧЕВЫЕ РЕКВИЗИТЫ ЗАПИСИ:
  Р[5-3.1-1] (Порядковый номер лица): 0080
  Р[5-3.1-2] (номер преступления в УД): 001
  Р[5-3.3-1] (Вид уголовного дела или материала проверки): 1
  Р[5-3.3-2] (Последние две цифры года..): 18
  Р[5-3.3-3] (Уникальный восьмиразрядный код подразделения): 0114002 
  Р[5-3.3-4] (Присвоенный при регистрации порядковый номер уголовного дела..): 02 000045
***ФОРМАТНЫЕ ОШИБКИ***
Встречен не цифровой символ в значении поля Р[5-3-3].1 (= 14002 000)
Встречен не цифровой символ в значении поля Р[5-3.3-3].1 (= 0114002 )
Встречен не цифровой символ в значении поля Р[5-3.3-4].1 (= 02 000045)

!!!ОШИБКИ!!! В ЗАПИСИ #1322:
КЛЮЧЕВЫЕ РЕКВИЗИТЫ ЗАПИСИ:
  Р[5-3.1-1] (Порядковый номер лица): 0010
  Р[5-3.1-2] (номер преступления в УД): 001
  Р[5-3.3-1] (Вид уголовного дела или материала проверки): 1
  Р[5-3.3-2] (Последние две цифры года..): 18
  Р[5-3.3-3] (Уникальный восьмиразрядный код подразделения): 01140025
  Р[5-3.3-4] (Присвоенный при регистрации порядковый номер уголовного дела..): 025000037
<<<ЛОГИЧЕСКИЕ ОШИБКИ>>>
Дата регистрации заявления ф.5 Р[5-4-2] > Дата возбуждения дела ф.1 Р[5-3.2]
  Поле Р[5-4-2] = 20180115 
  Поле Р[5-3.2] = 20180112 
Заполните сумму данного 11 Р[5-11-2]!
  Поле Р[5-11-1] = 2 
  Поле Р[5-11-2] =  

!!!ОШИБКИ!!! В ЗАПИСИ #1376:
КЛЮЧЕВЫЕ РЕКВИЗИТЫ ЗАПИСИ:
  Р[5-3.1-1] (Порядковый номер лица): 0010
  Р[5-3.1-2] (номер преступления в УД): 001
  Р[5-3.3-1] (Вид уголовного дела или материала проверки): 1
  Р[5-3.3-2] (Последние две цифры года..): 18
  Р[5-3.3-3] (Уникальный восьмиразрядный код подразделения): 01140025
  Р[5-3.3-4] (Присвоенный при регистрации порядковый номер уголовного дела..): 025000086
<<<ЛОГИЧЕСКИЕ ОШИБКИ>>>
Заполните сумму данного 11 Р[5-11-2]!
  Поле Р[5-11-1] = 2 
  Поле Р[5-11-2] =  

!!!ОШИБКИ!!! В ЗАПИСИ #1379:
КЛЮЧЕВЫЕ РЕКВИЗИТЫ ЗАПИСИ:
  Р[5-3.1-1] (Порядковый номер лица): 0010
  Р[5-3.1-2] (номер преступления в УД): 001
  Р[5-3.3-1] (Вид уголовного дела или материала проверки): 1
  Р[5-3.3-2] (Последние две цифры года..): 18
  Р[5-3.3-3] (Уникальный восьмиразрядный код подразделения): 01140025
  Р[5-3.3-4] (Присвоенный при регистрации порядковый номер уголовного дела..): 025000091
<<<ЛОГИЧЕСКИЕ ОШИБКИ>>>
Заполните сумму данного 11 Р[5-11-2]!
  Поле Р[5-11-1] = 2 
  Поле Р[5-11-2] =  

!!!ОШИБКИ!!! В ЗАПИСИ #1383:
КЛЮЧЕВЫЕ РЕКВИЗИТЫ ЗАПИСИ:
  Р[5-3.1-1] (Порядковый номер лица): 0010
  Р[5-3.1-2] (номер преступления в УД): 001
  Р[5-3.3-1] (Вид уголовного дела или материала проверки): 1
  Р[5-3.3-2] (Последние две цифры года..): 18
  Р[5-3.3-3] (Уникальный восьмиразрядный код подразделения): 01140025
  Р[5-3.3-4] (Присвоенный при регистрации порядковый номер уголовного дела..): 025000101
<<<ЛОГИЧЕСКИЕ ОШИБКИ>>>
Дата регистрации заявления ф.5 Р[5-4-2] > Дата возбуждения дела ф.1 Р[5-3.2]
  Поле Р[5-4-2] = 20180214 
  Поле Р[5-3.2] = 20180207 

!!!ОШИБКИ!!! В ЗАПИСИ #1394:
КЛЮЧЕВЫЕ РЕКВИЗИТЫ ЗАПИСИ:
  Р[5-3.1-1] (Порядковый номер лица): 0010
  Р[5-3.1-2] (номер преступления в УД): 001
  Р[5-3.3-1] (Вид уголовного дела или материала проверки): 1
  Р[5-3.3-2] (Последние две цифры года..): 18
  Р[5-3.3-3] (Уникальный восьмиразрядный код подразделения): 01140025
  Р[5-3.3-4] (Присвоенный при регистрации порядковый номер уголовного дела..): 025000114
<<<ЛОГИЧЕСКИЕ ОШИБКИ>>>
Данное 8 Р[5-8] не совпадает с кодом данного 11 Р[5-11-1]!
  Поле Р[5-8] = 1 
  Поле Р[5-11-1] = 5 
  Поле Р[5-11-1] = 5 
===ОШИБКИ НСИ===
Поле: Р[5-11-1] Реализация: 1 Значение: 5 - Нет в справочнике 508 - Тип лица (физ., юр.)

!!!ОШИБКИ!!! В ЗАПИСИ #1397:
КЛЮЧЕВЫЕ РЕКВИЗИТЫ ЗАПИСИ:
  Р[5-3.1-1] (Порядковый номер лица): 0010
  Р[5-3.1-2] (номер преступления в УД): 001
  Р[5-3.3-1] (Вид уголовного дела или материала проверки): 1
  Р[5-3.3-2] (Последние две цифры года..): 18
  Р[5-3.3-3] (Уникальный восьмиразрядный код подразделения): 01140025
  Р[5-3.3-4] (Присвоенный при регистрации порядковый номер уголовного дела..): 025000118
<<<ЛОГИЧЕСКИЕ ОШИБКИ>>>
Заполните сумму данного 11 Р[5-11-2]!
  Поле Р[5-11-1] = 2 
  Поле Р[5-11-2] =  

!!!ОШИБКИ!!! В ЗАПИСИ #1398:
КЛЮЧЕВЫЕ РЕКВИЗИТЫ ЗАПИСИ:
  Р[5-3.1-1] (Порядковый номер лица): 0010
  Р[5-3.1-2] (номер преступления в УД): 001
  Р[5-3.3-1] (Вид уголовного дела или материала проверки): 1
  Р[5-3.3-2] (Последние две цифры года..): 18
  Р[5-3.3-3] (Уникальный восьмиразрядный код подразделения): 01140025
  Р[5-3.3-4] (Присвоенный при регистрации порядковый номер уголовного дела..): 025000119
<<<ЛОГИЧЕСКИЕ ОШИБКИ>>>
Заполните сумму данного 11 Р[5-11-2]!
  Поле Р[5-11-1] = 2 
  Поле Р[5-11-2] =  

!!!ОШИБКИ!!! В ЗАПИСИ #1414:
КЛЮЧЕВЫЕ РЕКВИЗИТЫ ЗАПИСИ:
  Р[5-3.1-1] (Порядковый номер лица): 0010
  Р[5-3.1-2] (номер преступления в УД): 001
  Р[5-3.3-1] (Вид уголовного дела или материала проверки): 1
  Р[5-3.3-2] (Последние две цифры года..): 18
  Р[5-3.3-3] (Уникальный восьмиразрядный код подразделения): 01140026
  Р[5-3.3-4] (Присвоенный при регистрации порядковый номер уголовного дела..): 026000008
<<<ЛОГИЧЕСКИЕ ОШИБКИ>>>
Заполните сумму данного 11 Р[5-11-2]!
  Поле Р[5-11-1] = 1 
  Поле Р[5-11-2] =  

!!!ОШИБКИ!!! В ЗАПИСИ #1424:
КЛЮЧЕВЫЕ РЕКВИЗИТЫ ЗАПИСИ:
  Р[5-3.1-1] (Порядковый номер лица): 0010
  Р[5-3.1-2] (номер преступления в УД): 001
  Р[5-3.3-1] (Вид уголовного дела или материала проверки): 1
  Р[5-3.3-2] (Последние две цифры года..): 18
  Р[5-3.3-3] (Уникальный восьмиразрядный код подразделения): 01140026
  Р[5-3.3-4] (Присвоенный при регистрации порядковый номер уголовного дела..): 026000027
<<<ЛОГИЧЕСКИЕ ОШИБКИ>>>
Заполните сумму данного 11 Р[5-11-2]!
  Поле Р[5-11-1] = 2 
  Поле Р[5-11-2] =  

!!!ОШИБКИ!!! В ЗАПИСИ #1428:
КЛЮЧЕВЫЕ РЕКВИЗИТЫ ЗАПИСИ:
  Р[5-3.1-1] (Порядковый номер лица): 0010
  Р[5-3.1-2] (номер преступления в УД): 001
  Р[5-3.3-1] (Вид уголовного дела или материала проверки): 1
  Р[5-3.3-2] (Последние две цифры года..): 18
  Р[5-3.3-3] (Уникальный восьмиразрядный код подразделения): 01140026
  Р[5-3.3-4] (Присвоенный при регистрации порядковый номер уголовного дела..): 026000032
<<<ЛОГИЧЕСКИЕ ОШИБКИ>>>
Дата поступления ф.5 Р[5-6] < Дата регистрации заявления ф.5 Р[5-4-2]
  Поле Р[5-4-2] = 20180207 
  Поле Р[5-6] = 20180206 
Дата направления ф.5 Р[5-5] < Дата регистрации заявления ф.5 Р[5-4-2] (кроме ДПУ 6.1)
  Поле Р[5-4-2] = 20180207 
  Поле Р[5-5] = 20180206 
  Поле Р[5-1-1] = 01 
  Поле Р[5-7.1-1] = 112001 
Дата регистрации заявления ф.5 Р[5-4-2] > Дата возбуждения дела ф.1 Р[5-3.2]
  Поле Р[5-4-2] = 20180207 
  Поле Р[5-3.2] = 20180206 

!!!ОШИБКИ!!! В ЗАПИСИ #1445:
КЛЮЧЕВЫЕ РЕКВИЗИТЫ ЗАПИСИ:
  Р[5-3.1-1] (Порядковый номер лица): 0010
  Р[5-3.1-2] (номер преступления в УД): 001
  Р[5-3.3-1] (Вид уголовного дела или материала проверки): 1
  Р[5-3.3-2] (Последние две цифры года..): 18
  Р[5-3.3-3] (Уникальный восьмиразрядный код подразделения): 01140026
  Р[5-3.3-4] (Присвоенный при регистрации порядковый номер уголовного дела..): 026000050
<<<ЛОГИЧЕСКИЕ ОШИБКИ>>>
Заполните сумму данного 11 Р[5-11-2]!
  Поле Р[5-11-1] = 2 
  Поле Р[5-11-2] =  

ОБРАБОТАНО ЗАПИСЕЙ: 1448
<<=ОШИБОК=>> ФОРМАТНЫХ: 1 - ЛОГИЧЕСКИХ: 59 - НСИ: 8
ВЫГРУЖЕНО ЗАПИСЕЙ: 1448 В ФАЙЛ F5-201802-1114-2018022814212146714356.bd
<Конец обработки> - 2018-02-28 15:56:36
--------------------------------------------------------------------------------------------------------------

Унифицированный срез "F5-201802-1114" из 1448 запис., содержащий 1 зап. с форматными ошибками / 59 зап. с ошибками по ЛУСам / 8 зап. с ошибками по справочникам НЕ загружен в базу данных из-за ошибок. (Дата загрузки: 28.02.2018 года       Время загрузки: 15.56.40       Загрузил: Иванюченко       Статус среза: НЕ загружен из-за ошибок)

