<Начало обработки> - 2018-02-28 16:18:49
ЛОГИЧЕСКИЙ КОНТРОЛЬ ТЕКСТОВЫХ ДАННЫХ: FPPL13-201802-1114.sdf
Файл инструкций логического контроля: FPPL13-201802-1114-2018022814212146714356.lus
Файл формата базы: FPPL13-201802-1114-2018022814212146714356.fmt
Файл паспорта: FPPL13-201802-1114-2018022814212146714356.psp
Включена проверка на дубли
Включена проверка нормативно-справочной информации (НСИ) файл справочников: SPR-201802-2018022814212146714356.spr
Последовательный файл: FPPL13-201802-1114.sdf
Файл для вывода среза: FPPL13-201802-1114-2018022814212146714356.bd

!!!ОШИБКИ!!! В ЗАПИСИ #1:
КЛЮЧЕВЫЕ РЕКВИЗИТЫ ЗАПИСИ:
  Р[1-3.3-1] (Вид уголовного дела или материала проверки): 1
  Р[1-3.3-2] (Последние две цифры года..): 17
  Р[1-3.3-3] (Уникальный восьмиразрядный код подразделения): 01140004
  Р[1-3.3-4] (Присвоенный при регистрации порядковый номер уголовного дела..): 004000217
  Р[1-4] (Номер преступления в УД): 0001
***ФОРМАТНЫЕ ОШИБКИ***
Встречен не цифровой символ в значении поля Р[1.1-35.1].1 (= 0045СС)
===ОШИБКИ НСИ===
Поле: Р[1.1-35.1] Реализация: 1 Значение: 000045 - Нет суммы разрядов в справочнике 185 - Кем предоставлена информация

!!!ОШИБКИ!!! В ЗАПИСИ #6:
КЛЮЧЕВЫЕ РЕКВИЗИТЫ ЗАПИСИ:
  Р[1-3.3-1] (Вид уголовного дела или материала проверки): 1
  Р[1-3.3-2] (Последние две цифры года..): 14
  Р[1-3.3-3] (Уникальный восьмиразрядный код подразделения): 00140009
  Р[1-3.3-4] (Присвоенный при регистрации порядковый номер уголовного дела..): 009040039
  Р[1-4] (Номер преступления в УД): 0001
***ФОРМАТНЫЕ ОШИБКИ***
Встречен не цифровой символ в значении поля Р[1.1-35.1].1 (= 0002СС)

!!!ОШИБКИ!!! В ЗАПИСИ #7:
КЛЮЧЕВЫЕ РЕКВИЗИТЫ ЗАПИСИ:
  Р[1-3.3-1] (Вид уголовного дела или материала проверки): 1
  Р[1-3.3-2] (Последние две цифры года..): 15
  Р[1-3.3-3] (Уникальный восьмиразрядный код подразделения): 00140009
  Р[1-3.3-4] (Присвоенный при регистрации порядковый номер уголовного дела..): 009040003
  Р[1-4] (Номер преступления в УД): 0001
***ФОРМАТНЫЕ ОШИБКИ***
Встречен не цифровой символ в значении поля Р[1.1-35.1].1 (= 0003СС)

!!!ОШИБКИ!!! В ЗАПИСИ #8:
КЛЮЧЕВЫЕ РЕКВИЗИТЫ ЗАПИСИ:
  Р[1-3.3-1] (Вид уголовного дела или материала проверки): 1
  Р[1-3.3-2] (Последние две цифры года..): 17
  Р[1-3.3-3] (Уникальный восьмиразрядный код подразделения): 01140007
  Р[1-3.3-4] (Присвоенный при регистрации порядковый номер уголовного дела..): 007000334
  Р[1-4] (Номер преступления в УД): 0001
<<<ЛОГИЧЕСКИЕ ОШИБКИ>>>
Не заполнены ни Р[1.2-9], ни Р[1.2-10]!!! Исключением явл.отказной материал по нереабилитирующим основаниям, когда рекв.9 и 10 можно не заполнять.
  Поле Р[1.2-6] = 20180131 
  Поле Р[1.2-9] =   
  Поле Р[1.2-10] =  

!!!ОШИБКИ!!! В ЗАПИСИ #10:
КЛЮЧЕВЫЕ РЕКВИЗИТЫ ЗАПИСИ:
  Р[1-3.3-1] (Вид уголовного дела или материала проверки): 1
  Р[1-3.3-2] (Последние две цифры года..): 17
  Р[1-3.3-3] (Уникальный восьмиразрядный код подразделения): 01140007
  Р[1-3.3-4] (Присвоенный при регистрации порядковый номер уголовного дела..): 007000769
  Р[1-4] (Номер преступления в УД): 0001
<<<ЛОГИЧЕСКИЕ ОШИБКИ>>>
Предьявлено  обвинение  Р[1.2-10]=1, а мера пресечения Р[1.2-11] не заполнена.
  Поле Р[1.2-6] = 20171219 
  Поле Р[1.2-10] = 1 
  Поле Р[1.2-11] =   

!!!ОШИБКИ!!! В ЗАПИСИ #13:
КЛЮЧЕВЫЕ РЕКВИЗИТЫ ЗАПИСИ:
  Р[1-3.3-1] (Вид уголовного дела или материала проверки): 1
  Р[1-3.3-2] (Последние две цифры года..): 17
  Р[1-3.3-3] (Уникальный восьмиразрядный код подразделения): 01140007
  Р[1-3.3-4] (Присвоенный при регистрации порядковый номер уголовного дела..): 007000878
  Р[1-4] (Номер преступления в УД): 0001
<<<ЛОГИЧЕСКИЕ ОШИБКИ>>>
Предьявлено  обвинение  Р[1.2-10]=1, а мера пресечения Р[1.2-11] не заполнена.
  Поле Р[1.2-6] = 20171212 
  Поле Р[1.2-10] = 1 
  Поле Р[1.2-11] =   

!!!ОШИБКИ!!! В ЗАПИСИ #15:
КЛЮЧЕВЫЕ РЕКВИЗИТЫ ЗАПИСИ:
  Р[1-3.3-1] (Вид уголовного дела или материала проверки): 1
  Р[1-3.3-2] (Последние две цифры года..): 16
  Р[1-3.3-3] (Уникальный восьмиразрядный код подразделения): 00140002
  Р[1-3.3-4] (Присвоенный при регистрации порядковый номер уголовного дела..): 002060497
  Р[1-4] (Номер преступления в УД): 0001
<<<ЛОГИЧЕСКИЕ ОШИБКИ>>>
Предьявлено  обвинение  Р[1.2-10]=1, а мера пресечения Р[1.2-11] не заполнена.
  Поле Р[1.2-6] = 20170905 
  Поле Р[1.2-10] = 1 
  Поле Р[1.2-11] =   

!!!ОШИБКИ!!! В ЗАПИСИ #30:
КЛЮЧЕВЫЕ РЕКВИЗИТЫ ЗАПИСИ:
  Р[1-3.3-1] (Вид уголовного дела или материала проверки): 1
  Р[1-3.3-2] (Последние две цифры года..): 17
  Р[1-3.3-3] (Уникальный восьмиразрядный код подразделения): 01140003
  Р[1-3.3-4] (Присвоенный при регистрации порядковый номер уголовного дела..): 003000432
  Р[1-4] (Номер преступления в УД): 0001
<<<ЛОГИЧЕСКИЕ ОШИБКИ>>>
Не совпал код органа Р[3-1-2] и Р[1-1-2]!!!
  Поле Р[3-5] = 20180117 
  Поле Р[3-1-2] = 00013 
  Поле Р[1-1-2] = 00012 

!!!ОШИБКИ!!! В ЗАПИСИ #32:
КЛЮЧЕВЫЕ РЕКВИЗИТЫ ЗАПИСИ:
  Р[1-3.3-1] (Вид уголовного дела или материала проверки): 1
  Р[1-3.3-2] (Последние две цифры года..): 17
  Р[1-3.3-3] (Уникальный восьмиразрядный код подразделения): 01140003
  Р[1-3.3-4] (Присвоенный при регистрации порядковый номер уголовного дела..): 003000359
  Р[1-4] (Номер преступления в УД): 0001
<<<ЛОГИЧЕСКИЕ ОШИБКИ>>>
Предьявлено  обвинение  Р[1.2-10]=1, а мера пресечения Р[1.2-11] не заполнена.
  Поле Р[1.2-6] = 20180126 
  Поле Р[1.2-10] = 1 
  Поле Р[1.2-11] =   

!!!ОШИБКИ!!! В ЗАПИСИ #34:
КЛЮЧЕВЫЕ РЕКВИЗИТЫ ЗАПИСИ:
  Р[1-3.3-1] (Вид уголовного дела или материала проверки): 1
  Р[1-3.3-2] (Последние две цифры года..): 17
  Р[1-3.3-3] (Уникальный восьмиразрядный код подразделения): 01140003
  Р[1-3.3-4] (Присвоенный при регистрации порядковый номер уголовного дела..): 003000531
  Р[1-4] (Номер преступления в УД): 0001
<<<ЛОГИЧЕСКИЕ ОШИБКИ>>>
Предьявлено  обвинение  Р[1.2-10]=1, а мера пресечения Р[1.2-11] не заполнена.
  Поле Р[1.2-6] = 20180126 
  Поле Р[1.2-10] = 1 
  Поле Р[1.2-11] =   

!!!ОШИБКИ!!! В ЗАПИСИ #36:
КЛЮЧЕВЫЕ РЕКВИЗИТЫ ЗАПИСИ:
  Р[1-3.3-1] (Вид уголовного дела или материала проверки): 1
  Р[1-3.3-2] (Последние две цифры года..): 17
  Р[1-3.3-3] (Уникальный восьмиразрядный код подразделения): 01140003
  Р[1-3.3-4] (Присвоенный при регистрации порядковый номер уголовного дела..): 003000642
  Р[1-4] (Номер преступления в УД): 0001
<<<ЛОГИЧЕСКИЕ ОШИБКИ>>>
Предьявлено  обвинение  Р[1.2-10]=1, а мера пресечения Р[1.2-11] не заполнена.
  Поле Р[1.2-6] = 20171114 
  Поле Р[1.2-10] = 1 
  Поле Р[1.2-11] =   

!!!ОШИБКИ!!! В ЗАПИСИ #51:
КЛЮЧЕВЫЕ РЕКВИЗИТЫ ЗАПИСИ:
  Р[1-3.3-1] (Вид уголовного дела или материала проверки): 1
  Р[1-3.3-2] (Последние две цифры года..): 17
  Р[1-3.3-3] (Уникальный восьмиразрядный код подразделения): 01140016
  Р[1-3.3-4] (Присвоенный при регистрации порядковый номер уголовного дела..): 016000135
  Р[1-4] (Номер преступления в УД): 0001
<<<ЛОГИЧЕСКИЕ ОШИБКИ>>>
Для раскрытых преступлений Р[1.1-25-1]) необходимо заполнять поле Р[1.1-23]
  Поле Р[1.1-25-1] = 01 
  Поле Р[1.1-23] =   

!!!ОШИБКИ!!! В ЗАПИСИ #56:
КЛЮЧЕВЫЕ РЕКВИЗИТЫ ЗАПИСИ:
  Р[1-3.3-1] (Вид уголовного дела или материала проверки): 1
  Р[1-3.3-2] (Последние две цифры года..): 97
  Р[1-3.3-3] (Уникальный восьмиразрядный код подразделения): 00140001
  Р[1-3.3-4] (Присвоенный при регистрации порядковый номер уголовного дела..): 001220124
  Р[1-4] (Номер преступления в УД): 0001
***ФОРМАТНЫЕ ОШИБКИ***
Обнаружено 'пустое'(NULL) значение ОБЯЗАТЕЛЬНОГО к заполнению поля Р[1-7] !
Обнаружено 'пустое'(NULL) значение ОБЯЗАТЕЛЬНОГО к заполнению поля Р[1-21] !
Обнаружено 'пустое'(NULL) значение ОБЯЗАТЕЛЬНОГО к заполнению поля Р[1-40] !
<<<ЛОГИЧЕСКИЕ ОШИБКИ>>>
Дата поступления документа в ИЦ Р[1-7] должна быть указана обязательно!
  Поле Р[1-7] =  
Реквизит Р[1-10] или Р[1-10.1]должен быть указан обязательно!
  Поле Р[1-10] =  
  Поле Р[1-10.1] =  
Реквизит Р[1-21] должен быть указан обязательно (кроме ДПУ 6.1)!
  Поле Р[1-21] =  
  Поле Р[1-1-1] = 02 
  Поле Р[1-13-1] = 105001 
  Поле Р[1-10] =  
  Поле Р[1.1-33.1] =  
  Поле Р[1.1-25-1] = 04 
Реквизит Р[1-40] должен быть указан обязательно (кроме ДПУ 6.1)!
  Поле Р[1-40] =  
  Поле Р[1-1-1] = 02 
  Поле Р[1-13-1] = 105001 
  Поле Р[1-10] =  
  Поле Р[1.1-33.1] =  
  Поле Р[1.1-25-1] = 04 
Для указанной квалификации ОБЯЗАТЕЛЬНО указывать число погибших Р[1-30.2]
  Поле Р[1-30.2] =  
  Поле Р[1-16] =  
  Поле Р[1-13-1] = 105001 
  Поле Р[1-27] =       
Для раскрытых преступлений Р[1.1-25-1]) необходимо заполнять поле Р[1.1-18]
  Поле Р[1.1-25-1] = 04 
  Поле Р[1.1-18] =   

!!!ОШИБКИ!!! В ЗАПИСИ #57:
КЛЮЧЕВЫЕ РЕКВИЗИТЫ ЗАПИСИ:
  Р[1-3.3-1] (Вид уголовного дела или материала проверки): 1
  Р[1-3.3-2] (Последние две цифры года..): 14
  Р[1-3.3-3] (Уникальный восьмиразрядный код подразделения): 00140002
  Р[1-3.3-4] (Присвоенный при регистрации порядковый номер уголовного дела..): 002210082
  Р[1-4] (Номер преступления в УД): 0001
<<<ЛОГИЧЕСКИЕ ОШИБКИ>>>
Не заполнены ни Р[1.2-9], ни Р[1.2-10]!!! Исключением явл.отказной материал по нереабилитирующим основаниям, когда рекв.9 и 10 можно не заполнять.
  Поле Р[1.2-6] = 20180124 
  Поле Р[1.2-9] =   
  Поле Р[1.2-10] =  
===ОШИБКИ НСИ===
Поле: Р[1-26] Реализация: 1 Значение: 01 - Нет в справочнике 12 - Способ совершения преступления

!!!ОШИБКИ!!! В ЗАПИСИ #58:
КЛЮЧЕВЫЕ РЕКВИЗИТЫ ЗАПИСИ:
  Р[1-3.3-1] (Вид уголовного дела или материала проверки): 1
  Р[1-3.3-2] (Последние две цифры года..): 17
  Р[1-3.3-3] (Уникальный восьмиразрядный код подразделения): 01140002
  Р[1-3.3-4] (Присвоенный при регистрации порядковый номер уголовного дела..): 002000093
  Р[1-4] (Номер преступления в УД): 0001
<<<ЛОГИЧЕСКИЕ ОШИБКИ>>>
Для раскрытых преступлений Р[1.1-25-1]) необходимо заполнять поле Р[1.1-23]
  Поле Р[1.1-25-1] = 01 
  Поле Р[1.1-23] =   

!!!ОШИБКИ!!! В ЗАПИСИ #62:
КЛЮЧЕВЫЕ РЕКВИЗИТЫ ЗАПИСИ:
  Р[1-3.3-1] (Вид уголовного дела или материала проверки): 1
  Р[1-3.3-2] (Последние две цифры года..): 95
  Р[1-3.3-3] (Уникальный восьмиразрядный код подразделения): 00140001
  Р[1-3.3-4] (Присвоенный при регистрации порядковый номер уголовного дела..): 001220120
  Р[1-4] (Номер преступления в УД): 0001
***ФОРМАТНЫЕ ОШИБКИ***
Обнаружено 'пустое'(NULL) значение ОБЯЗАТЕЛЬНОГО к заполнению поля Р[1-7] !
Обнаружено 'пустое'(NULL) значение ОБЯЗАТЕЛЬНОГО к заполнению поля Р[1-13-1] !
Обнаружено 'пустое'(NULL) значение ОБЯЗАТЕЛЬНОГО к заполнению поля Р[1-21] !
Обнаружено 'пустое'(NULL) значение ОБЯЗАТЕЛЬНОГО к заполнению поля Р[1-40] !
<<<ЛОГИЧЕСКИЕ ОШИБКИ>>>
Дата поступления документа в ИЦ Р[1-7] должна быть указана обязательно!
  Поле Р[1-7] =  
Реквизит Р[1-10] или Р[1-10.1]должен быть указан обязательно!
  Поле Р[1-10] =  
  Поле Р[1-10.1] =  
Квалификация Р[1-13-1] должна быть указана обязательно!
  Поле Р[1-13-1] =  
Реквизит Р[1-21] должен быть указан обязательно (кроме ДПУ 6.1)!
  Поле Р[1-21] =  
  Поле Р[1-1-1] =  
  Поле Р[1-13-1] =  
  Поле Р[1-10] =  
  Поле Р[1.1-33.1] =  
  Поле Р[1.1-25-1] = 52 
Реквизит Р[1-40] должен быть указан обязательно (кроме ДПУ 6.1)!
  Поле Р[1-40] =  
  Поле Р[1-1-1] =  
  Поле Р[1-13-1] =  
  Поле Р[1-10] =  
  Поле Р[1.1-33.1] =  
  Поле Р[1.1-25-1] = 52 
Не совпал Вид органа Р[3-1-1] и Р[1-1-1]!!!
  Поле Р[3-5] = 20180117 
  Поле Р[3-1-1] = 02 
  Поле Р[1-1-1] =  
===ОШИБКИ НСИ===
Поле: Р[1.1-32] Реализация: 2 Значение: 19 - Нет в справочнике 182 - Вид использованных учетов

!!!ОШИБКИ!!! В ЗАПИСИ #74:
КЛЮЧЕВЫЕ РЕКВИЗИТЫ ЗАПИСИ:
  Р[1-3.3-1] (Вид уголовного дела или материала проверки): 1
  Р[1-3.3-2] (Последние две цифры года..): 17
  Р[1-3.3-3] (Уникальный восьмиразрядный код подразделения): 01140006
  Р[1-3.3-4] (Присвоенный при регистрации порядковый номер уголовного дела..): 006000473
  Р[1-4] (Номер преступления в УД): 0001
<<<ЛОГИЧЕСКИЕ ОШИБКИ>>>
Предьявлено  обвинение  Р[1.2-10]=1, а мера пресечения Р[1.2-11] не заполнена.
  Поле Р[1.2-6] = 20180130 
  Поле Р[1.2-10] = 1 
  Поле Р[1.2-11] =   
Не совпал код органа Р[3-1-2] и Р[1-1-2]!!!
  Поле Р[3-5] = 20180130 
  Поле Р[3-1-2] = 00025 
  Поле Р[1-1-2] = 00024 

!!!ОШИБКИ!!! В ЗАПИСИ #75:
КЛЮЧЕВЫЕ РЕКВИЗИТЫ ЗАПИСИ:
  Р[1-3.3-1] (Вид уголовного дела или материала проверки): 1
  Р[1-3.3-2] (Последние две цифры года..): 17
  Р[1-3.3-3] (Уникальный восьмиразрядный код подразделения): 01140006
  Р[1-3.3-4] (Присвоенный при регистрации порядковый номер уголовного дела..): 006000495
  Р[1-4] (Номер преступления в УД): 0001
===ОШИБКИ НСИ===
Поле: Р[1-19] Реализация: 1 Значение: 00701 - Нет суммы разрядов в справочнике 2 - Место совершения преступления

!!!ОШИБКИ!!! В ЗАПИСИ #76:
КЛЮЧЕВЫЕ РЕКВИЗИТЫ ЗАПИСИ:
  Р[1-3.3-1] (Вид уголовного дела или материала проверки): 1
  Р[1-3.3-2] (Последние две цифры года..): 16
  Р[1-3.3-3] (Уникальный восьмиразрядный код подразделения): 00140002
  Р[1-3.3-4] (Присвоенный при регистрации порядковый номер уголовного дела..): 002240448
  Р[1-4] (Номер преступления в УД): 0001
<<<ЛОГИЧЕСКИЕ ОШИБКИ>>>
квал-ция 158 ч.2 Б и место совершения Р[1-19] квартира-квал-ция д.б.158 ч.3?
  Поле Р[1-13-1] = 158002 
  Поле Р[1-13-2] = Б     
  Поле Р[1-11-2] = 20161117 
  Поле Р[1-19] = 00105 
Предьявлено  обвинение  Р[1.2-10]=1, а мера пресечения Р[1.2-11] не заполнена.
  Поле Р[1.2-6] = 20180131 
  Поле Р[1.2-10] = 1 
  Поле Р[1.2-11] =   

!!!ОШИБКИ!!! В ЗАПИСИ #81:
КЛЮЧЕВЫЕ РЕКВИЗИТЫ ЗАПИСИ:
  Р[1-3.3-1] (Вид уголовного дела или материала проверки): 1
  Р[1-3.3-2] (Последние две цифры года..): 17
  Р[1-3.3-3] (Уникальный восьмиразрядный код подразделения): 01140019
  Р[1-3.3-4] (Присвоенный при регистрации порядковый номер уголовного дела..): 019000330
  Р[1-4] (Номер преступления в УД): 0001
===ОШИБКИ НСИ===
Поле: Р[1.1-31] Реализация: 2 Значение: 15 - Нет суммы разрядов в справочнике 181 - Применение криминалистических средств и методов

!!!ОШИБКИ!!! В ЗАПИСИ #93:
КЛЮЧЕВЫЕ РЕКВИЗИТЫ ЗАПИСИ:
  Р[1-3.3-1] (Вид уголовного дела или материала проверки): 1
  Р[1-3.3-2] (Последние две цифры года..): 17
  Р[1-3.3-3] (Уникальный восьмиразрядный код подразделения): 01140025
  Р[1-3.3-4] (Присвоенный при регистрации порядковый номер уголовного дела..): 025000644
  Р[1-4] (Номер преступления в УД): 0001
<<<ЛОГИЧЕСКИЕ ОШИБКИ>>>
Укажите группу с участием иностранцев в поле Р[1.1-10]
  Поле Р[1.1-6] = 20180131 
  Поле Р[1.1-25-1] = 01 
  Поле Р[1.1-18] = 737  
  Поле Р[1.1-10] = 0410 
Предьявлено  обвинение  Р[1.2-10]=1, а мера пресечения Р[1.2-11] не заполнена.
  Поле Р[1.2-6] = 20171227 
  Поле Р[1.2-10] = 1 
  Поле Р[1.2-11] =   
===ОШИБКИ НСИ===
Поле: Р[1-35] Реализация: 1 Значение: 009899 - Нет суммы разрядов в справочнике 10 - Должностное положение потерпевшего и лица, совершившего преступление

!!!ОШИБКИ!!! В ЗАПИСИ #98:
КЛЮЧЕВЫЕ РЕКВИЗИТЫ ЗАПИСИ:
  Р[1-3.3-1] (Вид уголовного дела или материала проверки): 1
  Р[1-3.3-2] (Последние две цифры года..): 17
  Р[1-3.3-3] (Уникальный восьмиразрядный код подразделения): 01140026
  Р[1-3.3-4] (Присвоенный при регистрации порядковый номер уголовного дела..): 026000327
  Р[1-4] (Номер преступления в УД): 0001
<<<ЛОГИЧЕСКИЕ ОШИБКИ>>>
Дата регистрации заявления Р[1-5-2] > Даты принятия решения Р[1.1-25-2]
  Поле Р[1.1-25-2] = 20170131 
  Поле Р[1-5-2] = 20170927 
Дата принятия решения Р[1.1-25-2] раньше даты возбуждения УД Р[1-11-2]
  Поле Р[1-11-2] = 20170927 
  Поле Р[1.1-25-2] = 20170131 
  Поле Р[1.1-25-2] = 20170131 

!!!ОШИБКИ!!! В ЗАПИСИ #100:
КЛЮЧЕВЫЕ РЕКВИЗИТЫ ЗАПИСИ:
  Р[1-3.3-1] (Вид уголовного дела или материала проверки): 1
  Р[1-3.3-2] (Последние две цифры года..): 10
  Р[1-3.3-3] (Уникальный восьмиразрядный код подразделения): 00140002
  Р[1-3.3-4] (Присвоенный при регистрации порядковый номер уголовного дела..): 002830583
  Р[1-4] (Номер преступления в УД): 0002
***ФОРМАТНЫЕ ОШИБКИ***
Обнаружено 'пустое'(NULL) значение ОБЯЗАТЕЛЬНОГО к заполнению поля Р[1-7] !
Обнаружено 'пустое'(NULL) значение ОБЯЗАТЕЛЬНОГО к заполнению поля Р[1-21] !
Обнаружено 'пустое'(NULL) значение ОБЯЗАТЕЛЬНОГО к заполнению поля Р[1-40] !
<<<ЛОГИЧЕСКИЕ ОШИБКИ>>>
Дата поступления документа в ИЦ Р[1-7] должна быть указана обязательно!
  Поле Р[1-7] =  
Реквизит Р[1-10] или Р[1-10.1]должен быть указан обязательно!
  Поле Р[1-10] =  
  Поле Р[1-10.1] =  
Реквизит Р[1-21] должен быть указан обязательно (кроме ДПУ 6.1)!
  Поле Р[1-21] =  
  Поле Р[1-1-1] = 01 
  Поле Р[1-13-1] = 116002 
  Поле Р[1-10] =  
  Поле Р[1.1-33.1] =  
  Поле Р[1.1-25-1] = 09 
Реквизит Р[1-40] должен быть указан обязательно (кроме ДПУ 6.1)!
  Поле Р[1-40] =  
  Поле Р[1-1-1] = 01 
  Поле Р[1-13-1] = 116002 
  Поле Р[1-10] =  
  Поле Р[1.1-33.1] =  
  Поле Р[1.1-25-1] = 09 

!!!ОШИБКИ!!! В ЗАПИСИ #101:
КЛЮЧЕВЫЕ РЕКВИЗИТЫ ЗАПИСИ:
  Р[1-3.3-1] (Вид уголовного дела или материала проверки): 1
  Р[1-3.3-2] (Последние две цифры года..): 10
  Р[1-3.3-3] (Уникальный восьмиразрядный код подразделения): 00140002
  Р[1-3.3-4] (Присвоенный при регистрации порядковый номер уголовного дела..): 002830583
  Р[1-4] (Номер преступления в УД): 0003
***ФОРМАТНЫЕ ОШИБКИ***
Обнаружено 'пустое'(NULL) значение ОБЯЗАТЕЛЬНОГО к заполнению поля Р[1-7] !
Обнаружено 'пустое'(NULL) значение ОБЯЗАТЕЛЬНОГО к заполнению поля Р[1-21] !
Обнаружено 'пустое'(NULL) значение ОБЯЗАТЕЛЬНОГО к заполнению поля Р[1-40] !
<<<ЛОГИЧЕСКИЕ ОШИБКИ>>>
Дата поступления документа в ИЦ Р[1-7] должна быть указана обязательно!
  Поле Р[1-7] =  
Реквизит Р[1-10] или Р[1-10.1]должен быть указан обязательно!
  Поле Р[1-10] =  
  Поле Р[1-10.1] =  
Реквизит Р[1-21] должен быть указан обязательно (кроме ДПУ 6.1)!
  Поле Р[1-21] =  
  Поле Р[1-1-1] = 01 
  Поле Р[1-13-1] = 119001 
  Поле Р[1-10] =  
  Поле Р[1.1-33.1] =  
  Поле Р[1.1-25-1] = 09 
Реквизит Р[1-40] должен быть указан обязательно (кроме ДПУ 6.1)!
  Поле Р[1-40] =  
  Поле Р[1-1-1] = 01 
  Поле Р[1-13-1] = 119001 
  Поле Р[1-10] =  
  Поле Р[1.1-33.1] =  
  Поле Р[1.1-25-1] = 09 

ОБРАБОТАНО ЗАПИСЕЙ: 101
<<=ОШИБОК=>> ФОРМАТНЫХ: 7 - ЛОГИЧЕСКИХ: 19 - НСИ: 6
ВЫГРУЖЕНО ЗАПИСЕЙ: 101 В ФАЙЛ FPPL13-201802-1114-2018022814212146714356.bd
<Конец обработки> - 2018-02-28 16:18:49
--------------------------------------------------------------------------------------------------------------

Унифицированный срез "FPPL13-201802-1114" из 101 запис., содержащий 7 зап. с форматными ошибками / 19 зап. с ошибками по ЛУСам / 6 зап. с ошибками по справочникам НЕ загружен в базу данных из-за ошибок. (Дата загрузки: 28.02.2018 года       Время загрузки: 16.18.53       Загрузил: Иванюченко       Статус среза: НЕ загружен из-за ошибок)

