<Начало обработки> - 2018-02-28 16:51:54
ЛОГИЧЕСКИЙ КОНТРОЛЬ ТЕКСТОВЫХ ДАННЫХ: FPPL41-201802-1114.sdf
Файл инструкций логического контроля: FPPL41-201802-1114-2018022814212146714356.lus
Файл формата базы: FPPL41-201802-1114-2018022814212146714356.fmt
Файл паспорта: FPPL41-201802-1114-2018022814212146714356.psp
Включена проверка на дубли
Включена проверка нормативно-справочной информации (НСИ) файл справочников: SPR-201802-2018022814212146714356.spr
Последовательный файл: FPPL41-201802-1114.sdf
Файл для вывода среза: FPPL41-201802-1114-2018022814212146714356.bd

!!!ОШИБКИ!!! В ЗАПИСИ #1:
КЛЮЧЕВЫЕ РЕКВИЗИТЫ ЗАПИСИ:
  Р[4-3.3-1] (Вид уголовного дела или материала проверки): 1
  Р[4-3.3-2] (Последние две цифры года..): 17
  Р[4-3.3-3] (Уникальный восьмиразрядный код подразделения): 01140004
  Р[4-3.3-4] (Присвоенный при регистрации порядковый номер уголовного дела..): 004000217
***ФОРМАТНЫЕ ОШИБКИ***
Встречен не цифровой символ в значении поля Р[1.1-35.1].1 (= 0045СС)
===ОШИБКИ НСИ===
Поле: Р[1.1-35.1] Реализация: 1 Значение: 000045 - Нет суммы разрядов в справочнике 185 - Кем предоставлена информация

!!!ОШИБКИ!!! В ЗАПИСИ #4:
КЛЮЧЕВЫЕ РЕКВИЗИТЫ ЗАПИСИ:
  Р[4-3.3-1] (Вид уголовного дела или материала проверки): 1
  Р[4-3.3-2] (Последние две цифры года..): 14
  Р[4-3.3-3] (Уникальный восьмиразрядный код подразделения): 00140009
  Р[4-3.3-4] (Присвоенный при регистрации порядковый номер уголовного дела..): 009040039
***ФОРМАТНЫЕ ОШИБКИ***
Встречен не цифровой символ в значении поля Р[1.1-35.1].1 (= 0002СС)

!!!ОШИБКИ!!! В ЗАПИСИ #5:
КЛЮЧЕВЫЕ РЕКВИЗИТЫ ЗАПИСИ:
  Р[4-3.3-1] (Вид уголовного дела или материала проверки): 1
  Р[4-3.3-2] (Последние две цифры года..): 15
  Р[4-3.3-3] (Уникальный восьмиразрядный код подразделения): 00140009
  Р[4-3.3-4] (Присвоенный при регистрации порядковый номер уголовного дела..): 009040003
***ФОРМАТНЫЕ ОШИБКИ***
Встречен не цифровой символ в значении поля Р[1.1-35.1].1 (= 0003СС)

!!!ОШИБКИ!!! В ЗАПИСИ #9:
КЛЮЧЕВЫЕ РЕКВИЗИТЫ ЗАПИСИ:
  Р[4-3.3-1] (Вид уголовного дела или материала проверки): 1
  Р[4-3.3-2] (Последние две цифры года..): 17
  Р[4-3.3-3] (Уникальный восьмиразрядный код подразделения): 01140007
  Р[4-3.3-4] (Присвоенный при регистрации порядковый номер уголовного дела..): 007000821
<<<ЛОГИЧЕСКИЕ ОШИБКИ>>>
Данное 27 - код Р[4-27-1] задан,а кол-во Р[4-27-2] не задано!
  Поле Р[4-27-1] = 2407         
  Поле Р[4-27-2] =          

!!!ОШИБКИ!!! В ЗАПИСИ #34:
КЛЮЧЕВЫЕ РЕКВИЗИТЫ ЗАПИСИ:
  Р[4-3.3-1] (Вид уголовного дела или материала проверки): 1
  Р[4-3.3-2] (Последние две цифры года..): 17
  Р[4-3.3-3] (Уникальный восьмиразрядный код подразделения): 01140002
  Р[4-3.3-4] (Присвоенный при регистрации порядковый номер уголовного дела..): 002000093
<<<ЛОГИЧЕСКИЕ ОШИБКИ>>>
Для раскрытых преступлений Р[1.1-25-1]) необходимо заполнять поле Р[1.1-23]
  Поле Р[1.1-25-1] = 01 
  Поле Р[1.1-23] =   

!!!ОШИБКИ!!! В ЗАПИСИ #40:
КЛЮЧЕВЫЕ РЕКВИЗИТЫ ЗАПИСИ:
  Р[4-3.3-1] (Вид уголовного дела или материала проверки): 1
  Р[4-3.3-2] (Последние две цифры года..): 17
  Р[4-3.3-3] (Уникальный восьмиразрядный код подразделения): 01140018
  Р[4-3.3-4] (Присвоенный при регистрации порядковый номер уголовного дела..): 018000148
<<<ЛОГИЧЕСКИЕ ОШИБКИ>>>
Данное 27.3 - код Р[4-27.3-1] задан,а кол-во Р[4-27.3-2] не задано!
  Поле Р[4-27.3-1] = 0062     
  Поле Р[4-27.3-2] =      

!!!ОШИБКИ!!! В ЗАПИСИ #42:
КЛЮЧЕВЫЕ РЕКВИЗИТЫ ЗАПИСИ:
  Р[4-3.3-1] (Вид уголовного дела или материала проверки): 1
  Р[4-3.3-2] (Последние две цифры года..): 17
  Р[4-3.3-3] (Уникальный восьмиразрядный код подразделения): 01140006
  Р[4-3.3-4] (Присвоенный при регистрации порядковый номер уголовного дела..): 006000495
===ОШИБКИ НСИ===
Поле: Р[1-19] Реализация: 1 Значение: 00701 - Нет суммы разрядов в справочнике 2 - Место совершения преступления

!!!ОШИБКИ!!! В ЗАПИСИ #43:
КЛЮЧЕВЫЕ РЕКВИЗИТЫ ЗАПИСИ:
  Р[4-3.3-1] (Вид уголовного дела или материала проверки): 1
  Р[4-3.3-2] (Последние две цифры года..): 16
  Р[4-3.3-3] (Уникальный восьмиразрядный код подразделения): 00140002
  Р[4-3.3-4] (Присвоенный при регистрации порядковый номер уголовного дела..): 002240448
<<<ЛОГИЧЕСКИЕ ОШИБКИ>>>
квал-ция 158 ч.2 Б и место совершения Р[1-19] квартира-квал-ция д.б.158 ч.3?
  Поле Р[1-13-1] = 158002 
  Поле Р[1-13-2] = Б     
  Поле Р[1-11-2] = 20161117 
  Поле Р[1-19] = 00105 

!!!ОШИБКИ!!! В ЗАПИСИ #46:
КЛЮЧЕВЫЕ РЕКВИЗИТЫ ЗАПИСИ:
  Р[4-3.3-1] (Вид уголовного дела или материала проверки): 1
  Р[4-3.3-2] (Последние две цифры года..): 17
  Р[4-3.3-3] (Уникальный восьмиразрядный код подразделения): 01140019
  Р[4-3.3-4] (Присвоенный при регистрации порядковый номер уголовного дела..): 019000330
===ОШИБКИ НСИ===
Поле: Р[1.1-31] Реализация: 2 Значение: 15 - Нет суммы разрядов в справочнике 181 - Применение криминалистических средств и методов

!!!ОШИБКИ!!! В ЗАПИСИ #50:
КЛЮЧЕВЫЕ РЕКВИЗИТЫ ЗАПИСИ:
  Р[4-3.3-1] (Вид уголовного дела или материала проверки): 1
  Р[4-3.3-2] (Последние две цифры года..): 17
  Р[4-3.3-3] (Уникальный восьмиразрядный код подразделения): 01140025
  Р[4-3.3-4] (Присвоенный при регистрации порядковый номер уголовного дела..): 025000644
<<<ЛОГИЧЕСКИЕ ОШИБКИ>>>
Укажите группу с участием иностранцев в поле Р[1.1-10]
  Поле Р[1.1-6] = 20180131 
  Поле Р[1.1-25-1] = 01 
  Поле Р[1.1-18] = 737  
  Поле Р[1.1-10] = 0410 
===ОШИБКИ НСИ===
Поле: Р[1-35] Реализация: 1 Значение: 009899 - Нет суммы разрядов в справочнике 10 - Должностное положение потерпевшего и лица, совершившего преступление

!!!ОШИБКИ!!! В ЗАПИСИ #51:
КЛЮЧЕВЫЕ РЕКВИЗИТЫ ЗАПИСИ:
  Р[4-3.3-1] (Вид уголовного дела или материала проверки): 1
  Р[4-3.3-2] (Последние две цифры года..): 17
  Р[4-3.3-3] (Уникальный восьмиразрядный код подразделения): 01140025
  Р[4-3.3-4] (Присвоенный при регистрации порядковый номер уголовного дела..): 025000648
<<<ЛОГИЧЕСКИЕ ОШИБКИ>>>
Данное 27 - код Р[4-27-1] задан,а кол-во Р[4-27-2] не задано!
  Поле Р[4-27-1] = 2407         
  Поле Р[4-27-2] =          

!!!ОШИБКИ!!! В ЗАПИСИ #53:
КЛЮЧЕВЫЕ РЕКВИЗИТЫ ЗАПИСИ:
  Р[4-3.3-1] (Вид уголовного дела или материала проверки): 1
  Р[4-3.3-2] (Последние две цифры года..): 17
  Р[4-3.3-3] (Уникальный восьмиразрядный код подразделения): 01140026
  Р[4-3.3-4] (Присвоенный при регистрации порядковый номер уголовного дела..): 026000327
<<<ЛОГИЧЕСКИЕ ОШИБКИ>>>
Дата регистрации заявления Р[1-5-2] > Даты принятия решения Р[1.1-25-2]
  Поле Р[1.1-25-2] = 20170131 
  Поле Р[1-5-2] = 20170927 
Дата принятия решения Р[1.1-25-2] раньше даты возбуждения УД Р[1-11-2]
  Поле Р[1-11-2] = 20170927 
  Поле Р[1.1-25-2] = 20170131 
  Поле Р[1.1-25-2] = 20170131 

ОБРАБОТАНО ЗАПИСЕЙ: 53
<<=ОШИБОК=>> ФОРМАТНЫХ: 3 - ЛОГИЧЕСКИХ: 7 - НСИ: 4
ВЫГРУЖЕНО ЗАПИСЕЙ: 53 В ФАЙЛ FPPL41-201802-1114-2018022814212146714356.bd
<Конец обработки> - 2018-02-28 16:51:54
--------------------------------------------------------------------------------------------------------------

Унифицированный срез "FPPL41-201802-1114" из 53 запис., содержащий 3 зап. с форматными ошибками / 7 зап. с ошибками по ЛУСам / 4 зап. с ошибками по справочникам НЕ загружен в базу данных из-за ошибок. (Дата загрузки: 28.02.2018 года       Время загрузки: 16.52.13       Загрузил: Иванюченко       Статус среза: НЕ загружен из-за ошибок)

